TN:verilator_coverage
SF:/home/matheus/Documentos/random_number_generator-rng-/src/rng_data_path.v
FNF:0
FNH:0
DA:34,277
DA:35,1
DA:36,7
DA:37,137
DA:38,133
DA:47,133
DA:56,60
DA:64,266
DA:66,266
DA:67,266
DA:72,67
DA:73,67
DA:74,10
DA:75,6
DA:76,13
DA:77,6
DA:78,9
DA:79,6
DA:80,13
DA:81,4
DA:82,0
DA:89,68
DA:90,68
DA:91,5
DA:92,10
DA:93,5
DA:94,13
DA:95,6
DA:96,9
DA:97,6
DA:98,14
DA:99,0
DA:106,68
DA:107,68
DA:108,14
DA:109,5
DA:110,10
DA:111,5
DA:112,13
DA:113,6
DA:114,9
DA:115,6
DA:116,0
DA:123,63
DA:124,63
DA:125,5
DA:126,13
DA:127,5
DA:128,9
DA:129,5
DA:130,12
DA:131,5
DA:132,9
DA:133,0
DA:141,278
DA:142,278
DA:143,273
DA:144,5
DA:145,5
DA:148,266
DA:149,266
DA:150,266
DA:153,7
DA:154,7
LF:64
LH:60
end_of_record
TN:verilator_coverage
SF:/home/matheus/Documentos/random_number_generator-rng-/src/rng_data_path_counter.v
FNF:0
FNH:0
DA:34,277
DA:35,1
DA:36,7
DA:37,133
DA:40,133
DA:44,278
DA:45,278
DA:46,273
DA:47,5
DA:50,266
DA:51,266
DA:52,233
DA:53,33
DA:54,33
DA:57,233
DA:58,233
DA:62,7
DA:63,7
LF:18
LH:18
end_of_record
TN:verilator_coverage
SF:/home/matheus/Documentos/random_number_generator-rng-/src/rng_hs_dup_detector.v
FNF:0
FNH:0
DA:14,277
DA:15,1
DA:16,7
DA:17,133
DA:18,0
DA:20,3
DA:21,7
DA:29,3
DA:30,2
DA:31,2
DA:32,1
DA:33,1
DA:34,1
DA:35,0
DA:36,0
DA:39,9
DA:42,7
DA:43,9
DA:44,3
DA:45,4
DA:46,5
DA:47,7
DA:48,6
DA:49,7
DA:50,7
DA:53,7
DA:56,6
DA:59,24
DA:60,24
DA:63,279
DA:64,279
DA:66,183
DA:67,96
DA:68,96
DA:71,183
DA:72,183
DA:76,245
DA:77,34
DA:78,34
DA:81,245
DA:82,245
DA:86,232
DA:87,47
DA:88,47
DA:91,232
DA:92,232
DA:96,229
DA:97,50
DA:98,50
DA:101,229
DA:102,229
DA:106,205
DA:107,74
DA:108,74
DA:111,205
DA:112,205
DA:116,217
DA:117,62
DA:118,62
DA:121,217
DA:122,217
DA:126,208
DA:127,71
DA:128,71
DA:131,208
DA:132,208
DA:136,208
DA:137,71
DA:138,71
DA:141,208
DA:142,208
DA:146,279
DA:150,279
DA:151,279
DA:152,261
DA:153,261
DA:154,261
DA:157,18
DA:158,18
DA:163,278
DA:164,278
DA:165,273
DA:166,5
DA:167,5
DA:168,5
DA:169,5
DA:170,5
DA:171,273
DA:172,273
DA:173,273
DA:174,273
DA:177,273
DA:181,278
DA:182,278
DA:183,273
DA:184,5
DA:186,5
DA:189,249
DA:190,24
DA:191,24
DA:194,249
DA:195,249
DA:200,278
DA:201,278
DA:202,273
DA:203,5
DA:205,5
DA:206,5
DA:207,5
DA:208,5
DA:209,5
DA:210,5
DA:211,5
DA:212,5
DA:215,5
DA:218,5
DA:221,267
DA:222,6
DA:224,6
DA:225,6
DA:226,6
DA:227,6
DA:228,6
DA:229,6
DA:230,6
DA:231,6
DA:234,6
DA:237,6
DA:240,267
DA:242,267
DA:243,267
DA:244,267
DA:245,267
DA:246,267
DA:247,267
DA:248,267
DA:249,267
DA:252,267
DA:255,267
DA:259,1
DA:260,1
DA:261,1
LF:142
LH:139
end_of_record
TN:verilator_coverage
SF:/home/matheus/Documentos/random_number_generator-rng-/src/rng_selector.v
FNF:0
FNH:0
DA:34,277
DA:35,1
DA:36,137
DA:39,137
DA:46,278
DA:47,278
DA:48,273
DA:49,5
DA:50,5
DA:53,273
DA:54,273
DA:58,1
DA:59,1
DA:60,1
LF:14
LH:14
end_of_record
TN:verilator_coverage
SF:/home/matheus/Documentos/random_number_generator-rng-/src/rng_top.v
FNF:0
FNH:0
DA:33,277
DA:35,1
DA:36,0
DA:37,0
DA:38,3
DA:42,137
DA:44,133
DA:46,7
DA:48,7
DA:50,3
LF:10
LH:8
end_of_record
