TN:verilator_coverage
SF:/home/matheus/Documentos/random_number_generator-rng-/src/rng_data_path.v
FNF:0
FNH:0
DA:34,277
DA:35,1
DA:36,1
DA:37,137
DA:38,136
DA:47,136
DA:56,102
DA:64,272
DA:66,272
DA:67,272
DA:72,68
DA:73,68
DA:74,0
DA:75,0
DA:76,0
DA:77,34
DA:78,0
DA:79,0
DA:80,0
DA:81,34
DA:82,0
DA:89,68
DA:90,68
DA:91,34
DA:92,0
DA:93,0
DA:94,0
DA:95,34
DA:96,0
DA:97,0
DA:98,0
DA:99,0
DA:106,68
DA:107,68
DA:108,0
DA:109,34
DA:110,0
DA:111,0
DA:112,0
DA:113,34
DA:114,0
DA:115,0
DA:116,0
DA:123,68
DA:124,68
DA:125,0
DA:126,0
DA:127,34
DA:128,0
DA:129,0
DA:130,0
DA:131,34
DA:132,0
DA:133,0
DA:141,278
DA:142,278
DA:143,273
DA:144,5
DA:145,5
DA:148,272
DA:149,272
DA:150,272
DA:153,1
DA:154,1
LF:64
LH:36
end_of_record
TN:verilator_coverage
SF:/home/matheus/Documentos/random_number_generator-rng-/src/rng_data_path_counter.v
FNF:0
FNH:0
DA:34,277
DA:35,1
DA:36,1
DA:37,136
DA:40,136
DA:44,278
DA:45,278
DA:46,273
DA:47,5
DA:50,272
DA:51,272
DA:52,238
DA:53,34
DA:54,34
DA:57,238
DA:58,238
DA:62,1
DA:63,1
LF:18
LH:18
end_of_record
TN:verilator_coverage
SF:/home/matheus/Documentos/random_number_generator-rng-/src/rng_hs_dup_detector.v
FNF:0
FNH:0
DA:14,277
DA:15,1
DA:16,1
DA:17,136
DA:18,0
DA:20,3
DA:21,1
DA:29,3
DA:30,3
DA:31,2
DA:32,2
DA:33,1
DA:34,1
DA:35,1
DA:36,0
DA:39,9
DA:42,8
DA:43,10
DA:44,3
DA:45,3
DA:46,4
DA:47,5
DA:48,3
DA:49,1
DA:50,3
DA:53,8
DA:56,7
DA:59,24
DA:60,24
DA:63,279
DA:64,279
DA:66,170
DA:67,109
DA:68,109
DA:71,170
DA:72,170
DA:76,251
DA:77,28
DA:78,28
DA:81,251
DA:82,251
DA:86,248
DA:87,31
DA:88,31
DA:91,248
DA:92,248
DA:96,237
DA:97,42
DA:98,42
DA:101,237
DA:102,237
DA:106,228
DA:107,51
DA:108,51
DA:111,228
DA:112,228
DA:116,251
DA:117,28
DA:118,28
DA:121,251
DA:122,251
DA:126,269
DA:127,10
DA:128,10
DA:131,269
DA:132,269
DA:136,250
DA:137,29
DA:138,29
DA:141,250
DA:142,250
DA:146,279
DA:150,279
DA:151,279
DA:152,258
DA:153,258
DA:154,258
DA:157,21
DA:158,21
DA:163,278
DA:164,278
DA:165,273
DA:166,5
DA:167,5
DA:168,5
DA:169,5
DA:170,5
DA:171,273
DA:172,273
DA:173,273
DA:174,273
DA:177,273
DA:181,278
DA:182,278
DA:183,273
DA:184,5
DA:186,5
DA:189,249
DA:190,24
DA:191,24
DA:194,249
DA:195,249
DA:200,278
DA:201,278
DA:202,273
DA:203,5
DA:205,5
DA:206,5
DA:207,5
DA:208,5
DA:209,5
DA:210,5
DA:211,5
DA:212,5
DA:215,5
DA:218,5
DA:221,266
DA:222,7
DA:224,7
DA:225,7
DA:226,7
DA:227,7
DA:228,7
DA:229,7
DA:230,7
DA:231,7
DA:234,7
DA:237,7
DA:240,266
DA:242,266
DA:243,266
DA:244,266
DA:245,266
DA:246,266
DA:247,266
DA:248,266
DA:249,266
DA:252,266
DA:255,266
DA:259,984
DA:260,984
DA:261,984
LF:142
LH:140
end_of_record
TN:verilator_coverage
SF:/home/matheus/Documentos/random_number_generator-rng-/src/rng_selector.v
FNF:0
FNH:0
DA:34,277
DA:35,1
DA:36,137
DA:39,137
DA:46,278
DA:47,278
DA:48,273
DA:49,5
DA:50,5
DA:53,273
DA:54,273
DA:58,1
DA:59,1
DA:60,1
LF:14
LH:14
end_of_record
TN:verilator_coverage
SF:/home/matheus/Documentos/random_number_generator-rng-/src/rng_top.v
FNF:0
FNH:0
DA:33,277
DA:35,1
DA:36,0
DA:37,0
DA:38,3
DA:42,137
DA:44,136
DA:46,1
DA:48,1
DA:50,3
LF:10
LH:8
end_of_record
