TN:verilator_coverage
SF:../UVM/../UVM/testbench.sv
DA:8,277
BRDA:8,0,0,277
BRDA:8,0,1,277
DA:10,1
BRDA:10,0,0,1
BRDA:10,0,1,0
DA:13,0
BRDA:13,0,0,0
BRDA:13,0,1,0
DA:14,0
BRDA:14,0,0,0
BRDA:14,0,1,0
DA:17,3
BRDA:17,0,0,3
BRDA:17,0,1,2
BRDA:17,0,2,1
BRDA:17,0,3,1
BRDA:17,0,4,1
BRDA:17,0,5,1
DA:20,1
DA:63,2
BRDA:63,0,0,0
BRDA:63,0,1,0
BRDA:63,0,2,2
BRDA:63,0,3,0
DA:68,1
DA:69,1
DA:72,1
DA:73,1
DA:74,1
DA:75,1
BRDA:75,0,0,0
BRDA:75,0,1,1
BRDA:75,0,2,0
BRDA:75,0,3,1
DA:76,0
BRDA:76,0,0,0
BRDA:76,0,1,0
BRDA:76,0,2,0
DA:80,1
DA:82,1
DA:83,1
DA:84,1
DA:86,1
BRDA:86,0,0,1
BRDA:86,0,1,0
BRDA:86,0,2,1
DA:87,1
DA:88,1
DA:89,1
BRDA:89,0,0,1
BRDA:89,0,1,0
BRDA:89,0,2,1
DA:92,1
DA:93,1
DA:95,1
DA:96,1
DA:99,1
DA:101,1
DA:103,1
DA:104,1
DA:107,1
DA:108,1
DA:116,277
BRDA:116,0,0,277
BRDA:116,0,1,277
DA:121,0
DA:122,0
DA:123,554
DA:124,554
BRDA:124,0,0,554
BRDA:124,0,1,0
BRDA:124,0,2,0
DA:137,1
DA:138,1
DA:139,1
DA:141,1
DA:142,1
DA:143,1
DA:144,1
DA:146,1
DA:147,1
DA:149,1
DA:151,1
BRF:36
BRH:5
end_of_record
SF:../UVM/../src/rng_data_path.v
DA:34,277
BRDA:34,0,0,277
BRDA:34,0,1,277
DA:35,1
BRDA:35,0,0,1
BRDA:35,0,1,0
DA:36,1
BRDA:36,0,0,1
BRDA:36,0,1,0
DA:37,137
BRDA:37,0,0,137
BRDA:37,0,1,136
BRDA:37,0,2,68
BRDA:37,0,3,68
DA:38,136
BRDA:38,0,0,136
BRDA:38,0,1,136
BRDA:38,0,2,68
BRDA:38,0,3,68
BRDA:38,0,4,34
BRDA:38,0,5,34
DA:47,136
BRDA:47,0,0,136
BRDA:47,0,1,136
BRDA:47,0,2,68
BRDA:47,0,3,68
BRDA:47,0,4,34
BRDA:47,0,5,34
DA:56,102
BRDA:56,0,0,35
BRDA:56,0,1,34
BRDA:56,0,2,102
BRDA:56,0,3,101
BRDA:56,0,4,102
BRDA:56,0,5,102
DA:64,272
DA:66,272
DA:67,272
DA:72,68
DA:73,68
DA:74,0
DA:75,0
DA:76,0
DA:77,34
DA:78,0
DA:79,0
DA:80,0
DA:81,34
DA:82,0
DA:89,68
DA:90,68
DA:91,34
DA:92,0
DA:93,0
DA:94,0
DA:95,34
DA:96,0
DA:97,0
DA:98,0
DA:99,0
DA:106,68
DA:107,68
DA:108,0
DA:109,34
DA:110,0
DA:111,0
DA:112,0
DA:113,34
DA:114,0
DA:115,0
DA:116,0
DA:123,68
DA:124,68
DA:125,0
DA:126,0
DA:127,34
DA:128,0
DA:129,0
DA:130,0
DA:131,34
DA:132,0
DA:133,0
DA:141,278
DA:142,278
DA:143,273
BRDA:143,0,0,5
BRDA:143,0,1,273
BRDA:143,0,2,5
DA:144,5
DA:145,5
DA:148,272
BRDA:148,0,0,1
BRDA:148,0,1,272
DA:149,272
DA:150,272
DA:153,1
DA:154,1
BRF:33
BRH:26
end_of_record
SF:../UVM/../src/rng_data_path_counter.v
DA:34,277
BRDA:34,0,0,277
BRDA:34,0,1,277
DA:35,1
BRDA:35,0,0,1
BRDA:35,0,1,0
DA:36,1
BRDA:36,0,0,1
BRDA:36,0,1,0
DA:37,136
BRDA:37,0,0,136
BRDA:37,0,1,136
BRDA:37,0,2,68
BRDA:37,0,3,68
BRDA:37,0,4,34
BRDA:37,0,5,34
DA:40,136
BRDA:40,0,0,136
BRDA:40,0,1,136
BRDA:40,0,2,68
BRDA:40,0,3,68
BRDA:40,0,4,34
BRDA:40,0,5,34
DA:44,278
DA:45,278
DA:46,273
BRDA:46,0,0,5
BRDA:46,0,1,5
BRDA:46,0,2,273
DA:47,5
DA:50,272
BRDA:50,0,0,1
BRDA:50,0,1,272
DA:51,272
DA:52,238
BRDA:52,0,0,34
BRDA:52,0,1,238
DA:53,34
DA:54,34
DA:57,238
DA:58,238
DA:62,1
DA:63,1
BRF:25
BRH:18
end_of_record
SF:../UVM/../src/rng_hs_dup_detector.v
DA:14,277
BRDA:14,0,0,277
BRDA:14,0,1,277
DA:15,1
BRDA:15,0,0,1
BRDA:15,0,1,0
DA:16,1
BRDA:16,0,0,1
BRDA:16,0,1,0
DA:17,136
BRDA:17,0,0,136
BRDA:17,0,1,136
BRDA:17,0,2,68
BRDA:17,0,3,68
BRDA:17,0,4,34
BRDA:17,0,5,34
DA:18,0
BRDA:18,0,0,0
BRDA:18,0,1,0
DA:20,3
BRDA:20,0,0,3
BRDA:20,0,1,2
BRDA:20,0,2,1
BRDA:20,0,3,1
BRDA:20,0,4,1
BRDA:20,0,5,1
DA:21,1
BRDA:21,0,0,1
BRDA:21,0,1,0
DA:29,3
BRDA:29,0,0,3
BRDA:29,0,1,2
BRDA:29,0,2,1
BRDA:29,0,3,1
BRDA:29,0,4,1
BRDA:29,0,5,1
DA:30,3
BRDA:30,0,0,3
BRDA:30,0,1,2
BRDA:30,0,2,1
BRDA:30,0,3,1
BRDA:30,0,4,1
BRDA:30,0,5,0
DA:31,2
BRDA:31,0,0,2
BRDA:31,0,1,2
BRDA:31,0,2,1
BRDA:31,0,3,1
BRDA:31,0,4,1
BRDA:31,0,5,0
DA:32,2
BRDA:32,0,0,2
BRDA:32,0,1,1
BRDA:32,0,2,1
BRDA:32,0,3,0
BRDA:32,0,4,1
BRDA:32,0,5,0
DA:33,1
BRDA:33,0,0,1
BRDA:33,0,1,1
BRDA:33,0,2,1
BRDA:33,0,3,0
BRDA:33,0,4,1
BRDA:33,0,5,0
DA:34,1
BRDA:34,0,0,1
BRDA:34,0,1,1
BRDA:34,0,2,1
BRDA:34,0,3,0
BRDA:34,0,4,0
BRDA:34,0,5,0
DA:35,1
BRDA:35,0,0,1
BRDA:35,0,1,0
BRDA:35,0,2,1
BRDA:35,0,3,0
BRDA:35,0,4,0
BRDA:35,0,5,0
DA:36,0
BRDA:36,0,0,0
BRDA:36,0,1,0
BRDA:36,0,2,0
BRDA:36,0,3,0
BRDA:36,0,4,0
BRDA:36,0,5,0
DA:39,9
BRDA:39,0,0,9
BRDA:39,0,1,9
BRDA:39,0,2,6
BRDA:39,0,3,5
BRDA:39,0,4,6
BRDA:39,0,5,6
DA:42,8
BRDA:42,0,0,8
BRDA:42,0,1,7
DA:43,10
BRDA:43,0,0,10
BRDA:43,0,1,10
DA:44,3
BRDA:44,0,0,3
BRDA:44,0,1,3
DA:45,3
BRDA:45,0,0,3
BRDA:45,0,1,3
DA:46,4
BRDA:46,0,0,4
BRDA:46,0,1,4
DA:47,5
BRDA:47,0,0,5
BRDA:47,0,1,5
DA:48,3
BRDA:48,0,0,3
BRDA:48,0,1,2
DA:49,1
BRDA:49,0,0,1
BRDA:49,0,1,1
DA:50,3
BRDA:50,0,0,3
BRDA:50,0,1,3
DA:53,8
BRDA:53,0,0,8
BRDA:53,0,1,7
DA:56,7
BRDA:56,0,0,7
BRDA:56,0,1,7
DA:59,24
BRDA:59,0,0,24
BRDA:59,0,1,24
BRDA:59,0,2,24
BRDA:59,0,3,24
BRDA:59,0,4,24
BRDA:59,0,5,24
DA:60,24
BRDA:60,0,0,24
BRDA:60,0,1,24
DA:63,279
DA:64,279
DA:66,170
BRDA:66,0,0,109
BRDA:66,0,1,170
DA:67,109
DA:68,109
DA:71,170
DA:72,170
DA:76,251
BRDA:76,0,0,28
BRDA:76,0,1,251
DA:77,28
DA:78,28
DA:81,251
DA:82,251
DA:86,248
BRDA:86,0,0,31
BRDA:86,0,1,248
DA:87,31
DA:88,31
DA:91,248
DA:92,248
DA:96,237
BRDA:96,0,0,42
BRDA:96,0,1,237
DA:97,42
DA:98,42
DA:101,237
DA:102,237
DA:106,228
BRDA:106,0,0,51
BRDA:106,0,1,228
DA:107,51
DA:108,51
DA:111,228
DA:112,228
DA:116,251
BRDA:116,0,0,28
BRDA:116,0,1,251
DA:117,28
DA:118,28
DA:121,251
DA:122,251
DA:126,269
BRDA:126,0,0,10
BRDA:126,0,1,269
DA:127,10
DA:128,10
DA:131,269
DA:132,269
DA:136,250
BRDA:136,0,0,29
BRDA:136,0,1,250
DA:137,29
DA:138,29
DA:141,250
DA:142,250
DA:146,279
BRDA:146,0,0,21
BRDA:146,0,1,109
BRDA:146,0,2,28
BRDA:146,0,3,31
BRDA:146,0,4,42
BRDA:146,0,5,51
BRDA:146,0,6,28
BRDA:146,0,7,10
BRDA:146,0,8,29
BRDA:146,0,9,279
DA:150,279
DA:151,279
DA:152,258
BRDA:152,0,0,258
BRDA:152,0,1,21
DA:153,258
DA:154,258
DA:157,21
DA:158,21
DA:163,278
DA:164,278
DA:165,273
BRDA:165,0,0,5
BRDA:165,0,1,273
BRDA:165,0,2,5
BRDA:165,0,3,273
DA:166,5
DA:167,5
DA:168,5
DA:169,5
DA:170,5
DA:171,273
DA:172,273
DA:173,273
DA:174,273
DA:177,273
BRDA:177,0,0,273
BRDA:177,0,1,249
BRDA:177,0,2,24
BRDA:177,0,3,24
DA:181,278
DA:182,278
DA:183,273
BRDA:183,0,0,5
BRDA:183,0,1,5
BRDA:183,0,2,273
DA:184,5
DA:186,5
DA:189,249
BRDA:189,0,0,249
BRDA:189,0,1,24
DA:190,24
DA:191,24
DA:194,249
DA:195,249
DA:200,278
DA:201,278
DA:202,273
BRDA:202,0,0,5
BRDA:202,0,1,5
BRDA:202,0,2,273
DA:203,5
DA:205,5
DA:206,5
DA:207,5
DA:208,5
DA:209,5
DA:210,5
DA:211,5
DA:212,5
DA:215,5
DA:218,5
DA:221,266
BRDA:221,0,0,266
BRDA:221,0,1,252
BRDA:221,0,2,7
BRDA:221,0,3,249
BRDA:221,0,4,7
DA:222,7
DA:224,7
DA:225,7
DA:226,7
DA:227,7
DA:228,7
DA:229,7
DA:230,7
DA:231,7
DA:234,7
DA:237,7
DA:240,266
DA:242,266
DA:243,266
DA:244,266
DA:245,266
DA:246,266
DA:247,266
DA:248,266
DA:249,266
DA:252,266
DA:255,266
DA:259,984
DA:260,984
DA:261,984
BRDA:261,0,0,984
BRDA:261,0,1,50
BRDA:261,0,2,913
BRDA:261,0,3,934
BRF:159
BRH:63
end_of_record
SF:../UVM/../src/rng_selector.v
DA:34,277
BRDA:34,0,0,277
BRDA:34,0,1,277
DA:35,1
BRDA:35,0,0,1
BRDA:35,0,1,0
DA:36,137
BRDA:36,0,0,137
BRDA:36,0,1,136
BRDA:36,0,2,68
BRDA:36,0,3,68
DA:39,137
BRDA:39,0,0,137
BRDA:39,0,1,136
BRDA:39,0,2,68
BRDA:39,0,3,68
DA:46,278
DA:47,278
DA:48,273
BRDA:48,0,0,273
BRDA:48,0,1,5
BRDA:48,0,2,273
BRDA:48,0,3,5
DA:49,5
DA:50,5
DA:53,273
DA:54,273
DA:58,1
DA:59,1
DA:60,1
BRF:16
BRH:12
end_of_record
SF:../UVM/../src/rng_top.v
DA:33,277
BRDA:33,0,0,277
BRDA:33,0,1,277
DA:35,1
BRDA:35,0,0,1
BRDA:35,0,1,0
DA:36,0
BRDA:36,0,0,0
BRDA:36,0,1,0
DA:37,0
BRDA:37,0,0,0
BRDA:37,0,1,0
DA:38,3
BRDA:38,0,0,3
BRDA:38,0,1,2
BRDA:38,0,2,1
BRDA:38,0,3,1
BRDA:38,0,4,1
BRDA:38,0,5,1
DA:42,137
BRDA:42,0,0,137
BRDA:42,0,1,136
BRDA:42,0,2,68
BRDA:42,0,3,68
DA:44,136
BRDA:44,0,0,136
BRDA:44,0,1,136
BRDA:44,0,2,68
BRDA:44,0,3,68
BRDA:44,0,4,34
BRDA:44,0,5,34
DA:46,1
BRDA:46,0,0,1
BRDA:46,0,1,0
DA:48,1
BRDA:48,0,0,1
BRDA:48,0,1,0
DA:50,3
BRDA:50,0,0,3
BRDA:50,0,1,2
BRDA:50,0,2,1
BRDA:50,0,3,1
BRDA:50,0,4,1
BRDA:50,0,5,1
BRF:34
BRH:12
end_of_record
SF:../UVM/UVM_agent.sv
DA:5,1
BRDA:5,0,0,0
BRDA:5,0,1,0
BRDA:5,0,2,1
BRDA:5,0,3,0
DA:11,1
DA:12,1
DA:15,1
DA:16,1
DA:18,1
DA:19,1
DA:20,1
DA:23,1
DA:24,1
DA:25,1
BRF:4
BRH:0
end_of_record
SF:../UVM/UVM_driver.sv
DA:15,1
BRDA:15,0,0,0
BRDA:15,0,1,0
BRDA:15,0,2,1
BRDA:15,0,3,0
DA:19,1
DA:20,1
DA:23,1
DA:24,1
DA:26,1
BRDA:26,0,0,0
BRDA:26,0,1,1
BRDA:26,0,2,0
BRDA:26,0,3,1
DA:27,0
BRDA:27,0,0,0
BRDA:27,0,1,0
BRDA:27,0,2,0
DA:31,49
DA:32,49
DA:33,49
DA:37,24
DA:38,24
DA:39,24
DA:41,24
DA:42,24
DA:43,24
DA:44,24
DA:47,24
DA:48,24
DA:53,24
BRDA:53,0,0,24
BRDA:53,0,1,0
BRDA:53,0,2,24
DA:57,24
DA:58,24
DA:59,24
DA:60,24
DA:62,24
DA:63,24
DA:64,24
DA:67,24
DA:68,24
DA:71,24
DA:72,24
DA:73,24
DA:74,24
DA:79,24
BRDA:79,0,0,24
BRDA:79,0,1,0
BRDA:79,0,2,24
DA:82,24
DA:83,24
DA:85,24
DA:86,24
DA:91,24
BRDA:91,0,0,24
BRDA:91,0,1,0
BRDA:91,0,2,24
DA:94,24
DA:95,24
DA:100,24
BRDA:100,0,0,0
BRDA:100,0,1,24
BRDA:100,0,2,24
DA:103,24
DA:106,24
DA:109,24
DA:113,24
BRDA:113,0,0,0
BRDA:113,0,1,24
BRDA:113,0,2,24
DA:115,24
DA:118,0
DA:119,0
DA:121,0
DA:123,0
DA:126,0
DA:127,0
DA:131,1
BRDA:131,0,0,0
BRDA:131,0,1,0
BRDA:131,0,2,1
DA:133,24
DA:134,24
DA:135,24
DA:136,24
BRF:29
BRH:10
end_of_record
SF:../UVM/UVM_env.sv
DA:5,1
BRDA:5,0,0,0
BRDA:5,0,1,0
BRDA:5,0,2,1
BRDA:5,0,3,0
DA:10,1
DA:11,1
DA:14,1
DA:15,1
DA:16,1
DA:17,1
DA:20,1
DA:21,1
DA:22,1
BRF:4
BRH:0
end_of_record
SF:../UVM/UVM_monitor.sv
DA:5,1
BRDA:5,0,0,0
BRDA:5,0,1,0
BRDA:5,0,2,1
BRDA:5,0,3,0
DA:10,1
DA:11,1
DA:12,1
DA:15,1
DA:16,1
DA:17,1
BRDA:17,0,0,0
BRDA:17,0,1,1
BRDA:17,0,2,0
BRDA:17,0,3,1
DA:18,0
BRDA:18,0,0,0
BRDA:18,0,1,0
BRDA:18,0,2,0
DA:22,0
DA:23,0
DA:24,0
DA:26,0
DA:27,0
DA:29,0
DA:31,277
DA:32,277
DA:34,273
BRDA:34,0,0,0
BRDA:34,0,1,0
BRDA:34,0,2,0
BRDA:34,0,3,273
DA:35,0
DA:38,249
BRDA:38,0,0,24
BRDA:38,0,1,249
DA:39,24
DA:40,24
DA:43,24
BRDA:43,0,0,24
BRDA:43,0,1,0
BRDA:43,0,2,24
DA:44,24
DA:45,24
BRF:20
BRH:5
end_of_record
SF:../UVM/UVM_scoreboard.sv
DA:5,1
BRDA:5,0,0,0
BRDA:5,0,1,0
BRDA:5,0,2,1
BRDA:5,0,3,0
DA:30,1
DA:31,1
DA:32,1
DA:35,1
DA:36,1
DA:37,1
DA:38,1
DA:39,1
DA:40,1
DA:41,1
DA:42,1
DA:43,1
DA:46,24
DA:47,24
DA:51,24
BRDA:51,0,0,0
BRDA:51,0,1,0
BRDA:51,0,2,24
BRDA:51,0,3,8
BRDA:51,0,4,16
DA:52,8
DA:53,8
DA:55,8
BRDA:55,0,0,0
BRDA:55,0,1,8
DA:56,0
DA:57,0
DA:60,0
BRDA:60,0,0,0
BRDA:60,0,1,0
BRDA:60,0,2,0
DA:62,8
DA:63,8
DA:66,8
DA:67,8
DA:71,1
DA:72,1
DA:73,1
DA:74,1
DA:75,1
DA:76,1
DA:78,1
DA:80,1
DA:81,8
BRDA:81,0,0,1
BRDA:81,0,1,1
BRDA:81,0,2,0
BRDA:81,0,3,1
BRDA:81,0,4,0
BRDA:81,0,5,8
BRDA:81,0,6,0
DA:82,8
DA:84,1
DA:86,1
DA:87,8
BRDA:87,0,0,1
BRDA:87,0,1,8
DA:88,8
DA:89,8
DA:90,8
DA:91,7
BRDA:91,0,0,7
BRDA:91,0,1,1
DA:92,7
DA:96,1
DA:97,24
BRDA:97,0,0,1
BRDA:97,0,1,24
DA:98,16
BRDA:98,0,0,8
BRDA:98,0,1,16
DA:99,8
DA:101,16
DA:102,16
DA:105,23
BRDA:105,0,0,23
BRDA:105,0,1,1
DA:106,23
DA:110,1
DA:115,1
BRDA:115,0,0,1
BRDA:115,0,1,0
BRDA:115,0,2,1
DA:119,1
BRDA:119,0,0,1
BRDA:119,0,1,0
BRDA:119,0,2,1
DA:123,1
BRDA:123,0,0,0
BRDA:123,0,1,1
BRDA:123,0,2,1
DA:125,1
BRDA:125,0,0,0
BRDA:125,0,1,1
DA:128,0
BRDA:128,0,0,0
BRDA:128,0,1,0
BRDA:128,0,2,0
DA:131,1
BRDA:131,0,0,1
BRDA:131,0,1,0
DA:135,1
BRDA:135,0,0,1
BRDA:135,0,1,0
BRDA:135,0,2,1
BRF:50
BRH:5
end_of_record
SF:../UVM/UVM_seq_item.sv
DA:4,0
DA:5,24
BRDA:5,0,0,0
BRDA:5,0,1,0
BRDA:5,0,2,0
BRDA:5,0,3,24
BRDA:5,0,4,0
BRDA:5,0,5,0
BRDA:5,0,6,0
DA:16,24
BRDA:16,0,0,24
BRDA:16,0,1,0
DA:17,24
DA:20,0
DA:21,0
DA:22,0
BRF:9
BRH:2
end_of_record
SF:../UVM/UVM_sequence.sv
DA:10,1
BRDA:10,0,0,0
BRDA:10,0,1,0
BRDA:10,0,2,0
BRDA:10,0,3,1
BRDA:10,0,4,0
BRDA:10,0,5,0
BRDA:10,0,6,0
DA:12,1
DA:13,1
DA:14,1
DA:16,1
BRDA:16,0,0,0
BRDA:16,0,1,1
DA:17,1
DA:20,1
DA:21,1
DA:22,1
DA:23,1
DA:24,1
DA:25,1
DA:26,1
DA:28,1
BRDA:28,0,0,1
BRDA:28,0,1,1
BRDA:28,0,2,0
DA:29,1
DA:33,1
BRDA:33,0,0,1
BRDA:33,0,1,0
BRDA:33,0,2,1
DA:35,24
BRDA:35,0,0,1
BRDA:35,0,1,24
DA:36,8
DA:37,8
DA:38,8
DA:39,8
DA:41,8
BRDA:41,0,0,8
BRDA:41,0,1,8
DA:42,8
DA:43,8
DA:44,8
DA:46,8
DA:47,8
DA:48,8
DA:49,8
DA:52,24
DA:53,24
DA:55,24
DA:56,24
DA:60,24
DA:61,24
DA:65,24
BRDA:65,0,0,24
BRDA:65,0,1,0
BRDA:65,0,2,24
DA:67,24
BRF:22
BRH:3
end_of_record
SF:../UVM/UVM_sequencer.sv
DA:5,1
BRDA:5,0,0,0
BRDA:5,0,1,0
BRDA:5,0,2,1
BRDA:5,0,3,0
DA:6,1
DA:7,1
BRF:4
BRH:0
end_of_record
SF:/home/matheus/tools/1800.2-2017-1.0/src/base/uvm_barrier.svh
DA:43,0
BRDA:43,0,0,0
BRDA:43,0,1,0
BRDA:43,0,2,0
BRDA:43,0,3,0
BRDA:43,0,4,0
BRDA:43,0,5,0
BRDA:43,0,6,0
DA:50,0
BRDA:50,0,0,0
BRDA:50,0,1,0
BRDA:50,0,2,0
DA:51,0
DA:52,0
DA:53,0
DA:54,0
DA:55,0
DA:56,0
DA:67,0
DA:69,0
BRDA:69,0,0,0
BRDA:69,0,1,0
DA:70,0
DA:72,0
DA:74,0
BRDA:74,0,0,0
BRDA:74,0,1,0
DA:75,0
BRDA:75,0,0,0
BRDA:75,0,1,0
BRDA:75,0,2,0
BRDA:75,0,3,0
DA:76,0
DA:77,0
DA:78,0
DA:81,0
DA:97,0
DA:98,0
DA:99,0
BRDA:99,0,0,0
BRDA:99,0,1,0
DA:100,0
BRDA:100,0,0,0
BRDA:100,0,1,0
DA:101,0
DA:103,0
DA:105,0
DA:121,0
DA:122,0
DA:123,0
DA:141,0
DA:142,0
DA:143,0
BRDA:143,0,0,0
BRDA:143,0,1,0
DA:144,0
DA:153,0
DA:154,0
DA:163,0
DA:164,0
DA:174,0
DA:175,0
DA:176,0
DA:179,0
DA:180,0
DA:181,0
DA:182,0
DA:185,0
DA:186,0
DA:187,0
DA:188,0
DA:189,0
DA:192,0
DA:193,0
DA:194,0
DA:195,0
BRDA:195,0,0,0
BRDA:195,0,1,0
DA:197,0
DA:198,0
DA:199,0
DA:200,0
DA:201,0
BRF:26
BRH:0
end_of_record
SF:/home/matheus/tools/1800.2-2017-1.0/src/base/uvm_bottomup_phase.svh
DA:42,6
DA:43,6
DA:49,450
DA:52,450
DA:53,450
DA:54,450
DA:56,270
BRDA:56,0,0,180
BRDA:56,0,1,270
DA:57,252
DA:58,432
DA:59,432
BRDA:59,0,0,252
BRDA:59,0,1,432
DA:61,450
BRDA:61,0,0,0
BRDA:61,0,1,450
DA:64,0
BRDA:64,0,0,0
BRDA:64,0,1,0
BRDA:64,0,2,0
DA:66,450
BRDA:66,0,0,450
BRDA:66,0,1,0
DA:67,450
DA:68,450
DA:69,150
DA:70,150
DA:71,150
DA:72,150
DA:74,150
DA:75,150
DA:76,150
BRDA:76,0,0,0
BRDA:76,0,1,150
DA:77,0
DA:78,150
DA:80,0
DA:81,0
DA:83,150
DA:84,150
DA:85,150
DA:87,0
DA:88,0
BRDA:88,0,0,0
BRDA:88,0,1,0
BRDA:88,0,2,0
DA:96,150
DA:99,150
DA:100,150
DA:102,150
DA:103,150
BRF:16
BRH:7
end_of_record
SF:/home/matheus/tools/1800.2-2017-1.0/src/base/uvm_callback.svh
DA:51,20
DA:65,1
BRDA:65,0,0,1
BRDA:65,0,1,1
BRDA:65,0,2,1
BRDA:65,0,3,1
BRDA:65,0,4,1
BRDA:65,0,5,1
BRDA:65,0,6,1
BRDA:65,0,7,0
BRDA:65,0,8,1
BRDA:65,0,9,1
BRDA:65,0,10,1
BRDA:65,0,11,1
BRDA:65,0,12,1
BRDA:65,0,13,1
BRDA:65,0,14,1
BRDA:65,0,15,1
BRDA:65,0,16,1
BRDA:65,0,17,1
BRDA:65,0,18,1
BRDA:65,0,19,1
BRDA:65,0,20,1
DA:67,33
BRDA:67,0,0,2
BRDA:67,0,1,1
BRDA:67,0,2,2
BRDA:67,0,3,1
BRDA:67,0,4,2
BRDA:67,0,5,1
BRDA:67,0,6,1
BRDA:67,0,7,0
BRDA:67,0,8,2
BRDA:67,0,9,4
BRDA:67,0,10,2
BRDA:67,0,11,2
BRDA:67,0,12,2
BRDA:67,0,13,2
BRDA:67,0,14,1
BRDA:67,0,15,2
BRDA:67,0,16,1
BRDA:67,0,17,33
BRDA:67,0,18,1
BRDA:67,0,19,2
BRDA:67,0,20,2
DA:68,32
BRDA:68,0,0,1
BRDA:68,0,1,1
BRDA:68,0,2,1
BRDA:68,0,3,1
BRDA:68,0,4,1
BRDA:68,0,5,1
BRDA:68,0,6,1
BRDA:68,0,7,0
BRDA:68,0,8,1
BRDA:68,0,9,1
BRDA:68,0,10,1
BRDA:68,0,11,1
BRDA:68,0,12,1
BRDA:68,0,13,1
BRDA:68,0,14,1
BRDA:68,0,15,1
BRDA:68,0,16,1
BRDA:68,0,17,1
BRDA:68,0,18,1
BRDA:68,0,19,1
BRDA:68,0,20,1
BRDA:68,0,21,1
BRDA:68,0,22,0
BRDA:68,0,23,1
BRDA:68,0,24,0
BRDA:68,0,25,1
BRDA:68,0,26,0
BRDA:68,0,27,0
BRDA:68,0,28,0
BRDA:68,0,29,1
BRDA:68,0,30,3
BRDA:68,0,31,1
BRDA:68,0,32,1
BRDA:68,0,33,1
BRDA:68,0,34,1
BRDA:68,0,35,0
BRDA:68,0,36,1
BRDA:68,0,37,0
BRDA:68,0,38,32
BRDA:68,0,39,0
BRDA:68,0,40,1
BRDA:68,0,41,1
DA:69,1
BRDA:69,0,0,1
BRDA:69,0,1,1
BRDA:69,0,2,1
BRDA:69,0,3,1
BRDA:69,0,4,1
BRDA:69,0,5,1
BRDA:69,0,6,1
BRDA:69,0,7,0
BRDA:69,0,8,1
BRDA:69,0,9,1
BRDA:69,0,10,1
BRDA:69,0,11,1
BRDA:69,0,12,1
BRDA:69,0,13,1
BRDA:69,0,14,1
BRDA:69,0,15,1
BRDA:69,0,16,1
BRDA:69,0,17,1
BRDA:69,0,18,1
BRDA:69,0,19,1
BRDA:69,0,20,1
DA:70,33
BRDA:70,0,0,2
BRDA:70,0,1,1
BRDA:70,0,2,2
BRDA:70,0,3,1
BRDA:70,0,4,2
BRDA:70,0,5,1
BRDA:70,0,6,1
BRDA:70,0,7,0
BRDA:70,0,8,2
BRDA:70,0,9,4
BRDA:70,0,10,2
BRDA:70,0,11,2
BRDA:70,0,12,2
BRDA:70,0,13,2
BRDA:70,0,14,1
BRDA:70,0,15,2
BRDA:70,0,16,1
BRDA:70,0,17,33
BRDA:70,0,18,1
BRDA:70,0,19,2
BRDA:70,0,20,2
DA:91,34
DA:95,1
DA:100,11
DA:101,10
BRDA:101,0,0,1
BRDA:101,0,1,10
DA:102,1
DA:103,1
DA:105,11
DA:113,0
DA:114,0
DA:117,0
DA:118,0
DA:121,0
DA:122,0
DA:125,0
DA:126,0
DA:129,0
DA:132,0
DA:133,0
DA:139,0
DA:140,0
DA:142,0
BRDA:142,0,0,0
BRDA:142,0,1,0
DA:143,0
DA:146,0
BRDA:146,0,0,0
BRDA:146,0,1,0
DA:147,0
BRDA:147,0,0,0
BRDA:147,0,1,0
DA:148,0
DA:150,0
BRDA:150,0,0,0
BRDA:150,0,1,0
DA:151,0
BRDA:151,0,0,0
BRDA:151,0,1,0
DA:152,0
DA:153,0
BRDA:153,0,0,0
BRDA:153,0,1,0
DA:154,0
DA:158,0
DA:179,3
BRDA:179,0,0,3
BRDA:179,0,1,3
BRDA:179,0,2,3
BRDA:179,0,3,3
BRDA:179,0,4,3
BRDA:179,0,5,3
BRDA:179,0,6,3
BRDA:179,0,7,3
BRDA:179,0,8,3
BRDA:179,0,9,3
BRDA:179,0,10,3
DA:191,2
BRDA:191,0,0,2
BRDA:191,0,1,2
BRDA:191,0,2,2
BRDA:191,0,3,2
BRDA:191,0,4,2
BRDA:191,0,5,2
BRDA:191,0,6,2
BRDA:191,0,7,2
BRDA:191,0,8,2
BRDA:191,0,9,2
BRDA:191,0,10,2
DA:192,1
BRDA:192,0,0,1
BRDA:192,0,1,1
BRDA:192,0,2,1
BRDA:192,0,3,1
BRDA:192,0,4,1
BRDA:192,0,5,1
BRDA:192,0,6,1
BRDA:192,0,7,1
BRDA:192,0,8,1
BRDA:192,0,9,1
BRDA:192,0,10,1
BRDA:192,0,11,1
BRDA:192,0,12,1
BRDA:192,0,13,1
BRDA:192,0,14,1
BRDA:192,0,15,1
BRDA:192,0,16,1
BRDA:192,0,17,1
BRDA:192,0,18,1
BRDA:192,0,19,1
BRDA:192,0,20,1
BRDA:192,0,21,1
DA:193,1
BRDA:193,0,0,1
BRDA:193,0,1,1
BRDA:193,0,2,1
BRDA:193,0,3,1
BRDA:193,0,4,1
BRDA:193,0,5,1
BRDA:193,0,6,1
BRDA:193,0,7,1
BRDA:193,0,8,1
BRDA:193,0,9,1
BRDA:193,0,10,1
DA:194,1
BRDA:194,0,0,1
BRDA:194,0,1,1
BRDA:194,0,2,1
BRDA:194,0,3,1
BRDA:194,0,4,1
BRDA:194,0,5,1
BRDA:194,0,6,1
BRDA:194,0,7,1
BRDA:194,0,8,1
BRDA:194,0,9,1
BRDA:194,0,10,1
DA:195,1
BRDA:195,0,0,1
BRDA:195,0,1,1
BRDA:195,0,2,1
BRDA:195,0,3,1
BRDA:195,0,4,1
BRDA:195,0,5,1
BRDA:195,0,6,1
BRDA:195,0,7,1
BRDA:195,0,8,1
BRDA:195,0,9,1
BRDA:195,0,10,1
DA:197,2
BRDA:197,0,0,2
BRDA:197,0,1,2
BRDA:197,0,2,2
BRDA:197,0,3,2
BRDA:197,0,4,2
BRDA:197,0,5,2
BRDA:197,0,6,2
BRDA:197,0,7,2
BRDA:197,0,8,2
BRDA:197,0,9,2
BRDA:197,0,10,2
DA:201,212
BRDA:201,0,0,0
BRDA:201,0,1,212
BRDA:201,0,2,6
BRDA:201,0,3,0
BRDA:201,0,4,0
BRDA:201,0,5,0
BRDA:201,0,6,0
BRDA:201,0,7,0
BRDA:201,0,8,0
BRDA:201,0,9,30
BRDA:201,0,10,0
DA:202,212
BRDA:202,0,0,0
BRDA:202,0,1,212
BRDA:202,0,2,6
BRDA:202,0,3,0
BRDA:202,0,4,0
BRDA:202,0,5,0
BRDA:202,0,6,0
BRDA:202,0,7,0
BRDA:202,0,8,0
BRDA:202,0,9,30
BRDA:202,0,10,0
DA:203,212
BRDA:203,0,0,0
BRDA:203,0,1,0
BRDA:203,0,2,0
BRDA:203,0,3,0
BRDA:203,0,4,0
BRDA:203,0,5,0
BRDA:203,0,6,0
BRDA:203,0,7,0
BRDA:203,0,8,0
BRDA:203,0,9,0
BRDA:203,0,10,0
BRDA:203,0,11,0
BRDA:203,0,12,212
BRDA:203,0,13,6
BRDA:203,0,14,0
BRDA:203,0,15,0
BRDA:203,0,16,0
BRDA:203,0,17,0
BRDA:203,0,18,0
BRDA:203,0,19,0
BRDA:203,0,20,30
BRDA:203,0,21,0
DA:204,0
BRDA:204,0,0,0
BRDA:204,0,1,0
BRDA:204,0,2,0
BRDA:204,0,3,0
BRDA:204,0,4,0
BRDA:204,0,5,0
BRDA:204,0,6,0
BRDA:204,0,7,0
BRDA:204,0,8,0
BRDA:204,0,9,0
BRDA:204,0,10,0
DA:205,212
BRDA:205,0,0,0
BRDA:205,0,1,212
BRDA:205,0,2,6
BRDA:205,0,3,0
BRDA:205,0,4,0
BRDA:205,0,5,0
BRDA:205,0,6,0
BRDA:205,0,7,0
BRDA:205,0,8,0
BRDA:205,0,9,30
BRDA:205,0,10,0
DA:209,212
BRDA:209,0,0,0
BRDA:209,0,1,212
BRDA:209,0,2,6
BRDA:209,0,3,0
BRDA:209,0,4,0
BRDA:209,0,5,0
BRDA:209,0,6,0
BRDA:209,0,7,0
BRDA:209,0,8,0
BRDA:209,0,9,30
BRDA:209,0,10,0
DA:210,0
BRDA:210,0,0,0
BRDA:210,0,1,0
BRDA:210,0,2,0
BRDA:210,0,3,0
BRDA:210,0,4,0
BRDA:210,0,5,0
BRDA:210,0,6,0
BRDA:210,0,7,0
BRDA:210,0,8,0
BRDA:210,0,9,0
BRDA:210,0,10,0
BRDA:210,0,11,0
BRDA:210,0,12,0
BRDA:210,0,13,0
BRDA:210,0,14,0
BRDA:210,0,15,0
BRDA:210,0,16,0
BRDA:210,0,17,0
BRDA:210,0,18,0
BRDA:210,0,19,0
BRDA:210,0,20,0
BRDA:210,0,21,0
DA:211,0
BRDA:211,0,0,0
BRDA:211,0,1,0
BRDA:211,0,2,0
BRDA:211,0,3,0
BRDA:211,0,4,0
BRDA:211,0,5,0
BRDA:211,0,6,0
BRDA:211,0,7,0
BRDA:211,0,8,0
BRDA:211,0,9,0
BRDA:211,0,10,0
BRDA:211,0,11,0
BRDA:211,0,12,0
BRDA:211,0,13,0
BRDA:211,0,14,0
BRDA:211,0,15,0
BRDA:211,0,16,0
BRDA:211,0,17,0
BRDA:211,0,18,0
BRDA:211,0,19,0
BRDA:211,0,20,0
BRDA:211,0,21,0
DA:212,0
BRDA:212,0,0,0
BRDA:212,0,1,0
BRDA:212,0,2,0
BRDA:212,0,3,0
BRDA:212,0,4,0
BRDA:212,0,5,0
BRDA:212,0,6,0
BRDA:212,0,7,0
BRDA:212,0,8,0
BRDA:212,0,9,0
BRDA:212,0,10,0
DA:213,0
BRDA:213,0,0,0
BRDA:213,0,1,0
BRDA:213,0,2,0
BRDA:213,0,3,0
BRDA:213,0,4,0
BRDA:213,0,5,0
BRDA:213,0,6,0
BRDA:213,0,7,0
BRDA:213,0,8,0
BRDA:213,0,9,0
BRDA:213,0,10,0
DA:214,0
BRDA:214,0,0,0
BRDA:214,0,1,0
BRDA:214,0,2,0
BRDA:214,0,3,0
BRDA:214,0,4,0
BRDA:214,0,5,0
BRDA:214,0,6,0
BRDA:214,0,7,0
BRDA:214,0,8,0
BRDA:214,0,9,0
BRDA:214,0,10,0
BRDA:214,0,11,0
BRDA:214,0,12,0
BRDA:214,0,13,0
BRDA:214,0,14,0
BRDA:214,0,15,0
BRDA:214,0,16,0
BRDA:214,0,17,0
BRDA:214,0,18,0
BRDA:214,0,19,0
BRDA:214,0,20,0
BRDA:214,0,21,0
DA:215,0
BRDA:215,0,0,0
BRDA:215,0,1,0
BRDA:215,0,2,0
BRDA:215,0,3,0
BRDA:215,0,4,0
BRDA:215,0,5,0
BRDA:215,0,6,0
BRDA:215,0,7,0
BRDA:215,0,8,0
BRDA:215,0,9,0
BRDA:215,0,10,0
DA:216,0
BRDA:216,0,0,0
BRDA:216,0,1,0
BRDA:216,0,2,0
BRDA:216,0,3,0
BRDA:216,0,4,0
BRDA:216,0,5,0
BRDA:216,0,6,0
BRDA:216,0,7,0
BRDA:216,0,8,0
BRDA:216,0,9,0
BRDA:216,0,10,0
BRDA:216,0,11,0
BRDA:216,0,12,0
BRDA:216,0,13,0
BRDA:216,0,14,0
BRDA:216,0,15,0
BRDA:216,0,16,0
BRDA:216,0,17,0
BRDA:216,0,18,0
BRDA:216,0,19,0
BRDA:216,0,20,0
BRDA:216,0,21,0
DA:217,0
BRDA:217,0,0,0
BRDA:217,0,1,0
BRDA:217,0,2,0
BRDA:217,0,3,0
BRDA:217,0,4,0
BRDA:217,0,5,0
BRDA:217,0,6,0
BRDA:217,0,7,0
BRDA:217,0,8,0
BRDA:217,0,9,0
BRDA:217,0,10,0
DA:220,0
BRDA:220,0,0,0
BRDA:220,0,1,0
BRDA:220,0,2,0
BRDA:220,0,3,0
BRDA:220,0,4,0
BRDA:220,0,5,0
BRDA:220,0,6,0
BRDA:220,0,7,0
BRDA:220,0,8,0
BRDA:220,0,9,0
BRDA:220,0,10,0
DA:223,0
BRDA:223,0,0,0
BRDA:223,0,1,0
BRDA:223,0,2,0
BRDA:223,0,3,0
BRDA:223,0,4,0
BRDA:223,0,5,0
BRDA:223,0,6,0
BRDA:223,0,7,0
BRDA:223,0,8,0
BRDA:223,0,9,0
BRDA:223,0,10,0
DA:226,0
BRDA:226,0,0,0
BRDA:226,0,1,0
BRDA:226,0,2,0
BRDA:226,0,3,0
BRDA:226,0,4,0
BRDA:226,0,5,0
BRDA:226,0,6,0
BRDA:226,0,7,0
BRDA:226,0,8,0
BRDA:226,0,9,0
BRDA:226,0,10,0
DA:227,0
BRDA:227,0,0,0
BRDA:227,0,1,0
BRDA:227,0,2,0
BRDA:227,0,3,0
BRDA:227,0,4,0
BRDA:227,0,5,0
BRDA:227,0,6,0
BRDA:227,0,7,0
BRDA:227,0,8,0
BRDA:227,0,9,0
BRDA:227,0,10,0
BRDA:227,0,11,0
BRDA:227,0,12,0
BRDA:227,0,13,0
BRDA:227,0,14,0
BRDA:227,0,15,0
BRDA:227,0,16,0
BRDA:227,0,17,0
BRDA:227,0,18,0
BRDA:227,0,19,0
BRDA:227,0,20,0
BRDA:227,0,21,0
DA:228,0
BRDA:228,0,0,0
BRDA:228,0,1,0
BRDA:228,0,2,0
BRDA:228,0,3,0
BRDA:228,0,4,0
BRDA:228,0,5,0
BRDA:228,0,6,0
BRDA:228,0,7,0
BRDA:228,0,8,0
BRDA:228,0,9,0
BRDA:228,0,10,0
BRDA:228,0,11,0
BRDA:228,0,12,0
BRDA:228,0,13,0
BRDA:228,0,14,0
BRDA:228,0,15,0
BRDA:228,0,16,0
BRDA:228,0,17,0
BRDA:228,0,18,0
BRDA:228,0,19,0
BRDA:228,0,20,0
BRDA:228,0,21,0
DA:229,0
BRDA:229,0,0,0
BRDA:229,0,1,0
BRDA:229,0,2,0
BRDA:229,0,3,0
BRDA:229,0,4,0
BRDA:229,0,5,0
BRDA:229,0,6,0
BRDA:229,0,7,0
BRDA:229,0,8,0
BRDA:229,0,9,0
BRDA:229,0,10,0
DA:230,0
BRDA:230,0,0,0
BRDA:230,0,1,0
BRDA:230,0,2,0
BRDA:230,0,3,0
BRDA:230,0,4,0
BRDA:230,0,5,0
BRDA:230,0,6,0
BRDA:230,0,7,0
BRDA:230,0,8,0
BRDA:230,0,9,0
BRDA:230,0,10,0
DA:233,0
BRDA:233,0,0,0
BRDA:233,0,1,0
BRDA:233,0,2,0
BRDA:233,0,3,0
BRDA:233,0,4,0
BRDA:233,0,5,0
BRDA:233,0,6,0
BRDA:233,0,7,0
BRDA:233,0,8,0
BRDA:233,0,9,0
BRDA:233,0,10,0
DA:234,0
BRDA:234,0,0,0
BRDA:234,0,1,0
BRDA:234,0,2,0
BRDA:234,0,3,0
BRDA:234,0,4,0
BRDA:234,0,5,0
BRDA:234,0,6,0
BRDA:234,0,7,0
BRDA:234,0,8,0
BRDA:234,0,9,0
BRDA:234,0,10,0
DA:235,0
BRDA:235,0,0,0
BRDA:235,0,1,0
BRDA:235,0,2,0
BRDA:235,0,3,0
BRDA:235,0,4,0
BRDA:235,0,5,0
BRDA:235,0,6,0
BRDA:235,0,7,0
BRDA:235,0,8,0
BRDA:235,0,9,0
BRDA:235,0,10,0
BRDA:235,0,11,0
BRDA:235,0,12,0
BRDA:235,0,13,0
BRDA:235,0,14,0
BRDA:235,0,15,0
BRDA:235,0,16,0
BRDA:235,0,17,0
BRDA:235,0,18,0
BRDA:235,0,19,0
BRDA:235,0,20,0
BRDA:235,0,21,0
DA:236,0
BRDA:236,0,0,0
BRDA:236,0,1,0
BRDA:236,0,2,0
BRDA:236,0,3,0
BRDA:236,0,4,0
BRDA:236,0,5,0
BRDA:236,0,6,0
BRDA:236,0,7,0
BRDA:236,0,8,0
BRDA:236,0,9,0
BRDA:236,0,10,0
DA:237,0
BRDA:237,0,0,0
BRDA:237,0,1,0
BRDA:237,0,2,0
BRDA:237,0,3,0
BRDA:237,0,4,0
BRDA:237,0,5,0
BRDA:237,0,6,0
BRDA:237,0,7,0
BRDA:237,0,8,0
BRDA:237,0,9,0
BRDA:237,0,10,0
BRDA:237,0,11,0
BRDA:237,0,12,0
BRDA:237,0,13,0
BRDA:237,0,14,0
BRDA:237,0,15,0
BRDA:237,0,16,0
BRDA:237,0,17,0
BRDA:237,0,18,0
BRDA:237,0,19,0
BRDA:237,0,20,0
BRDA:237,0,21,0
DA:239,0
BRDA:239,0,0,0
BRDA:239,0,1,0
BRDA:239,0,2,0
BRDA:239,0,3,0
BRDA:239,0,4,0
BRDA:239,0,5,0
BRDA:239,0,6,0
BRDA:239,0,7,0
BRDA:239,0,8,0
BRDA:239,0,9,0
BRDA:239,0,10,0
BRDA:239,0,11,0
BRDA:239,0,12,0
BRDA:239,0,13,0
BRDA:239,0,14,0
BRDA:239,0,15,0
BRDA:239,0,16,0
BRDA:239,0,17,0
BRDA:239,0,18,0
BRDA:239,0,19,0
BRDA:239,0,20,0
BRDA:239,0,21,0
BRDA:239,0,22,0
BRDA:239,0,23,0
BRDA:239,0,24,0
BRDA:239,0,25,0
BRDA:239,0,26,0
BRDA:239,0,27,0
BRDA:239,0,28,0
BRDA:239,0,29,0
BRDA:239,0,30,0
BRDA:239,0,31,0
BRDA:239,0,32,0
DA:240,0
BRDA:240,0,0,0
BRDA:240,0,1,0
BRDA:240,0,2,0
BRDA:240,0,3,0
BRDA:240,0,4,0
BRDA:240,0,5,0
BRDA:240,0,6,0
BRDA:240,0,7,0
BRDA:240,0,8,0
BRDA:240,0,9,0
BRDA:240,0,10,0
DA:243,0
BRDA:243,0,0,0
BRDA:243,0,1,0
BRDA:243,0,2,0
BRDA:243,0,3,0
BRDA:243,0,4,0
BRDA:243,0,5,0
BRDA:243,0,6,0
BRDA:243,0,7,0
BRDA:243,0,8,0
BRDA:243,0,9,0
BRDA:243,0,10,0
DA:247,0
BRDA:247,0,0,0
BRDA:247,0,1,0
BRDA:247,0,2,0
BRDA:247,0,3,0
BRDA:247,0,4,0
BRDA:247,0,5,0
BRDA:247,0,6,0
BRDA:247,0,7,0
BRDA:247,0,8,0
BRDA:247,0,9,0
BRDA:247,0,10,0
DA:248,0
BRDA:248,0,0,0
BRDA:248,0,1,0
BRDA:248,0,2,0
BRDA:248,0,3,0
BRDA:248,0,4,0
BRDA:248,0,5,0
BRDA:248,0,6,0
BRDA:248,0,7,0
BRDA:248,0,8,0
BRDA:248,0,9,0
BRDA:248,0,10,0
DA:249,0
BRDA:249,0,0,0
BRDA:249,0,1,0
BRDA:249,0,2,0
BRDA:249,0,3,0
BRDA:249,0,4,0
BRDA:249,0,5,0
BRDA:249,0,6,0
BRDA:249,0,7,0
BRDA:249,0,8,0
BRDA:249,0,9,0
BRDA:249,0,10,0
DA:250,0
BRDA:250,0,0,0
BRDA:250,0,1,0
BRDA:250,0,2,0
BRDA:250,0,3,0
BRDA:250,0,4,0
BRDA:250,0,5,0
BRDA:250,0,6,0
BRDA:250,0,7,0
BRDA:250,0,8,0
BRDA:250,0,9,0
BRDA:250,0,10,0
DA:251,0
BRDA:251,0,0,0
BRDA:251,0,1,0
BRDA:251,0,2,0
BRDA:251,0,3,0
BRDA:251,0,4,0
BRDA:251,0,5,0
BRDA:251,0,6,0
BRDA:251,0,7,0
BRDA:251,0,8,0
BRDA:251,0,9,0
BRDA:251,0,10,0
DA:252,0
BRDA:252,0,0,0
BRDA:252,0,1,0
BRDA:252,0,2,0
BRDA:252,0,3,0
BRDA:252,0,4,0
BRDA:252,0,5,0
BRDA:252,0,6,0
BRDA:252,0,7,0
BRDA:252,0,8,0
BRDA:252,0,9,0
BRDA:252,0,10,0
DA:253,0
BRDA:253,0,0,0
BRDA:253,0,1,0
BRDA:253,0,2,0
BRDA:253,0,3,0
BRDA:253,0,4,0
BRDA:253,0,5,0
BRDA:253,0,6,0
BRDA:253,0,7,0
BRDA:253,0,8,0
BRDA:253,0,9,0
BRDA:253,0,10,0
BRDA:253,0,11,0
BRDA:253,0,12,0
BRDA:253,0,13,0
BRDA:253,0,14,0
BRDA:253,0,15,0
BRDA:253,0,16,0
BRDA:253,0,17,0
BRDA:253,0,18,0
BRDA:253,0,19,0
BRDA:253,0,20,0
BRDA:253,0,21,0
DA:254,0
BRDA:254,0,0,0
BRDA:254,0,1,0
BRDA:254,0,2,0
BRDA:254,0,3,0
BRDA:254,0,4,0
BRDA:254,0,5,0
BRDA:254,0,6,0
BRDA:254,0,7,0
BRDA:254,0,8,0
BRDA:254,0,9,0
BRDA:254,0,10,0
DA:255,0
BRDA:255,0,0,0
BRDA:255,0,1,0
BRDA:255,0,2,0
BRDA:255,0,3,0
BRDA:255,0,4,0
BRDA:255,0,5,0
BRDA:255,0,6,0
BRDA:255,0,7,0
BRDA:255,0,8,0
BRDA:255,0,9,0
BRDA:255,0,10,0
BRDA:255,0,11,0
BRDA:255,0,12,0
BRDA:255,0,13,0
BRDA:255,0,14,0
BRDA:255,0,15,0
BRDA:255,0,16,0
BRDA:255,0,17,0
BRDA:255,0,18,0
BRDA:255,0,19,0
BRDA:255,0,20,0
BRDA:255,0,21,0
DA:256,0
BRDA:256,0,0,0
BRDA:256,0,1,0
BRDA:256,0,2,0
BRDA:256,0,3,0
BRDA:256,0,4,0
BRDA:256,0,5,0
BRDA:256,0,6,0
BRDA:256,0,7,0
BRDA:256,0,8,0
BRDA:256,0,9,0
BRDA:256,0,10,0
DA:258,0
BRDA:258,0,0,0
BRDA:258,0,1,0
BRDA:258,0,2,0
BRDA:258,0,3,0
BRDA:258,0,4,0
BRDA:258,0,5,0
BRDA:258,0,6,0
BRDA:258,0,7,0
BRDA:258,0,8,0
BRDA:258,0,9,0
BRDA:258,0,10,0
DA:260,0
BRDA:260,0,0,0
BRDA:260,0,1,0
BRDA:260,0,2,0
BRDA:260,0,3,0
BRDA:260,0,4,0
BRDA:260,0,5,0
BRDA:260,0,6,0
BRDA:260,0,7,0
BRDA:260,0,8,0
BRDA:260,0,9,0
BRDA:260,0,10,0
BRDA:260,0,11,0
BRDA:260,0,12,0
BRDA:260,0,13,0
BRDA:260,0,14,0
BRDA:260,0,15,0
BRDA:260,0,16,0
BRDA:260,0,17,0
BRDA:260,0,18,0
BRDA:260,0,19,0
BRDA:260,0,20,0
BRDA:260,0,21,0
DA:261,0
BRDA:261,0,0,0
BRDA:261,0,1,0
BRDA:261,0,2,0
BRDA:261,0,3,0
BRDA:261,0,4,0
BRDA:261,0,5,0
BRDA:261,0,6,0
BRDA:261,0,7,0
BRDA:261,0,8,0
BRDA:261,0,9,0
BRDA:261,0,10,0
BRDA:261,0,11,0
BRDA:261,0,12,0
BRDA:261,0,13,0
BRDA:261,0,14,0
BRDA:261,0,15,0
BRDA:261,0,16,0
BRDA:261,0,17,0
BRDA:261,0,18,0
BRDA:261,0,19,0
BRDA:261,0,20,0
BRDA:261,0,21,0
DA:262,0
BRDA:262,0,0,0
BRDA:262,0,1,0
BRDA:262,0,2,0
BRDA:262,0,3,0
BRDA:262,0,4,0
BRDA:262,0,5,0
BRDA:262,0,6,0
BRDA:262,0,7,0
BRDA:262,0,8,0
BRDA:262,0,9,0
BRDA:262,0,10,0
BRDA:262,0,11,0
BRDA:262,0,12,0
BRDA:262,0,13,0
BRDA:262,0,14,0
BRDA:262,0,15,0
BRDA:262,0,16,0
BRDA:262,0,17,0
BRDA:262,0,18,0
BRDA:262,0,19,0
BRDA:262,0,20,0
BRDA:262,0,21,0
DA:263,0
BRDA:263,0,0,0
BRDA:263,0,1,0
BRDA:263,0,2,0
BRDA:263,0,3,0
BRDA:263,0,4,0
BRDA:263,0,5,0
BRDA:263,0,6,0
BRDA:263,0,7,0
BRDA:263,0,8,0
BRDA:263,0,9,0
BRDA:263,0,10,0
DA:264,0
BRDA:264,0,0,0
BRDA:264,0,1,0
BRDA:264,0,2,0
BRDA:264,0,3,0
BRDA:264,0,4,0
BRDA:264,0,5,0
BRDA:264,0,6,0
BRDA:264,0,7,0
BRDA:264,0,8,0
BRDA:264,0,9,0
BRDA:264,0,10,0
BRDA:264,0,11,0
BRDA:264,0,12,0
BRDA:264,0,13,0
BRDA:264,0,14,0
BRDA:264,0,15,0
BRDA:264,0,16,0
BRDA:264,0,17,0
BRDA:264,0,18,0
BRDA:264,0,19,0
BRDA:264,0,20,0
BRDA:264,0,21,0
DA:265,0
BRDA:265,0,0,0
BRDA:265,0,1,0
BRDA:265,0,2,0
BRDA:265,0,3,0
BRDA:265,0,4,0
BRDA:265,0,5,0
BRDA:265,0,6,0
BRDA:265,0,7,0
BRDA:265,0,8,0
BRDA:265,0,9,0
BRDA:265,0,10,0
DA:266,0
BRDA:266,0,0,0
BRDA:266,0,1,0
BRDA:266,0,2,0
BRDA:266,0,3,0
BRDA:266,0,4,0
BRDA:266,0,5,0
BRDA:266,0,6,0
BRDA:266,0,7,0
BRDA:266,0,8,0
BRDA:266,0,9,0
BRDA:266,0,10,0
DA:268,0
BRDA:268,0,0,0
BRDA:268,0,1,0
BRDA:268,0,2,0
BRDA:268,0,3,0
BRDA:268,0,4,0
BRDA:268,0,5,0
BRDA:268,0,6,0
BRDA:268,0,7,0
BRDA:268,0,8,0
BRDA:268,0,9,0
BRDA:268,0,10,0
BRDA:268,0,11,0
BRDA:268,0,12,0
BRDA:268,0,13,0
BRDA:268,0,14,0
BRDA:268,0,15,0
BRDA:268,0,16,0
BRDA:268,0,17,0
BRDA:268,0,18,0
BRDA:268,0,19,0
BRDA:268,0,20,0
BRDA:268,0,21,0
DA:269,0
BRDA:269,0,0,0
BRDA:269,0,1,0
BRDA:269,0,2,0
BRDA:269,0,3,0
BRDA:269,0,4,0
BRDA:269,0,5,0
BRDA:269,0,6,0
BRDA:269,0,7,0
BRDA:269,0,8,0
BRDA:269,0,9,0
BRDA:269,0,10,0
BRDA:269,0,11,0
BRDA:269,0,12,0
BRDA:269,0,13,0
BRDA:269,0,14,0
BRDA:269,0,15,0
BRDA:269,0,16,0
BRDA:269,0,17,0
BRDA:269,0,18,0
BRDA:269,0,19,0
BRDA:269,0,20,0
BRDA:269,0,21,0
BRDA:269,0,22,0
BRDA:269,0,23,0
BRDA:269,0,24,0
BRDA:269,0,25,0
BRDA:269,0,26,0
BRDA:269,0,27,0
BRDA:269,0,28,0
BRDA:269,0,29,0
BRDA:269,0,30,0
BRDA:269,0,31,0
BRDA:269,0,32,0
BRDA:269,0,33,0
BRDA:269,0,34,0
BRDA:269,0,35,0
BRDA:269,0,36,0
BRDA:269,0,37,0
BRDA:269,0,38,0
BRDA:269,0,39,0
BRDA:269,0,40,0
BRDA:269,0,41,0
BRDA:269,0,42,0
BRDA:269,0,43,0
DA:270,0
BRDA:270,0,0,0
BRDA:270,0,1,0
BRDA:270,0,2,0
BRDA:270,0,3,0
BRDA:270,0,4,0
BRDA:270,0,5,0
BRDA:270,0,6,0
BRDA:270,0,7,0
BRDA:270,0,8,0
BRDA:270,0,9,0
BRDA:270,0,10,0
DA:272,0
BRDA:272,0,0,0
BRDA:272,0,1,0
BRDA:272,0,2,0
BRDA:272,0,3,0
BRDA:272,0,4,0
BRDA:272,0,5,0
BRDA:272,0,6,0
BRDA:272,0,7,0
BRDA:272,0,8,0
BRDA:272,0,9,0
BRDA:272,0,10,0
BRDA:272,0,11,0
BRDA:272,0,12,0
BRDA:272,0,13,0
BRDA:272,0,14,0
BRDA:272,0,15,0
BRDA:272,0,16,0
BRDA:272,0,17,0
BRDA:272,0,18,0
BRDA:272,0,19,0
BRDA:272,0,20,0
BRDA:272,0,21,0
DA:273,0
BRDA:273,0,0,0
BRDA:273,0,1,0
BRDA:273,0,2,0
BRDA:273,0,3,0
BRDA:273,0,4,0
BRDA:273,0,5,0
BRDA:273,0,6,0
BRDA:273,0,7,0
BRDA:273,0,8,0
BRDA:273,0,9,0
BRDA:273,0,10,0
DA:275,0
BRDA:275,0,0,0
BRDA:275,0,1,0
BRDA:275,0,2,0
BRDA:275,0,3,0
BRDA:275,0,4,0
BRDA:275,0,5,0
BRDA:275,0,6,0
BRDA:275,0,7,0
BRDA:275,0,8,0
BRDA:275,0,9,0
BRDA:275,0,10,0
DA:278,0
BRDA:278,0,0,0
BRDA:278,0,1,0
BRDA:278,0,2,0
BRDA:278,0,3,0
BRDA:278,0,4,0
BRDA:278,0,5,0
BRDA:278,0,6,0
BRDA:278,0,7,0
BRDA:278,0,8,0
BRDA:278,0,9,0
BRDA:278,0,10,0
BRDA:278,0,11,0
BRDA:278,0,12,0
BRDA:278,0,13,0
BRDA:278,0,14,0
BRDA:278,0,15,0
BRDA:278,0,16,0
BRDA:278,0,17,0
BRDA:278,0,18,0
BRDA:278,0,19,0
BRDA:278,0,20,0
BRDA:278,0,21,0
DA:280,0
BRDA:280,0,0,0
BRDA:280,0,1,0
BRDA:280,0,2,0
BRDA:280,0,3,0
BRDA:280,0,4,0
BRDA:280,0,5,0
BRDA:280,0,6,0
BRDA:280,0,7,0
BRDA:280,0,8,0
BRDA:280,0,9,0
BRDA:280,0,10,0
BRDA:280,0,11,0
BRDA:280,0,12,0
BRDA:280,0,13,0
BRDA:280,0,14,0
BRDA:280,0,15,0
BRDA:280,0,16,0
BRDA:280,0,17,0
BRDA:280,0,18,0
BRDA:280,0,19,0
BRDA:280,0,20,0
BRDA:280,0,21,0
DA:281,0
BRDA:281,0,0,0
BRDA:281,0,1,0
BRDA:281,0,2,0
BRDA:281,0,3,0
BRDA:281,0,4,0
BRDA:281,0,5,0
BRDA:281,0,6,0
BRDA:281,0,7,0
BRDA:281,0,8,0
BRDA:281,0,9,0
BRDA:281,0,10,0
DA:282,0
BRDA:282,0,0,0
BRDA:282,0,1,0
BRDA:282,0,2,0
BRDA:282,0,3,0
BRDA:282,0,4,0
BRDA:282,0,5,0
BRDA:282,0,6,0
BRDA:282,0,7,0
BRDA:282,0,8,0
BRDA:282,0,9,0
BRDA:282,0,10,0
BRDA:282,0,11,0
BRDA:282,0,12,0
BRDA:282,0,13,0
BRDA:282,0,14,0
BRDA:282,0,15,0
BRDA:282,0,16,0
BRDA:282,0,17,0
BRDA:282,0,18,0
BRDA:282,0,19,0
BRDA:282,0,20,0
BRDA:282,0,21,0
DA:283,0
BRDA:283,0,0,0
BRDA:283,0,1,0
BRDA:283,0,2,0
BRDA:283,0,3,0
BRDA:283,0,4,0
BRDA:283,0,5,0
BRDA:283,0,6,0
BRDA:283,0,7,0
BRDA:283,0,8,0
BRDA:283,0,9,0
BRDA:283,0,10,0
DA:289,0
BRDA:289,0,0,0
BRDA:289,0,1,0
BRDA:289,0,2,0
BRDA:289,0,3,0
BRDA:289,0,4,0
BRDA:289,0,5,0
BRDA:289,0,6,0
BRDA:289,0,7,0
BRDA:289,0,8,0
BRDA:289,0,9,0
BRDA:289,0,10,0
DA:290,0
BRDA:290,0,0,0
BRDA:290,0,1,0
BRDA:290,0,2,0
BRDA:290,0,3,0
BRDA:290,0,4,0
BRDA:290,0,5,0
BRDA:290,0,6,0
BRDA:290,0,7,0
BRDA:290,0,8,0
BRDA:290,0,9,0
BRDA:290,0,10,0
DA:291,0
BRDA:291,0,0,0
BRDA:291,0,1,0
BRDA:291,0,2,0
BRDA:291,0,3,0
BRDA:291,0,4,0
BRDA:291,0,5,0
BRDA:291,0,6,0
BRDA:291,0,7,0
BRDA:291,0,8,0
BRDA:291,0,9,0
BRDA:291,0,10,0
DA:292,0
BRDA:292,0,0,0
BRDA:292,0,1,0
BRDA:292,0,2,0
BRDA:292,0,3,0
BRDA:292,0,4,0
BRDA:292,0,5,0
BRDA:292,0,6,0
BRDA:292,0,7,0
BRDA:292,0,8,0
BRDA:292,0,9,0
BRDA:292,0,10,0
DA:293,0
BRDA:293,0,0,0
BRDA:293,0,1,0
BRDA:293,0,2,0
BRDA:293,0,3,0
BRDA:293,0,4,0
BRDA:293,0,5,0
BRDA:293,0,6,0
BRDA:293,0,7,0
BRDA:293,0,8,0
BRDA:293,0,9,0
BRDA:293,0,10,0
DA:295,0
BRDA:295,0,0,0
BRDA:295,0,1,0
BRDA:295,0,2,0
BRDA:295,0,3,0
BRDA:295,0,4,0
BRDA:295,0,5,0
BRDA:295,0,6,0
BRDA:295,0,7,0
BRDA:295,0,8,0
BRDA:295,0,9,0
BRDA:295,0,10,0
BRDA:295,0,11,0
BRDA:295,0,12,0
BRDA:295,0,13,0
BRDA:295,0,14,0
BRDA:295,0,15,0
BRDA:295,0,16,0
BRDA:295,0,17,0
BRDA:295,0,18,0
BRDA:295,0,19,0
BRDA:295,0,20,0
BRDA:295,0,21,0
DA:296,0
BRDA:296,0,0,0
BRDA:296,0,1,0
BRDA:296,0,2,0
BRDA:296,0,3,0
BRDA:296,0,4,0
BRDA:296,0,5,0
BRDA:296,0,6,0
BRDA:296,0,7,0
BRDA:296,0,8,0
BRDA:296,0,9,0
BRDA:296,0,10,0
DA:297,0
BRDA:297,0,0,0
BRDA:297,0,1,0
BRDA:297,0,2,0
BRDA:297,0,3,0
BRDA:297,0,4,0
BRDA:297,0,5,0
BRDA:297,0,6,0
BRDA:297,0,7,0
BRDA:297,0,8,0
BRDA:297,0,9,0
BRDA:297,0,10,0
DA:300,0
BRDA:300,0,0,0
BRDA:300,0,1,0
BRDA:300,0,2,0
BRDA:300,0,3,0
BRDA:300,0,4,0
BRDA:300,0,5,0
BRDA:300,0,6,0
BRDA:300,0,7,0
BRDA:300,0,8,0
BRDA:300,0,9,0
BRDA:300,0,10,0
BRDA:300,0,11,0
BRDA:300,0,12,0
BRDA:300,0,13,0
BRDA:300,0,14,0
BRDA:300,0,15,0
BRDA:300,0,16,0
BRDA:300,0,17,0
BRDA:300,0,18,0
BRDA:300,0,19,0
BRDA:300,0,20,0
BRDA:300,0,21,0
DA:301,0
BRDA:301,0,0,0
BRDA:301,0,1,0
BRDA:301,0,2,0
BRDA:301,0,3,0
BRDA:301,0,4,0
BRDA:301,0,5,0
BRDA:301,0,6,0
BRDA:301,0,7,0
BRDA:301,0,8,0
BRDA:301,0,9,0
BRDA:301,0,10,0
BRDA:301,0,11,0
BRDA:301,0,12,0
BRDA:301,0,13,0
BRDA:301,0,14,0
BRDA:301,0,15,0
BRDA:301,0,16,0
BRDA:301,0,17,0
BRDA:301,0,18,0
BRDA:301,0,19,0
BRDA:301,0,20,0
BRDA:301,0,21,0
DA:302,0
BRDA:302,0,0,0
BRDA:302,0,1,0
BRDA:302,0,2,0
BRDA:302,0,3,0
BRDA:302,0,4,0
BRDA:302,0,5,0
BRDA:302,0,6,0
BRDA:302,0,7,0
BRDA:302,0,8,0
BRDA:302,0,9,0
BRDA:302,0,10,0
DA:303,0
BRDA:303,0,0,0
BRDA:303,0,1,0
BRDA:303,0,2,0
BRDA:303,0,3,0
BRDA:303,0,4,0
BRDA:303,0,5,0
BRDA:303,0,6,0
BRDA:303,0,7,0
BRDA:303,0,8,0
BRDA:303,0,9,0
BRDA:303,0,10,0
BRDA:303,0,11,0
BRDA:303,0,12,0
BRDA:303,0,13,0
BRDA:303,0,14,0
BRDA:303,0,15,0
BRDA:303,0,16,0
BRDA:303,0,17,0
BRDA:303,0,18,0
BRDA:303,0,19,0
BRDA:303,0,20,0
BRDA:303,0,21,0
DA:304,0
BRDA:304,0,0,0
BRDA:304,0,1,0
BRDA:304,0,2,0
BRDA:304,0,3,0
BRDA:304,0,4,0
BRDA:304,0,5,0
BRDA:304,0,6,0
BRDA:304,0,7,0
BRDA:304,0,8,0
BRDA:304,0,9,0
BRDA:304,0,10,0
DA:305,0
BRDA:305,0,0,0
BRDA:305,0,1,0
BRDA:305,0,2,0
BRDA:305,0,3,0
BRDA:305,0,4,0
BRDA:305,0,5,0
BRDA:305,0,6,0
BRDA:305,0,7,0
BRDA:305,0,8,0
BRDA:305,0,9,0
BRDA:305,0,10,0
DA:307,0
BRDA:307,0,0,0
BRDA:307,0,1,0
BRDA:307,0,2,0
BRDA:307,0,3,0
BRDA:307,0,4,0
BRDA:307,0,5,0
BRDA:307,0,6,0
BRDA:307,0,7,0
BRDA:307,0,8,0
BRDA:307,0,9,0
BRDA:307,0,10,0
DA:308,0
BRDA:308,0,0,0
BRDA:308,0,1,0
BRDA:308,0,2,0
BRDA:308,0,3,0
BRDA:308,0,4,0
BRDA:308,0,5,0
BRDA:308,0,6,0
BRDA:308,0,7,0
BRDA:308,0,8,0
BRDA:308,0,9,0
BRDA:308,0,10,0
BRDA:308,0,11,0
BRDA:308,0,12,0
BRDA:308,0,13,0
BRDA:308,0,14,0
BRDA:308,0,15,0
BRDA:308,0,16,0
BRDA:308,0,17,0
BRDA:308,0,18,0
BRDA:308,0,19,0
BRDA:308,0,20,0
BRDA:308,0,21,0
DA:309,0
BRDA:309,0,0,0
BRDA:309,0,1,0
BRDA:309,0,2,0
BRDA:309,0,3,0
BRDA:309,0,4,0
BRDA:309,0,5,0
BRDA:309,0,6,0
BRDA:309,0,7,0
BRDA:309,0,8,0
BRDA:309,0,9,0
BRDA:309,0,10,0
DA:310,0
BRDA:310,0,0,0
BRDA:310,0,1,0
BRDA:310,0,2,0
BRDA:310,0,3,0
BRDA:310,0,4,0
BRDA:310,0,5,0
BRDA:310,0,6,0
BRDA:310,0,7,0
BRDA:310,0,8,0
BRDA:310,0,9,0
BRDA:310,0,10,0
DA:312,0
BRDA:312,0,0,0
BRDA:312,0,1,0
BRDA:312,0,2,0
BRDA:312,0,3,0
BRDA:312,0,4,0
BRDA:312,0,5,0
BRDA:312,0,6,0
BRDA:312,0,7,0
BRDA:312,0,8,0
BRDA:312,0,9,0
BRDA:312,0,10,0
BRDA:312,0,11,0
BRDA:312,0,12,0
BRDA:312,0,13,0
BRDA:312,0,14,0
BRDA:312,0,15,0
BRDA:312,0,16,0
BRDA:312,0,17,0
BRDA:312,0,18,0
BRDA:312,0,19,0
BRDA:312,0,20,0
BRDA:312,0,21,0
DA:314,0
BRDA:314,0,0,0
BRDA:314,0,1,0
BRDA:314,0,2,0
BRDA:314,0,3,0
BRDA:314,0,4,0
BRDA:314,0,5,0
BRDA:314,0,6,0
BRDA:314,0,7,0
BRDA:314,0,8,0
BRDA:314,0,9,0
BRDA:314,0,10,0
BRDA:314,0,11,0
BRDA:314,0,12,0
BRDA:314,0,13,0
BRDA:314,0,14,0
BRDA:314,0,15,0
BRDA:314,0,16,0
BRDA:314,0,17,0
BRDA:314,0,18,0
BRDA:314,0,19,0
BRDA:314,0,20,0
BRDA:314,0,21,0
DA:315,0
BRDA:315,0,0,0
BRDA:315,0,1,0
BRDA:315,0,2,0
BRDA:315,0,3,0
BRDA:315,0,4,0
BRDA:315,0,5,0
BRDA:315,0,6,0
BRDA:315,0,7,0
BRDA:315,0,8,0
BRDA:315,0,9,0
BRDA:315,0,10,0
DA:316,0
BRDA:316,0,0,0
BRDA:316,0,1,0
BRDA:316,0,2,0
BRDA:316,0,3,0
BRDA:316,0,4,0
BRDA:316,0,5,0
BRDA:316,0,6,0
BRDA:316,0,7,0
BRDA:316,0,8,0
BRDA:316,0,9,0
BRDA:316,0,10,0
BRDA:316,0,11,0
BRDA:316,0,12,0
BRDA:316,0,13,0
BRDA:316,0,14,0
BRDA:316,0,15,0
BRDA:316,0,16,0
BRDA:316,0,17,0
BRDA:316,0,18,0
BRDA:316,0,19,0
BRDA:316,0,20,0
BRDA:316,0,21,0
DA:317,0
BRDA:317,0,0,0
BRDA:317,0,1,0
BRDA:317,0,2,0
BRDA:317,0,3,0
BRDA:317,0,4,0
BRDA:317,0,5,0
BRDA:317,0,6,0
BRDA:317,0,7,0
BRDA:317,0,8,0
BRDA:317,0,9,0
BRDA:317,0,10,0
DA:322,0
BRDA:322,0,0,0
BRDA:322,0,1,0
BRDA:322,0,2,0
BRDA:322,0,3,0
BRDA:322,0,4,0
BRDA:322,0,5,0
BRDA:322,0,6,0
BRDA:322,0,7,0
BRDA:322,0,8,0
BRDA:322,0,9,0
BRDA:322,0,10,0
DA:323,0
BRDA:323,0,0,0
BRDA:323,0,1,0
BRDA:323,0,2,0
BRDA:323,0,3,0
BRDA:323,0,4,0
BRDA:323,0,5,0
BRDA:323,0,6,0
BRDA:323,0,7,0
BRDA:323,0,8,0
BRDA:323,0,9,0
BRDA:323,0,10,0
DA:324,0
BRDA:324,0,0,0
BRDA:324,0,1,0
BRDA:324,0,2,0
BRDA:324,0,3,0
BRDA:324,0,4,0
BRDA:324,0,5,0
BRDA:324,0,6,0
BRDA:324,0,7,0
BRDA:324,0,8,0
BRDA:324,0,9,0
BRDA:324,0,10,0
DA:325,0
BRDA:325,0,0,0
BRDA:325,0,1,0
BRDA:325,0,2,0
BRDA:325,0,3,0
BRDA:325,0,4,0
BRDA:325,0,5,0
BRDA:325,0,6,0
BRDA:325,0,7,0
BRDA:325,0,8,0
BRDA:325,0,9,0
BRDA:325,0,10,0
DA:326,0
BRDA:326,0,0,0
BRDA:326,0,1,0
BRDA:326,0,2,0
BRDA:326,0,3,0
BRDA:326,0,4,0
BRDA:326,0,5,0
BRDA:326,0,6,0
BRDA:326,0,7,0
BRDA:326,0,8,0
BRDA:326,0,9,0
BRDA:326,0,10,0
DA:327,0
BRDA:327,0,0,0
BRDA:327,0,1,0
BRDA:327,0,2,0
BRDA:327,0,3,0
BRDA:327,0,4,0
BRDA:327,0,5,0
BRDA:327,0,6,0
BRDA:327,0,7,0
BRDA:327,0,8,0
BRDA:327,0,9,0
BRDA:327,0,10,0
DA:328,0
BRDA:328,0,0,0
BRDA:328,0,1,0
BRDA:328,0,2,0
BRDA:328,0,3,0
BRDA:328,0,4,0
BRDA:328,0,5,0
BRDA:328,0,6,0
BRDA:328,0,7,0
BRDA:328,0,8,0
BRDA:328,0,9,0
BRDA:328,0,10,0
DA:329,0
BRDA:329,0,0,0
BRDA:329,0,1,0
BRDA:329,0,2,0
BRDA:329,0,3,0
BRDA:329,0,4,0
BRDA:329,0,5,0
BRDA:329,0,6,0
BRDA:329,0,7,0
BRDA:329,0,8,0
BRDA:329,0,9,0
BRDA:329,0,10,0
DA:330,0
BRDA:330,0,0,0
BRDA:330,0,1,0
BRDA:330,0,2,0
BRDA:330,0,3,0
BRDA:330,0,4,0
BRDA:330,0,5,0
BRDA:330,0,6,0
BRDA:330,0,7,0
BRDA:330,0,8,0
BRDA:330,0,9,0
BRDA:330,0,10,0
DA:332,0
BRDA:332,0,0,0
BRDA:332,0,1,0
BRDA:332,0,2,0
BRDA:332,0,3,0
BRDA:332,0,4,0
BRDA:332,0,5,0
BRDA:332,0,6,0
BRDA:332,0,7,0
BRDA:332,0,8,0
BRDA:332,0,9,0
BRDA:332,0,10,0
DA:333,0
BRDA:333,0,0,0
BRDA:333,0,1,0
BRDA:333,0,2,0
BRDA:333,0,3,0
BRDA:333,0,4,0
BRDA:333,0,5,0
BRDA:333,0,6,0
BRDA:333,0,7,0
BRDA:333,0,8,0
BRDA:333,0,9,0
BRDA:333,0,10,0
DA:335,0
BRDA:335,0,0,0
BRDA:335,0,1,0
BRDA:335,0,2,0
BRDA:335,0,3,0
BRDA:335,0,4,0
BRDA:335,0,5,0
BRDA:335,0,6,0
BRDA:335,0,7,0
BRDA:335,0,8,0
BRDA:335,0,9,0
BRDA:335,0,10,0
DA:337,0
BRDA:337,0,0,0
BRDA:337,0,1,0
BRDA:337,0,2,0
BRDA:337,0,3,0
BRDA:337,0,4,0
BRDA:337,0,5,0
BRDA:337,0,6,0
BRDA:337,0,7,0
BRDA:337,0,8,0
BRDA:337,0,9,0
BRDA:337,0,10,0
DA:339,0
BRDA:339,0,0,0
BRDA:339,0,1,0
BRDA:339,0,2,0
BRDA:339,0,3,0
BRDA:339,0,4,0
BRDA:339,0,5,0
BRDA:339,0,6,0
BRDA:339,0,7,0
BRDA:339,0,8,0
BRDA:339,0,9,0
BRDA:339,0,10,0
DA:340,0
BRDA:340,0,0,0
BRDA:340,0,1,0
BRDA:340,0,2,0
BRDA:340,0,3,0
BRDA:340,0,4,0
BRDA:340,0,5,0
BRDA:340,0,6,0
BRDA:340,0,7,0
BRDA:340,0,8,0
BRDA:340,0,9,0
BRDA:340,0,10,0
BRDA:340,0,11,0
BRDA:340,0,12,0
BRDA:340,0,13,0
BRDA:340,0,14,0
BRDA:340,0,15,0
BRDA:340,0,16,0
BRDA:340,0,17,0
BRDA:340,0,18,0
BRDA:340,0,19,0
BRDA:340,0,20,0
BRDA:340,0,21,0
DA:341,0
BRDA:341,0,0,0
BRDA:341,0,1,0
BRDA:341,0,2,0
BRDA:341,0,3,0
BRDA:341,0,4,0
BRDA:341,0,5,0
BRDA:341,0,6,0
BRDA:341,0,7,0
BRDA:341,0,8,0
BRDA:341,0,9,0
BRDA:341,0,10,0
DA:343,0
BRDA:343,0,0,0
BRDA:343,0,1,0
BRDA:343,0,2,0
BRDA:343,0,3,0
BRDA:343,0,4,0
BRDA:343,0,5,0
BRDA:343,0,6,0
BRDA:343,0,7,0
BRDA:343,0,8,0
BRDA:343,0,9,0
BRDA:343,0,10,0
DA:344,0
BRDA:344,0,0,0
BRDA:344,0,1,0
BRDA:344,0,2,0
BRDA:344,0,3,0
BRDA:344,0,4,0
BRDA:344,0,5,0
BRDA:344,0,6,0
BRDA:344,0,7,0
BRDA:344,0,8,0
BRDA:344,0,9,0
BRDA:344,0,10,0
BRDA:344,0,11,0
BRDA:344,0,12,0
BRDA:344,0,13,0
BRDA:344,0,14,0
BRDA:344,0,15,0
BRDA:344,0,16,0
BRDA:344,0,17,0
BRDA:344,0,18,0
BRDA:344,0,19,0
BRDA:344,0,20,0
BRDA:344,0,21,0
DA:345,0
BRDA:345,0,0,0
BRDA:345,0,1,0
BRDA:345,0,2,0
BRDA:345,0,3,0
BRDA:345,0,4,0
BRDA:345,0,5,0
BRDA:345,0,6,0
BRDA:345,0,7,0
BRDA:345,0,8,0
BRDA:345,0,9,0
BRDA:345,0,10,0
DA:346,0
BRDA:346,0,0,0
BRDA:346,0,1,0
BRDA:346,0,2,0
BRDA:346,0,3,0
BRDA:346,0,4,0
BRDA:346,0,5,0
BRDA:346,0,6,0
BRDA:346,0,7,0
BRDA:346,0,8,0
BRDA:346,0,9,0
BRDA:346,0,10,0
DA:347,0
BRDA:347,0,0,0
BRDA:347,0,1,0
BRDA:347,0,2,0
BRDA:347,0,3,0
BRDA:347,0,4,0
BRDA:347,0,5,0
BRDA:347,0,6,0
BRDA:347,0,7,0
BRDA:347,0,8,0
BRDA:347,0,9,0
BRDA:347,0,10,0
DA:348,0
BRDA:348,0,0,0
BRDA:348,0,1,0
BRDA:348,0,2,0
BRDA:348,0,3,0
BRDA:348,0,4,0
BRDA:348,0,5,0
BRDA:348,0,6,0
BRDA:348,0,7,0
BRDA:348,0,8,0
BRDA:348,0,9,0
BRDA:348,0,10,0
BRDA:348,0,11,0
BRDA:348,0,12,0
BRDA:348,0,13,0
BRDA:348,0,14,0
BRDA:348,0,15,0
BRDA:348,0,16,0
BRDA:348,0,17,0
BRDA:348,0,18,0
BRDA:348,0,19,0
BRDA:348,0,20,0
BRDA:348,0,21,0
DA:349,0
BRDA:349,0,0,0
BRDA:349,0,1,0
BRDA:349,0,2,0
BRDA:349,0,3,0
BRDA:349,0,4,0
BRDA:349,0,5,0
BRDA:349,0,6,0
BRDA:349,0,7,0
BRDA:349,0,8,0
BRDA:349,0,9,0
BRDA:349,0,10,0
DA:351,0
BRDA:351,0,0,0
BRDA:351,0,1,0
BRDA:351,0,2,0
BRDA:351,0,3,0
BRDA:351,0,4,0
BRDA:351,0,5,0
BRDA:351,0,6,0
BRDA:351,0,7,0
BRDA:351,0,8,0
BRDA:351,0,9,0
BRDA:351,0,10,0
DA:352,0
BRDA:352,0,0,0
BRDA:352,0,1,0
BRDA:352,0,2,0
BRDA:352,0,3,0
BRDA:352,0,4,0
BRDA:352,0,5,0
BRDA:352,0,6,0
BRDA:352,0,7,0
BRDA:352,0,8,0
BRDA:352,0,9,0
BRDA:352,0,10,0
BRDA:352,0,11,0
BRDA:352,0,12,0
BRDA:352,0,13,0
BRDA:352,0,14,0
BRDA:352,0,15,0
BRDA:352,0,16,0
BRDA:352,0,17,0
BRDA:352,0,18,0
BRDA:352,0,19,0
BRDA:352,0,20,0
BRDA:352,0,21,0
BRDA:352,0,22,0
BRDA:352,0,23,0
BRDA:352,0,24,0
BRDA:352,0,25,0
BRDA:352,0,26,0
BRDA:352,0,27,0
BRDA:352,0,28,0
BRDA:352,0,29,0
BRDA:352,0,30,0
BRDA:352,0,31,0
BRDA:352,0,32,0
DA:353,0
BRDA:353,0,0,0
BRDA:353,0,1,0
BRDA:353,0,2,0
BRDA:353,0,3,0
BRDA:353,0,4,0
BRDA:353,0,5,0
BRDA:353,0,6,0
BRDA:353,0,7,0
BRDA:353,0,8,0
BRDA:353,0,9,0
BRDA:353,0,10,0
DA:354,0
BRDA:354,0,0,0
BRDA:354,0,1,0
BRDA:354,0,2,0
BRDA:354,0,3,0
BRDA:354,0,4,0
BRDA:354,0,5,0
BRDA:354,0,6,0
BRDA:354,0,7,0
BRDA:354,0,8,0
BRDA:354,0,9,0
BRDA:354,0,10,0
BRDA:354,0,11,0
BRDA:354,0,12,0
BRDA:354,0,13,0
BRDA:354,0,14,0
BRDA:354,0,15,0
BRDA:354,0,16,0
BRDA:354,0,17,0
BRDA:354,0,18,0
BRDA:354,0,19,0
BRDA:354,0,20,0
BRDA:354,0,21,0
BRDA:354,0,22,0
BRDA:354,0,23,0
BRDA:354,0,24,0
BRDA:354,0,25,0
BRDA:354,0,26,0
BRDA:354,0,27,0
BRDA:354,0,28,0
BRDA:354,0,29,0
BRDA:354,0,30,0
BRDA:354,0,31,0
BRDA:354,0,32,0
DA:357,0
BRDA:357,0,0,0
BRDA:357,0,1,0
BRDA:357,0,2,0
BRDA:357,0,3,0
BRDA:357,0,4,0
BRDA:357,0,5,0
BRDA:357,0,6,0
BRDA:357,0,7,0
BRDA:357,0,8,0
BRDA:357,0,9,0
BRDA:357,0,10,0
BRDA:357,0,11,0
BRDA:357,0,12,0
BRDA:357,0,13,0
BRDA:357,0,14,0
BRDA:357,0,15,0
BRDA:357,0,16,0
BRDA:357,0,17,0
BRDA:357,0,18,0
BRDA:357,0,19,0
BRDA:357,0,20,0
BRDA:357,0,21,0
DA:358,0
BRDA:358,0,0,0
BRDA:358,0,1,0
BRDA:358,0,2,0
BRDA:358,0,3,0
BRDA:358,0,4,0
BRDA:358,0,5,0
BRDA:358,0,6,0
BRDA:358,0,7,0
BRDA:358,0,8,0
BRDA:358,0,9,0
BRDA:358,0,10,0
BRDA:358,0,11,0
BRDA:358,0,12,0
BRDA:358,0,13,0
BRDA:358,0,14,0
BRDA:358,0,15,0
BRDA:358,0,16,0
BRDA:358,0,17,0
BRDA:358,0,18,0
BRDA:358,0,19,0
BRDA:358,0,20,0
BRDA:358,0,21,0
DA:359,0
BRDA:359,0,0,0
BRDA:359,0,1,0
BRDA:359,0,2,0
BRDA:359,0,3,0
BRDA:359,0,4,0
BRDA:359,0,5,0
BRDA:359,0,6,0
BRDA:359,0,7,0
BRDA:359,0,8,0
BRDA:359,0,9,0
BRDA:359,0,10,0
BRDA:359,0,11,0
BRDA:359,0,12,0
BRDA:359,0,13,0
BRDA:359,0,14,0
BRDA:359,0,15,0
BRDA:359,0,16,0
BRDA:359,0,17,0
BRDA:359,0,18,0
BRDA:359,0,19,0
BRDA:359,0,20,0
BRDA:359,0,21,0
DA:360,0
BRDA:360,0,0,0
BRDA:360,0,1,0
BRDA:360,0,2,0
BRDA:360,0,3,0
BRDA:360,0,4,0
BRDA:360,0,5,0
BRDA:360,0,6,0
BRDA:360,0,7,0
BRDA:360,0,8,0
BRDA:360,0,9,0
BRDA:360,0,10,0
BRDA:360,0,11,0
BRDA:360,0,12,0
BRDA:360,0,13,0
BRDA:360,0,14,0
BRDA:360,0,15,0
BRDA:360,0,16,0
BRDA:360,0,17,0
BRDA:360,0,18,0
BRDA:360,0,19,0
BRDA:360,0,20,0
BRDA:360,0,21,0
DA:361,0
BRDA:361,0,0,0
BRDA:361,0,1,0
BRDA:361,0,2,0
BRDA:361,0,3,0
BRDA:361,0,4,0
BRDA:361,0,5,0
BRDA:361,0,6,0
BRDA:361,0,7,0
BRDA:361,0,8,0
BRDA:361,0,9,0
BRDA:361,0,10,0
BRDA:361,0,11,0
BRDA:361,0,12,0
BRDA:361,0,13,0
BRDA:361,0,14,0
BRDA:361,0,15,0
BRDA:361,0,16,0
BRDA:361,0,17,0
BRDA:361,0,18,0
BRDA:361,0,19,0
BRDA:361,0,20,0
BRDA:361,0,21,0
DA:363,0
BRDA:363,0,0,0
BRDA:363,0,1,0
BRDA:363,0,2,0
BRDA:363,0,3,0
BRDA:363,0,4,0
BRDA:363,0,5,0
BRDA:363,0,6,0
BRDA:363,0,7,0
BRDA:363,0,8,0
BRDA:363,0,9,0
BRDA:363,0,10,0
BRDA:363,0,11,0
BRDA:363,0,12,0
BRDA:363,0,13,0
BRDA:363,0,14,0
BRDA:363,0,15,0
BRDA:363,0,16,0
BRDA:363,0,17,0
BRDA:363,0,18,0
BRDA:363,0,19,0
BRDA:363,0,20,0
BRDA:363,0,21,0
DA:364,0
BRDA:364,0,0,0
BRDA:364,0,1,0
BRDA:364,0,2,0
BRDA:364,0,3,0
BRDA:364,0,4,0
BRDA:364,0,5,0
BRDA:364,0,6,0
BRDA:364,0,7,0
BRDA:364,0,8,0
BRDA:364,0,9,0
BRDA:364,0,10,0
DA:365,0
BRDA:365,0,0,0
BRDA:365,0,1,0
BRDA:365,0,2,0
BRDA:365,0,3,0
BRDA:365,0,4,0
BRDA:365,0,5,0
BRDA:365,0,6,0
BRDA:365,0,7,0
BRDA:365,0,8,0
BRDA:365,0,9,0
BRDA:365,0,10,0
DA:367,0
BRDA:367,0,0,0
BRDA:367,0,1,0
BRDA:367,0,2,0
BRDA:367,0,3,0
BRDA:367,0,4,0
BRDA:367,0,5,0
BRDA:367,0,6,0
BRDA:367,0,7,0
BRDA:367,0,8,0
BRDA:367,0,9,0
BRDA:367,0,10,0
BRDA:367,0,11,0
BRDA:367,0,12,0
BRDA:367,0,13,0
BRDA:367,0,14,0
BRDA:367,0,15,0
BRDA:367,0,16,0
BRDA:367,0,17,0
BRDA:367,0,18,0
BRDA:367,0,19,0
BRDA:367,0,20,0
BRDA:367,0,21,0
DA:368,0
BRDA:368,0,0,0
BRDA:368,0,1,0
BRDA:368,0,2,0
BRDA:368,0,3,0
BRDA:368,0,4,0
BRDA:368,0,5,0
BRDA:368,0,6,0
BRDA:368,0,7,0
BRDA:368,0,8,0
BRDA:368,0,9,0
BRDA:368,0,10,0
BRDA:368,0,11,0
BRDA:368,0,12,0
BRDA:368,0,13,0
BRDA:368,0,14,0
BRDA:368,0,15,0
BRDA:368,0,16,0
BRDA:368,0,17,0
BRDA:368,0,18,0
BRDA:368,0,19,0
BRDA:368,0,20,0
BRDA:368,0,21,0
DA:369,0
BRDA:369,0,0,0
BRDA:369,0,1,0
BRDA:369,0,2,0
BRDA:369,0,3,0
BRDA:369,0,4,0
BRDA:369,0,5,0
BRDA:369,0,6,0
BRDA:369,0,7,0
BRDA:369,0,8,0
BRDA:369,0,9,0
BRDA:369,0,10,0
BRDA:369,0,11,0
BRDA:369,0,12,0
BRDA:369,0,13,0
BRDA:369,0,14,0
BRDA:369,0,15,0
BRDA:369,0,16,0
BRDA:369,0,17,0
BRDA:369,0,18,0
BRDA:369,0,19,0
BRDA:369,0,20,0
BRDA:369,0,21,0
DA:370,0
BRDA:370,0,0,0
BRDA:370,0,1,0
BRDA:370,0,2,0
BRDA:370,0,3,0
BRDA:370,0,4,0
BRDA:370,0,5,0
BRDA:370,0,6,0
BRDA:370,0,7,0
BRDA:370,0,8,0
BRDA:370,0,9,0
BRDA:370,0,10,0
DA:371,0
BRDA:371,0,0,0
BRDA:371,0,1,0
BRDA:371,0,2,0
BRDA:371,0,3,0
BRDA:371,0,4,0
BRDA:371,0,5,0
BRDA:371,0,6,0
BRDA:371,0,7,0
BRDA:371,0,8,0
BRDA:371,0,9,0
BRDA:371,0,10,0
BRDA:371,0,11,0
BRDA:371,0,12,0
BRDA:371,0,13,0
BRDA:371,0,14,0
BRDA:371,0,15,0
BRDA:371,0,16,0
BRDA:371,0,17,0
BRDA:371,0,18,0
BRDA:371,0,19,0
BRDA:371,0,20,0
BRDA:371,0,21,0
DA:372,0
BRDA:372,0,0,0
BRDA:372,0,1,0
BRDA:372,0,2,0
BRDA:372,0,3,0
BRDA:372,0,4,0
BRDA:372,0,5,0
BRDA:372,0,6,0
BRDA:372,0,7,0
BRDA:372,0,8,0
BRDA:372,0,9,0
BRDA:372,0,10,0
DA:373,0
BRDA:373,0,0,0
BRDA:373,0,1,0
BRDA:373,0,2,0
BRDA:373,0,3,0
BRDA:373,0,4,0
BRDA:373,0,5,0
BRDA:373,0,6,0
BRDA:373,0,7,0
BRDA:373,0,8,0
BRDA:373,0,9,0
BRDA:373,0,10,0
DA:375,0
BRDA:375,0,0,0
BRDA:375,0,1,0
BRDA:375,0,2,0
BRDA:375,0,3,0
BRDA:375,0,4,0
BRDA:375,0,5,0
BRDA:375,0,6,0
BRDA:375,0,7,0
BRDA:375,0,8,0
BRDA:375,0,9,0
BRDA:375,0,10,0
BRDA:375,0,11,0
BRDA:375,0,12,0
BRDA:375,0,13,0
BRDA:375,0,14,0
BRDA:375,0,15,0
BRDA:375,0,16,0
BRDA:375,0,17,0
BRDA:375,0,18,0
BRDA:375,0,19,0
BRDA:375,0,20,0
BRDA:375,0,21,0
DA:376,0
BRDA:376,0,0,0
BRDA:376,0,1,0
BRDA:376,0,2,0
BRDA:376,0,3,0
BRDA:376,0,4,0
BRDA:376,0,5,0
BRDA:376,0,6,0
BRDA:376,0,7,0
BRDA:376,0,8,0
BRDA:376,0,9,0
BRDA:376,0,10,0
DA:377,0
BRDA:377,0,0,0
BRDA:377,0,1,0
BRDA:377,0,2,0
BRDA:377,0,3,0
BRDA:377,0,4,0
BRDA:377,0,5,0
BRDA:377,0,6,0
BRDA:377,0,7,0
BRDA:377,0,8,0
BRDA:377,0,9,0
BRDA:377,0,10,0
DA:378,0
BRDA:378,0,0,0
BRDA:378,0,1,0
BRDA:378,0,2,0
BRDA:378,0,3,0
BRDA:378,0,4,0
BRDA:378,0,5,0
BRDA:378,0,6,0
BRDA:378,0,7,0
BRDA:378,0,8,0
BRDA:378,0,9,0
BRDA:378,0,10,0
DA:379,0
BRDA:379,0,0,0
BRDA:379,0,1,0
BRDA:379,0,2,0
BRDA:379,0,3,0
BRDA:379,0,4,0
BRDA:379,0,5,0
BRDA:379,0,6,0
BRDA:379,0,7,0
BRDA:379,0,8,0
BRDA:379,0,9,0
BRDA:379,0,10,0
BRDA:379,0,11,0
BRDA:379,0,12,0
BRDA:379,0,13,0
BRDA:379,0,14,0
BRDA:379,0,15,0
BRDA:379,0,16,0
BRDA:379,0,17,0
BRDA:379,0,18,0
BRDA:379,0,19,0
BRDA:379,0,20,0
BRDA:379,0,21,0
DA:380,0
BRDA:380,0,0,0
BRDA:380,0,1,0
BRDA:380,0,2,0
BRDA:380,0,3,0
BRDA:380,0,4,0
BRDA:380,0,5,0
BRDA:380,0,6,0
BRDA:380,0,7,0
BRDA:380,0,8,0
BRDA:380,0,9,0
BRDA:380,0,10,0
DA:382,0
BRDA:382,0,0,0
BRDA:382,0,1,0
BRDA:382,0,2,0
BRDA:382,0,3,0
BRDA:382,0,4,0
BRDA:382,0,5,0
BRDA:382,0,6,0
BRDA:382,0,7,0
BRDA:382,0,8,0
BRDA:382,0,9,0
BRDA:382,0,10,0
DA:383,0
BRDA:383,0,0,0
BRDA:383,0,1,0
BRDA:383,0,2,0
BRDA:383,0,3,0
BRDA:383,0,4,0
BRDA:383,0,5,0
BRDA:383,0,6,0
BRDA:383,0,7,0
BRDA:383,0,8,0
BRDA:383,0,9,0
BRDA:383,0,10,0
BRDA:383,0,11,0
BRDA:383,0,12,0
BRDA:383,0,13,0
BRDA:383,0,14,0
BRDA:383,0,15,0
BRDA:383,0,16,0
BRDA:383,0,17,0
BRDA:383,0,18,0
BRDA:383,0,19,0
BRDA:383,0,20,0
BRDA:383,0,21,0
BRDA:383,0,22,0
BRDA:383,0,23,0
BRDA:383,0,24,0
BRDA:383,0,25,0
BRDA:383,0,26,0
BRDA:383,0,27,0
BRDA:383,0,28,0
BRDA:383,0,29,0
BRDA:383,0,30,0
BRDA:383,0,31,0
BRDA:383,0,32,0
DA:384,0
BRDA:384,0,0,0
BRDA:384,0,1,0
BRDA:384,0,2,0
BRDA:384,0,3,0
BRDA:384,0,4,0
BRDA:384,0,5,0
BRDA:384,0,6,0
BRDA:384,0,7,0
BRDA:384,0,8,0
BRDA:384,0,9,0
BRDA:384,0,10,0
DA:385,0
BRDA:385,0,0,0
BRDA:385,0,1,0
BRDA:385,0,2,0
BRDA:385,0,3,0
BRDA:385,0,4,0
BRDA:385,0,5,0
BRDA:385,0,6,0
BRDA:385,0,7,0
BRDA:385,0,8,0
BRDA:385,0,9,0
BRDA:385,0,10,0
BRDA:385,0,11,0
BRDA:385,0,12,0
BRDA:385,0,13,0
BRDA:385,0,14,0
BRDA:385,0,15,0
BRDA:385,0,16,0
BRDA:385,0,17,0
BRDA:385,0,18,0
BRDA:385,0,19,0
BRDA:385,0,20,0
BRDA:385,0,21,0
BRDA:385,0,22,0
BRDA:385,0,23,0
BRDA:385,0,24,0
BRDA:385,0,25,0
BRDA:385,0,26,0
BRDA:385,0,27,0
BRDA:385,0,28,0
BRDA:385,0,29,0
BRDA:385,0,30,0
BRDA:385,0,31,0
BRDA:385,0,32,0
DA:388,0
BRDA:388,0,0,0
BRDA:388,0,1,0
BRDA:388,0,2,0
BRDA:388,0,3,0
BRDA:388,0,4,0
BRDA:388,0,5,0
BRDA:388,0,6,0
BRDA:388,0,7,0
BRDA:388,0,8,0
BRDA:388,0,9,0
BRDA:388,0,10,0
BRDA:388,0,11,0
BRDA:388,0,12,0
BRDA:388,0,13,0
BRDA:388,0,14,0
BRDA:388,0,15,0
BRDA:388,0,16,0
BRDA:388,0,17,0
BRDA:388,0,18,0
BRDA:388,0,19,0
BRDA:388,0,20,0
BRDA:388,0,21,0
DA:390,0
BRDA:390,0,0,0
BRDA:390,0,1,0
BRDA:390,0,2,0
BRDA:390,0,3,0
BRDA:390,0,4,0
BRDA:390,0,5,0
BRDA:390,0,6,0
BRDA:390,0,7,0
BRDA:390,0,8,0
BRDA:390,0,9,0
BRDA:390,0,10,0
DA:391,0
BRDA:391,0,0,0
BRDA:391,0,1,0
BRDA:391,0,2,0
BRDA:391,0,3,0
BRDA:391,0,4,0
BRDA:391,0,5,0
BRDA:391,0,6,0
BRDA:391,0,7,0
BRDA:391,0,8,0
BRDA:391,0,9,0
BRDA:391,0,10,0
DA:394,0
BRDA:394,0,0,0
BRDA:394,0,1,0
BRDA:394,0,2,0
BRDA:394,0,3,0
BRDA:394,0,4,0
BRDA:394,0,5,0
BRDA:394,0,6,0
BRDA:394,0,7,0
BRDA:394,0,8,0
BRDA:394,0,9,0
BRDA:394,0,10,0
DA:395,0
BRDA:395,0,0,0
BRDA:395,0,1,0
BRDA:395,0,2,0
BRDA:395,0,3,0
BRDA:395,0,4,0
BRDA:395,0,5,0
BRDA:395,0,6,0
BRDA:395,0,7,0
BRDA:395,0,8,0
BRDA:395,0,9,0
BRDA:395,0,10,0
BRDA:395,0,11,0
BRDA:395,0,12,0
BRDA:395,0,13,0
BRDA:395,0,14,0
BRDA:395,0,15,0
BRDA:395,0,16,0
BRDA:395,0,17,0
BRDA:395,0,18,0
BRDA:395,0,19,0
BRDA:395,0,20,0
BRDA:395,0,21,0
DA:396,0
BRDA:396,0,0,0
BRDA:396,0,1,0
BRDA:396,0,2,0
BRDA:396,0,3,0
BRDA:396,0,4,0
BRDA:396,0,5,0
BRDA:396,0,6,0
BRDA:396,0,7,0
BRDA:396,0,8,0
BRDA:396,0,9,0
BRDA:396,0,10,0
DA:397,0
BRDA:397,0,0,0
BRDA:397,0,1,0
BRDA:397,0,2,0
BRDA:397,0,3,0
BRDA:397,0,4,0
BRDA:397,0,5,0
BRDA:397,0,6,0
BRDA:397,0,7,0
BRDA:397,0,8,0
BRDA:397,0,9,0
BRDA:397,0,10,0
DA:399,0
BRDA:399,0,0,0
BRDA:399,0,1,0
BRDA:399,0,2,0
BRDA:399,0,3,0
BRDA:399,0,4,0
BRDA:399,0,5,0
BRDA:399,0,6,0
BRDA:399,0,7,0
BRDA:399,0,8,0
BRDA:399,0,9,0
BRDA:399,0,10,0
BRDA:399,0,11,0
BRDA:399,0,12,0
BRDA:399,0,13,0
BRDA:399,0,14,0
BRDA:399,0,15,0
BRDA:399,0,16,0
BRDA:399,0,17,0
BRDA:399,0,18,0
BRDA:399,0,19,0
BRDA:399,0,20,0
BRDA:399,0,21,0
DA:400,0
BRDA:400,0,0,0
BRDA:400,0,1,0
BRDA:400,0,2,0
BRDA:400,0,3,0
BRDA:400,0,4,0
BRDA:400,0,5,0
BRDA:400,0,6,0
BRDA:400,0,7,0
BRDA:400,0,8,0
BRDA:400,0,9,0
BRDA:400,0,10,0
DA:401,0
BRDA:401,0,0,0
BRDA:401,0,1,0
BRDA:401,0,2,0
BRDA:401,0,3,0
BRDA:401,0,4,0
BRDA:401,0,5,0
BRDA:401,0,6,0
BRDA:401,0,7,0
BRDA:401,0,8,0
BRDA:401,0,9,0
BRDA:401,0,10,0
BRDA:401,0,11,0
BRDA:401,0,12,0
BRDA:401,0,13,0
BRDA:401,0,14,0
BRDA:401,0,15,0
BRDA:401,0,16,0
BRDA:401,0,17,0
BRDA:401,0,18,0
BRDA:401,0,19,0
BRDA:401,0,20,0
BRDA:401,0,21,0
DA:402,0
BRDA:402,0,0,0
BRDA:402,0,1,0
BRDA:402,0,2,0
BRDA:402,0,3,0
BRDA:402,0,4,0
BRDA:402,0,5,0
BRDA:402,0,6,0
BRDA:402,0,7,0
BRDA:402,0,8,0
BRDA:402,0,9,0
BRDA:402,0,10,0
DA:403,0
BRDA:403,0,0,0
BRDA:403,0,1,0
BRDA:403,0,2,0
BRDA:403,0,3,0
BRDA:403,0,4,0
BRDA:403,0,5,0
BRDA:403,0,6,0
BRDA:403,0,7,0
BRDA:403,0,8,0
BRDA:403,0,9,0
BRDA:403,0,10,0
DA:405,0
BRDA:405,0,0,0
BRDA:405,0,1,0
BRDA:405,0,2,0
BRDA:405,0,3,0
BRDA:405,0,4,0
BRDA:405,0,5,0
BRDA:405,0,6,0
BRDA:405,0,7,0
BRDA:405,0,8,0
BRDA:405,0,9,0
BRDA:405,0,10,0
BRDA:405,0,11,0
BRDA:405,0,12,0
BRDA:405,0,13,0
BRDA:405,0,14,0
BRDA:405,0,15,0
BRDA:405,0,16,0
BRDA:405,0,17,0
BRDA:405,0,18,0
BRDA:405,0,19,0
BRDA:405,0,20,0
BRDA:405,0,21,0
DA:406,0
BRDA:406,0,0,0
BRDA:406,0,1,0
BRDA:406,0,2,0
BRDA:406,0,3,0
BRDA:406,0,4,0
BRDA:406,0,5,0
BRDA:406,0,6,0
BRDA:406,0,7,0
BRDA:406,0,8,0
BRDA:406,0,9,0
BRDA:406,0,10,0
DA:407,0
BRDA:407,0,0,0
BRDA:407,0,1,0
BRDA:407,0,2,0
BRDA:407,0,3,0
BRDA:407,0,4,0
BRDA:407,0,5,0
BRDA:407,0,6,0
BRDA:407,0,7,0
BRDA:407,0,8,0
BRDA:407,0,9,0
BRDA:407,0,10,0
DA:408,0
BRDA:408,0,0,0
BRDA:408,0,1,0
BRDA:408,0,2,0
BRDA:408,0,3,0
BRDA:408,0,4,0
BRDA:408,0,5,0
BRDA:408,0,6,0
BRDA:408,0,7,0
BRDA:408,0,8,0
BRDA:408,0,9,0
BRDA:408,0,10,0
DA:409,0
BRDA:409,0,0,0
BRDA:409,0,1,0
BRDA:409,0,2,0
BRDA:409,0,3,0
BRDA:409,0,4,0
BRDA:409,0,5,0
BRDA:409,0,6,0
BRDA:409,0,7,0
BRDA:409,0,8,0
BRDA:409,0,9,0
BRDA:409,0,10,0
BRDA:409,0,11,0
BRDA:409,0,12,0
BRDA:409,0,13,0
BRDA:409,0,14,0
BRDA:409,0,15,0
BRDA:409,0,16,0
BRDA:409,0,17,0
BRDA:409,0,18,0
BRDA:409,0,19,0
BRDA:409,0,20,0
BRDA:409,0,21,0
DA:410,0
BRDA:410,0,0,0
BRDA:410,0,1,0
BRDA:410,0,2,0
BRDA:410,0,3,0
BRDA:410,0,4,0
BRDA:410,0,5,0
BRDA:410,0,6,0
BRDA:410,0,7,0
BRDA:410,0,8,0
BRDA:410,0,9,0
BRDA:410,0,10,0
DA:412,0
BRDA:412,0,0,0
BRDA:412,0,1,0
BRDA:412,0,2,0
BRDA:412,0,3,0
BRDA:412,0,4,0
BRDA:412,0,5,0
BRDA:412,0,6,0
BRDA:412,0,7,0
BRDA:412,0,8,0
BRDA:412,0,9,0
BRDA:412,0,10,0
DA:413,0
BRDA:413,0,0,0
BRDA:413,0,1,0
BRDA:413,0,2,0
BRDA:413,0,3,0
BRDA:413,0,4,0
BRDA:413,0,5,0
BRDA:413,0,6,0
BRDA:413,0,7,0
BRDA:413,0,8,0
BRDA:413,0,9,0
BRDA:413,0,10,0
BRDA:413,0,11,0
BRDA:413,0,12,0
BRDA:413,0,13,0
BRDA:413,0,14,0
BRDA:413,0,15,0
BRDA:413,0,16,0
BRDA:413,0,17,0
BRDA:413,0,18,0
BRDA:413,0,19,0
BRDA:413,0,20,0
BRDA:413,0,21,0
BRDA:413,0,22,0
BRDA:413,0,23,0
BRDA:413,0,24,0
BRDA:413,0,25,0
BRDA:413,0,26,0
BRDA:413,0,27,0
BRDA:413,0,28,0
BRDA:413,0,29,0
BRDA:413,0,30,0
BRDA:413,0,31,0
BRDA:413,0,32,0
DA:414,0
BRDA:414,0,0,0
BRDA:414,0,1,0
BRDA:414,0,2,0
BRDA:414,0,3,0
BRDA:414,0,4,0
BRDA:414,0,5,0
BRDA:414,0,6,0
BRDA:414,0,7,0
BRDA:414,0,8,0
BRDA:414,0,9,0
BRDA:414,0,10,0
DA:415,0
BRDA:415,0,0,0
BRDA:415,0,1,0
BRDA:415,0,2,0
BRDA:415,0,3,0
BRDA:415,0,4,0
BRDA:415,0,5,0
BRDA:415,0,6,0
BRDA:415,0,7,0
BRDA:415,0,8,0
BRDA:415,0,9,0
BRDA:415,0,10,0
BRDA:415,0,11,0
BRDA:415,0,12,0
BRDA:415,0,13,0
BRDA:415,0,14,0
BRDA:415,0,15,0
BRDA:415,0,16,0
BRDA:415,0,17,0
BRDA:415,0,18,0
BRDA:415,0,19,0
BRDA:415,0,20,0
BRDA:415,0,21,0
BRDA:415,0,22,0
BRDA:415,0,23,0
BRDA:415,0,24,0
BRDA:415,0,25,0
BRDA:415,0,26,0
BRDA:415,0,27,0
BRDA:415,0,28,0
BRDA:415,0,29,0
BRDA:415,0,30,0
BRDA:415,0,31,0
BRDA:415,0,32,0
DA:419,0
BRDA:419,0,0,0
BRDA:419,0,1,0
BRDA:419,0,2,0
BRDA:419,0,3,0
BRDA:419,0,4,0
BRDA:419,0,5,0
BRDA:419,0,6,0
BRDA:419,0,7,0
BRDA:419,0,8,0
BRDA:419,0,9,0
BRDA:419,0,10,0
BRDA:419,0,11,0
BRDA:419,0,12,0
BRDA:419,0,13,0
BRDA:419,0,14,0
BRDA:419,0,15,0
BRDA:419,0,16,0
BRDA:419,0,17,0
BRDA:419,0,18,0
BRDA:419,0,19,0
BRDA:419,0,20,0
BRDA:419,0,21,0
DA:420,0
BRDA:420,0,0,0
BRDA:420,0,1,0
BRDA:420,0,2,0
BRDA:420,0,3,0
BRDA:420,0,4,0
BRDA:420,0,5,0
BRDA:420,0,6,0
BRDA:420,0,7,0
BRDA:420,0,8,0
BRDA:420,0,9,0
BRDA:420,0,10,0
BRDA:420,0,11,0
BRDA:420,0,12,0
BRDA:420,0,13,0
BRDA:420,0,14,0
BRDA:420,0,15,0
BRDA:420,0,16,0
BRDA:420,0,17,0
BRDA:420,0,18,0
BRDA:420,0,19,0
BRDA:420,0,20,0
BRDA:420,0,21,0
DA:421,0
BRDA:421,0,0,0
BRDA:421,0,1,0
BRDA:421,0,2,0
BRDA:421,0,3,0
BRDA:421,0,4,0
BRDA:421,0,5,0
BRDA:421,0,6,0
BRDA:421,0,7,0
BRDA:421,0,8,0
BRDA:421,0,9,0
BRDA:421,0,10,0
DA:422,0
BRDA:422,0,0,0
BRDA:422,0,1,0
BRDA:422,0,2,0
BRDA:422,0,3,0
BRDA:422,0,4,0
BRDA:422,0,5,0
BRDA:422,0,6,0
BRDA:422,0,7,0
BRDA:422,0,8,0
BRDA:422,0,9,0
BRDA:422,0,10,0
DA:425,0
BRDA:425,0,0,0
BRDA:425,0,1,0
BRDA:425,0,2,0
BRDA:425,0,3,0
BRDA:425,0,4,0
BRDA:425,0,5,0
BRDA:425,0,6,0
BRDA:425,0,7,0
BRDA:425,0,8,0
BRDA:425,0,9,0
BRDA:425,0,10,0
BRDA:425,0,11,0
BRDA:425,0,12,0
BRDA:425,0,13,0
BRDA:425,0,14,0
BRDA:425,0,15,0
BRDA:425,0,16,0
BRDA:425,0,17,0
BRDA:425,0,18,0
BRDA:425,0,19,0
BRDA:425,0,20,0
BRDA:425,0,21,0
DA:426,0
BRDA:426,0,0,0
BRDA:426,0,1,0
BRDA:426,0,2,0
BRDA:426,0,3,0
BRDA:426,0,4,0
BRDA:426,0,5,0
BRDA:426,0,6,0
BRDA:426,0,7,0
BRDA:426,0,8,0
BRDA:426,0,9,0
BRDA:426,0,10,0
DA:428,0
BRDA:428,0,0,0
BRDA:428,0,1,0
BRDA:428,0,2,0
BRDA:428,0,3,0
BRDA:428,0,4,0
BRDA:428,0,5,0
BRDA:428,0,6,0
BRDA:428,0,7,0
BRDA:428,0,8,0
BRDA:428,0,9,0
BRDA:428,0,10,0
BRDA:428,0,11,0
BRDA:428,0,12,0
BRDA:428,0,13,0
BRDA:428,0,14,0
BRDA:428,0,15,0
BRDA:428,0,16,0
BRDA:428,0,17,0
BRDA:428,0,18,0
BRDA:428,0,19,0
BRDA:428,0,20,0
BRDA:428,0,21,0
BRDA:428,0,22,0
BRDA:428,0,23,0
BRDA:428,0,24,0
BRDA:428,0,25,0
BRDA:428,0,26,0
BRDA:428,0,27,0
BRDA:428,0,28,0
BRDA:428,0,29,0
BRDA:428,0,30,0
BRDA:428,0,31,0
BRDA:428,0,32,0
DA:430,0
BRDA:430,0,0,0
BRDA:430,0,1,0
BRDA:430,0,2,0
BRDA:430,0,3,0
BRDA:430,0,4,0
BRDA:430,0,5,0
BRDA:430,0,6,0
BRDA:430,0,7,0
BRDA:430,0,8,0
BRDA:430,0,9,0
BRDA:430,0,10,0
DA:477,1
BRDA:477,0,0,1
BRDA:477,0,1,1
BRDA:477,0,2,1
BRDA:477,0,3,1
BRDA:477,0,4,1
BRDA:477,0,5,1
BRDA:477,0,6,0
BRDA:477,0,7,1
BRDA:477,0,8,1
BRDA:477,0,9,1
BRDA:477,0,10,1
BRDA:477,0,11,1
BRDA:477,0,12,1
BRDA:477,0,13,1
BRDA:477,0,14,1
BRDA:477,0,15,1
BRDA:477,0,16,1
BRDA:477,0,17,1
BRDA:477,0,18,1
BRDA:477,0,19,1
BRDA:477,0,20,1
BRDA:477,0,21,1
BRDA:477,0,22,1
DA:514,213
BRDA:514,0,0,1
BRDA:514,0,1,1
BRDA:514,0,2,1
BRDA:514,0,3,213
BRDA:514,0,4,1
BRDA:514,0,5,7
BRDA:514,0,6,0
BRDA:514,0,7,1
BRDA:514,0,8,1
BRDA:514,0,9,1
BRDA:514,0,10,1
BRDA:514,0,11,1
BRDA:514,0,12,1
BRDA:514,0,13,1
BRDA:514,0,14,1
BRDA:514,0,15,1
BRDA:514,0,16,1
BRDA:514,0,17,1
BRDA:514,0,18,1
BRDA:514,0,19,1
BRDA:514,0,20,31
BRDA:514,0,21,1
BRDA:514,0,22,101
DA:516,212
BRDA:516,0,0,1
BRDA:516,0,1,1
BRDA:516,0,2,1
BRDA:516,0,3,1
BRDA:516,0,4,1
BRDA:516,0,5,1
BRDA:516,0,6,0
BRDA:516,0,7,1
BRDA:516,0,8,1
BRDA:516,0,9,1
BRDA:516,0,10,1
BRDA:516,0,11,1
BRDA:516,0,12,1
BRDA:516,0,13,1
BRDA:516,0,14,1
BRDA:516,0,15,1
BRDA:516,0,16,1
BRDA:516,0,17,1
BRDA:516,0,18,1
BRDA:516,0,19,1
BRDA:516,0,20,1
BRDA:516,0,21,1
BRDA:516,0,22,1
BRDA:516,0,23,0
BRDA:516,0,24,0
BRDA:516,0,25,0
BRDA:516,0,26,212
BRDA:516,0,27,0
BRDA:516,0,28,6
BRDA:516,0,29,0
BRDA:516,0,30,0
BRDA:516,0,31,0
BRDA:516,0,32,0
BRDA:516,0,33,0
BRDA:516,0,34,0
BRDA:516,0,35,0
BRDA:516,0,36,0
BRDA:516,0,37,0
BRDA:516,0,38,0
BRDA:516,0,39,0
BRDA:516,0,40,0
BRDA:516,0,41,0
BRDA:516,0,42,0
BRDA:516,0,43,30
BRDA:516,0,44,0
BRDA:516,0,45,100
DA:517,1
BRDA:517,0,0,1
BRDA:517,0,1,1
BRDA:517,0,2,1
BRDA:517,0,3,1
BRDA:517,0,4,1
BRDA:517,0,5,1
BRDA:517,0,6,0
BRDA:517,0,7,1
BRDA:517,0,8,1
BRDA:517,0,9,1
BRDA:517,0,10,1
BRDA:517,0,11,1
BRDA:517,0,12,1
BRDA:517,0,13,1
BRDA:517,0,14,1
BRDA:517,0,15,1
BRDA:517,0,16,1
BRDA:517,0,17,1
BRDA:517,0,18,1
BRDA:517,0,19,1
BRDA:517,0,20,1
BRDA:517,0,21,1
BRDA:517,0,22,1
DA:519,1
BRDA:519,0,0,1
BRDA:519,0,1,1
BRDA:519,0,2,1
BRDA:519,0,3,1
BRDA:519,0,4,1
BRDA:519,0,5,1
BRDA:519,0,6,0
BRDA:519,0,7,1
BRDA:519,0,8,1
BRDA:519,0,9,1
BRDA:519,0,10,1
BRDA:519,0,11,1
BRDA:519,0,12,1
BRDA:519,0,13,1
BRDA:519,0,14,1
BRDA:519,0,15,1
BRDA:519,0,16,1
BRDA:519,0,17,1
BRDA:519,0,18,1
BRDA:519,0,19,1
BRDA:519,0,20,1
BRDA:519,0,21,1
BRDA:519,0,22,1
DA:521,1
BRDA:521,0,0,1
BRDA:521,0,1,1
BRDA:521,0,2,1
BRDA:521,0,3,1
BRDA:521,0,4,1
BRDA:521,0,5,1
BRDA:521,0,6,0
BRDA:521,0,7,1
BRDA:521,0,8,1
BRDA:521,0,9,1
BRDA:521,0,10,1
BRDA:521,0,11,1
BRDA:521,0,12,1
BRDA:521,0,13,1
BRDA:521,0,14,1
BRDA:521,0,15,1
BRDA:521,0,16,1
BRDA:521,0,17,1
BRDA:521,0,18,1
BRDA:521,0,19,1
BRDA:521,0,20,1
BRDA:521,0,21,1
BRDA:521,0,22,1
DA:522,1
BRDA:522,0,0,1
BRDA:522,0,1,1
BRDA:522,0,2,1
BRDA:522,0,3,1
BRDA:522,0,4,1
BRDA:522,0,5,1
BRDA:522,0,6,0
BRDA:522,0,7,1
BRDA:522,0,8,1
BRDA:522,0,9,1
BRDA:522,0,10,1
BRDA:522,0,11,1
BRDA:522,0,12,1
BRDA:522,0,13,1
BRDA:522,0,14,1
BRDA:522,0,15,1
BRDA:522,0,16,1
BRDA:522,0,17,1
BRDA:522,0,18,1
BRDA:522,0,19,1
BRDA:522,0,20,1
BRDA:522,0,21,1
BRDA:522,0,22,1
DA:523,1
BRDA:523,0,0,1
BRDA:523,0,1,1
BRDA:523,0,2,1
BRDA:523,0,3,1
BRDA:523,0,4,1
BRDA:523,0,5,1
BRDA:523,0,6,0
BRDA:523,0,7,1
BRDA:523,0,8,1
BRDA:523,0,9,1
BRDA:523,0,10,1
BRDA:523,0,11,1
BRDA:523,0,12,1
BRDA:523,0,13,1
BRDA:523,0,14,1
BRDA:523,0,15,1
BRDA:523,0,16,1
BRDA:523,0,17,1
BRDA:523,0,18,1
BRDA:523,0,19,1
BRDA:523,0,20,1
BRDA:523,0,21,1
BRDA:523,0,22,1
DA:525,1
BRDA:525,0,0,1
BRDA:525,0,1,1
BRDA:525,0,2,1
BRDA:525,0,3,1
BRDA:525,0,4,1
BRDA:525,0,5,1
BRDA:525,0,6,0
BRDA:525,0,7,1
BRDA:525,0,8,1
BRDA:525,0,9,1
BRDA:525,0,10,1
BRDA:525,0,11,1
BRDA:525,0,12,1
BRDA:525,0,13,1
BRDA:525,0,14,1
BRDA:525,0,15,1
BRDA:525,0,16,1
BRDA:525,0,17,1
BRDA:525,0,18,1
BRDA:525,0,19,1
BRDA:525,0,20,1
BRDA:525,0,21,1
BRDA:525,0,22,1
DA:527,1
BRDA:527,0,0,1
BRDA:527,0,1,0
BRDA:527,0,2,1
BRDA:527,0,3,0
BRDA:527,0,4,1
BRDA:527,0,5,0
BRDA:527,0,6,0
BRDA:527,0,7,1
BRDA:527,0,8,0
BRDA:527,0,9,1
BRDA:527,0,10,0
BRDA:527,0,11,1
BRDA:527,0,12,0
BRDA:527,0,13,1
BRDA:527,0,14,0
BRDA:527,0,15,1
BRDA:527,0,16,0
BRDA:527,0,17,1
BRDA:527,0,18,0
BRDA:527,0,19,1
BRDA:527,0,20,0
BRDA:527,0,21,1
BRDA:527,0,22,0
BRDA:527,0,23,0
BRDA:527,0,24,1
BRDA:527,0,25,0
BRDA:527,0,26,1
BRDA:527,0,27,0
BRDA:527,0,28,1
BRDA:527,0,29,0
BRDA:527,0,30,0
BRDA:527,0,31,1
BRDA:527,0,32,0
BRDA:527,0,33,1
BRDA:527,0,34,0
BRDA:527,0,35,1
BRDA:527,0,36,0
BRDA:527,0,37,1
BRDA:527,0,38,0
BRDA:527,0,39,1
BRDA:527,0,40,0
BRDA:527,0,41,1
BRDA:527,0,42,0
BRDA:527,0,43,1
BRDA:527,0,44,0
BRDA:527,0,45,1
DA:528,1
BRDA:528,0,0,1
BRDA:528,0,1,0
BRDA:528,0,2,1
BRDA:528,0,3,0
BRDA:528,0,4,1
BRDA:528,0,5,0
BRDA:528,0,6,0
BRDA:528,0,7,1
BRDA:528,0,8,0
BRDA:528,0,9,1
BRDA:528,0,10,0
BRDA:528,0,11,1
BRDA:528,0,12,0
BRDA:528,0,13,1
BRDA:528,0,14,0
BRDA:528,0,15,1
BRDA:528,0,16,0
BRDA:528,0,17,1
BRDA:528,0,18,0
BRDA:528,0,19,1
BRDA:528,0,20,0
BRDA:528,0,21,1
BRDA:528,0,22,0
DA:530,1
BRDA:530,0,0,1
BRDA:530,0,1,0
BRDA:530,0,2,1
BRDA:530,0,3,0
BRDA:530,0,4,1
BRDA:530,0,5,0
BRDA:530,0,6,0
BRDA:530,0,7,1
BRDA:530,0,8,0
BRDA:530,0,9,1
BRDA:530,0,10,0
BRDA:530,0,11,1
BRDA:530,0,12,0
BRDA:530,0,13,1
BRDA:530,0,14,0
BRDA:530,0,15,1
BRDA:530,0,16,0
BRDA:530,0,17,1
BRDA:530,0,18,0
BRDA:530,0,19,1
BRDA:530,0,20,0
BRDA:530,0,21,1
BRDA:530,0,22,0
DA:531,1
BRDA:531,0,0,1
BRDA:531,0,1,0
BRDA:531,0,2,1
BRDA:531,0,3,0
BRDA:531,0,4,1
BRDA:531,0,5,0
BRDA:531,0,6,0
BRDA:531,0,7,1
BRDA:531,0,8,0
BRDA:531,0,9,1
BRDA:531,0,10,0
BRDA:531,0,11,1
BRDA:531,0,12,0
BRDA:531,0,13,1
BRDA:531,0,14,0
BRDA:531,0,15,1
BRDA:531,0,16,0
BRDA:531,0,17,1
BRDA:531,0,18,0
BRDA:531,0,19,1
BRDA:531,0,20,0
BRDA:531,0,21,1
BRDA:531,0,22,0
DA:532,1
BRDA:532,0,0,1
BRDA:532,0,1,0
BRDA:532,0,2,1
BRDA:532,0,3,0
BRDA:532,0,4,1
BRDA:532,0,5,0
BRDA:532,0,6,0
BRDA:532,0,7,1
BRDA:532,0,8,0
BRDA:532,0,9,1
BRDA:532,0,10,0
BRDA:532,0,11,1
BRDA:532,0,12,0
BRDA:532,0,13,1
BRDA:532,0,14,0
BRDA:532,0,15,1
BRDA:532,0,16,0
BRDA:532,0,17,1
BRDA:532,0,18,0
BRDA:532,0,19,1
BRDA:532,0,20,0
BRDA:532,0,21,1
BRDA:532,0,22,0
DA:534,1
BRDA:534,0,0,0
BRDA:534,0,1,1
BRDA:534,0,2,0
BRDA:534,0,3,1
BRDA:534,0,4,0
BRDA:534,0,5,1
BRDA:534,0,6,0
BRDA:534,0,7,0
BRDA:534,0,8,1
BRDA:534,0,9,0
BRDA:534,0,10,1
BRDA:534,0,11,0
BRDA:534,0,12,1
BRDA:534,0,13,0
BRDA:534,0,14,1
BRDA:534,0,15,0
BRDA:534,0,16,1
BRDA:534,0,17,0
BRDA:534,0,18,1
BRDA:534,0,19,0
BRDA:534,0,20,1
BRDA:534,0,21,0
BRDA:534,0,22,1
DA:535,1
BRDA:535,0,0,0
BRDA:535,0,1,1
BRDA:535,0,2,0
BRDA:535,0,3,1
BRDA:535,0,4,0
BRDA:535,0,5,1
BRDA:535,0,6,0
BRDA:535,0,7,0
BRDA:535,0,8,1
BRDA:535,0,9,0
BRDA:535,0,10,1
BRDA:535,0,11,0
BRDA:535,0,12,1
BRDA:535,0,13,0
BRDA:535,0,14,1
BRDA:535,0,15,0
BRDA:535,0,16,1
BRDA:535,0,17,0
BRDA:535,0,18,1
BRDA:535,0,19,0
BRDA:535,0,20,1
BRDA:535,0,21,0
BRDA:535,0,22,1
DA:536,1
BRDA:536,0,0,0
BRDA:536,0,1,1
BRDA:536,0,2,0
BRDA:536,0,3,1
BRDA:536,0,4,0
BRDA:536,0,5,1
BRDA:536,0,6,0
BRDA:536,0,7,0
BRDA:536,0,8,1
BRDA:536,0,9,0
BRDA:536,0,10,1
BRDA:536,0,11,0
BRDA:536,0,12,1
BRDA:536,0,13,0
BRDA:536,0,14,1
BRDA:536,0,15,0
BRDA:536,0,16,1
BRDA:536,0,17,0
BRDA:536,0,18,1
BRDA:536,0,19,0
BRDA:536,0,20,1
BRDA:536,0,21,0
BRDA:536,0,22,1
DA:539,1
BRDA:539,0,0,0
BRDA:539,0,1,0
BRDA:539,0,2,0
BRDA:539,0,3,0
BRDA:539,0,4,0
BRDA:539,0,5,0
BRDA:539,0,6,0
BRDA:539,0,7,0
BRDA:539,0,8,0
BRDA:539,0,9,0
BRDA:539,0,10,0
BRDA:539,0,11,0
BRDA:539,0,12,0
BRDA:539,0,13,0
BRDA:539,0,14,0
BRDA:539,0,15,0
BRDA:539,0,16,0
BRDA:539,0,17,0
BRDA:539,0,18,0
BRDA:539,0,19,0
BRDA:539,0,20,0
BRDA:539,0,21,0
BRDA:539,0,22,0
BRDA:539,0,23,1
BRDA:539,0,24,1
BRDA:539,0,25,1
BRDA:539,0,26,1
BRDA:539,0,27,1
BRDA:539,0,28,1
BRDA:539,0,29,0
BRDA:539,0,30,1
BRDA:539,0,31,1
BRDA:539,0,32,1
BRDA:539,0,33,1
BRDA:539,0,34,1
BRDA:539,0,35,1
BRDA:539,0,36,1
BRDA:539,0,37,1
BRDA:539,0,38,1
BRDA:539,0,39,1
BRDA:539,0,40,1
BRDA:539,0,41,1
BRDA:539,0,42,1
BRDA:539,0,43,1
BRDA:539,0,44,1
BRDA:539,0,45,1
DA:540,0
BRDA:540,0,0,0
BRDA:540,0,1,0
BRDA:540,0,2,0
BRDA:540,0,3,0
BRDA:540,0,4,0
BRDA:540,0,5,0
BRDA:540,0,6,0
BRDA:540,0,7,0
BRDA:540,0,8,0
BRDA:540,0,9,0
BRDA:540,0,10,0
BRDA:540,0,11,0
BRDA:540,0,12,0
BRDA:540,0,13,0
BRDA:540,0,14,0
BRDA:540,0,15,0
BRDA:540,0,16,0
BRDA:540,0,17,0
BRDA:540,0,18,0
BRDA:540,0,19,0
BRDA:540,0,20,0
BRDA:540,0,21,0
BRDA:540,0,22,0
BRDA:540,0,23,0
BRDA:540,0,24,0
BRDA:540,0,25,0
BRDA:540,0,26,0
BRDA:540,0,27,0
BRDA:540,0,28,0
BRDA:540,0,29,0
BRDA:540,0,30,0
BRDA:540,0,31,0
BRDA:540,0,32,0
BRDA:540,0,33,0
BRDA:540,0,34,0
BRDA:540,0,35,0
BRDA:540,0,36,0
BRDA:540,0,37,0
BRDA:540,0,38,0
BRDA:540,0,39,0
BRDA:540,0,40,0
BRDA:540,0,41,0
BRDA:540,0,42,0
BRDA:540,0,43,0
BRDA:540,0,44,0
BRDA:540,0,45,0
BRDA:540,0,46,0
BRDA:540,0,47,0
BRDA:540,0,48,0
BRDA:540,0,49,0
BRDA:540,0,50,0
BRDA:540,0,51,0
BRDA:540,0,52,0
BRDA:540,0,53,0
BRDA:540,0,54,0
BRDA:540,0,55,0
BRDA:540,0,56,0
BRDA:540,0,57,0
BRDA:540,0,58,0
BRDA:540,0,59,0
BRDA:540,0,60,0
BRDA:540,0,61,0
BRDA:540,0,62,0
BRDA:540,0,63,0
BRDA:540,0,64,0
BRDA:540,0,65,0
BRDA:540,0,66,0
BRDA:540,0,67,0
BRDA:540,0,68,0
DA:543,213
BRDA:543,0,0,1
BRDA:543,0,1,1
BRDA:543,0,2,1
BRDA:543,0,3,213
BRDA:543,0,4,1
BRDA:543,0,5,7
BRDA:543,0,6,0
BRDA:543,0,7,1
BRDA:543,0,8,1
BRDA:543,0,9,1
BRDA:543,0,10,1
BRDA:543,0,11,1
BRDA:543,0,12,1
BRDA:543,0,13,1
BRDA:543,0,14,1
BRDA:543,0,15,1
BRDA:543,0,16,1
BRDA:543,0,17,1
BRDA:543,0,18,1
BRDA:543,0,19,1
BRDA:543,0,20,31
BRDA:543,0,21,1
BRDA:543,0,22,101
DA:552,1
BRDA:552,0,0,0
BRDA:552,0,1,1
BRDA:552,0,2,0
BRDA:552,0,3,1
BRDA:552,0,4,0
BRDA:552,0,5,1
BRDA:552,0,6,0
BRDA:552,0,7,0
BRDA:552,0,8,1
BRDA:552,0,9,0
BRDA:552,0,10,1
BRDA:552,0,11,0
BRDA:552,0,12,1
BRDA:552,0,13,0
BRDA:552,0,14,1
BRDA:552,0,15,0
BRDA:552,0,16,1
BRDA:552,0,17,0
BRDA:552,0,18,1
BRDA:552,0,19,0
BRDA:552,0,20,1
BRDA:552,0,21,0
BRDA:552,0,22,1
DA:553,1
BRDA:553,0,0,0
BRDA:553,0,1,1
BRDA:553,0,2,0
BRDA:553,0,3,1
BRDA:553,0,4,0
BRDA:553,0,5,1
BRDA:553,0,6,0
BRDA:553,0,7,0
BRDA:553,0,8,1
BRDA:553,0,9,0
BRDA:553,0,10,1
BRDA:553,0,11,0
BRDA:553,0,12,1
BRDA:553,0,13,0
BRDA:553,0,14,1
BRDA:553,0,15,0
BRDA:553,0,16,1
BRDA:553,0,17,0
BRDA:553,0,18,1
BRDA:553,0,19,0
BRDA:553,0,20,1
BRDA:553,0,21,0
BRDA:553,0,22,1
DA:555,1
BRDA:555,0,0,0
BRDA:555,0,1,1
BRDA:555,0,2,0
BRDA:555,0,3,1
BRDA:555,0,4,0
BRDA:555,0,5,1
BRDA:555,0,6,0
BRDA:555,0,7,0
BRDA:555,0,8,1
BRDA:555,0,9,0
BRDA:555,0,10,1
BRDA:555,0,11,0
BRDA:555,0,12,1
BRDA:555,0,13,0
BRDA:555,0,14,1
BRDA:555,0,15,0
BRDA:555,0,16,1
BRDA:555,0,17,0
BRDA:555,0,18,1
BRDA:555,0,19,0
BRDA:555,0,20,1
BRDA:555,0,21,0
BRDA:555,0,22,1
DA:556,1
BRDA:556,0,0,0
BRDA:556,0,1,1
BRDA:556,0,2,0
BRDA:556,0,3,1
BRDA:556,0,4,0
BRDA:556,0,5,1
BRDA:556,0,6,0
BRDA:556,0,7,0
BRDA:556,0,8,1
BRDA:556,0,9,0
BRDA:556,0,10,1
BRDA:556,0,11,0
BRDA:556,0,12,1
BRDA:556,0,13,0
BRDA:556,0,14,1
BRDA:556,0,15,0
BRDA:556,0,16,1
BRDA:556,0,17,0
BRDA:556,0,18,1
BRDA:556,0,19,0
BRDA:556,0,20,1
BRDA:556,0,21,0
BRDA:556,0,22,1
DA:557,1
BRDA:557,0,0,0
BRDA:557,0,1,1
BRDA:557,0,2,0
BRDA:557,0,3,1
BRDA:557,0,4,0
BRDA:557,0,5,1
BRDA:557,0,6,0
BRDA:557,0,7,0
BRDA:557,0,8,1
BRDA:557,0,9,0
BRDA:557,0,10,1
BRDA:557,0,11,0
BRDA:557,0,12,1
BRDA:557,0,13,0
BRDA:557,0,14,1
BRDA:557,0,15,0
BRDA:557,0,16,1
BRDA:557,0,17,0
BRDA:557,0,18,1
BRDA:557,0,19,0
BRDA:557,0,20,1
BRDA:557,0,21,0
BRDA:557,0,22,1
DA:559,1
BRDA:559,0,0,0
BRDA:559,0,1,1
BRDA:559,0,2,0
BRDA:559,0,3,1
BRDA:559,0,4,0
BRDA:559,0,5,1
BRDA:559,0,6,0
BRDA:559,0,7,0
BRDA:559,0,8,1
BRDA:559,0,9,0
BRDA:559,0,10,1
BRDA:559,0,11,0
BRDA:559,0,12,1
BRDA:559,0,13,0
BRDA:559,0,14,1
BRDA:559,0,15,0
BRDA:559,0,16,1
BRDA:559,0,17,0
BRDA:559,0,18,1
BRDA:559,0,19,0
BRDA:559,0,20,1
BRDA:559,0,21,0
BRDA:559,0,22,1
DA:560,1
BRDA:560,0,0,0
BRDA:560,0,1,1
BRDA:560,0,2,0
BRDA:560,0,3,1
BRDA:560,0,4,0
BRDA:560,0,5,1
BRDA:560,0,6,0
BRDA:560,0,7,0
BRDA:560,0,8,1
BRDA:560,0,9,0
BRDA:560,0,10,1
BRDA:560,0,11,0
BRDA:560,0,12,1
BRDA:560,0,13,0
BRDA:560,0,14,1
BRDA:560,0,15,0
BRDA:560,0,16,1
BRDA:560,0,17,0
BRDA:560,0,18,1
BRDA:560,0,19,0
BRDA:560,0,20,1
BRDA:560,0,21,0
BRDA:560,0,22,1
DA:562,1
BRDA:562,0,0,0
BRDA:562,0,1,1
BRDA:562,0,2,0
BRDA:562,0,3,1
BRDA:562,0,4,0
BRDA:562,0,5,1
BRDA:562,0,6,0
BRDA:562,0,7,0
BRDA:562,0,8,1
BRDA:562,0,9,0
BRDA:562,0,10,1
BRDA:562,0,11,0
BRDA:562,0,12,1
BRDA:562,0,13,0
BRDA:562,0,14,1
BRDA:562,0,15,0
BRDA:562,0,16,1
BRDA:562,0,17,0
BRDA:562,0,18,1
BRDA:562,0,19,0
BRDA:562,0,20,1
BRDA:562,0,21,0
BRDA:562,0,22,1
DA:564,1
BRDA:564,0,0,0
BRDA:564,0,1,1
BRDA:564,0,2,0
BRDA:564,0,3,1
BRDA:564,0,4,0
BRDA:564,0,5,1
BRDA:564,0,6,0
BRDA:564,0,7,0
BRDA:564,0,8,1
BRDA:564,0,9,0
BRDA:564,0,10,1
BRDA:564,0,11,0
BRDA:564,0,12,1
BRDA:564,0,13,0
BRDA:564,0,14,1
BRDA:564,0,15,0
BRDA:564,0,16,1
BRDA:564,0,17,0
BRDA:564,0,18,1
BRDA:564,0,19,0
BRDA:564,0,20,1
BRDA:564,0,21,0
BRDA:564,0,22,1
DA:567,0
BRDA:567,0,0,0
BRDA:567,0,1,0
BRDA:567,0,2,0
BRDA:567,0,3,0
BRDA:567,0,4,0
BRDA:567,0,5,0
BRDA:567,0,6,0
BRDA:567,0,7,0
BRDA:567,0,8,0
BRDA:567,0,9,0
BRDA:567,0,10,0
BRDA:567,0,11,0
BRDA:567,0,12,0
BRDA:567,0,13,0
BRDA:567,0,14,0
BRDA:567,0,15,0
BRDA:567,0,16,0
BRDA:567,0,17,0
BRDA:567,0,18,0
BRDA:567,0,19,0
BRDA:567,0,20,0
BRDA:567,0,21,0
BRDA:567,0,22,0
DA:568,0
BRDA:568,0,0,0
BRDA:568,0,1,0
BRDA:568,0,2,0
BRDA:568,0,3,0
BRDA:568,0,4,0
BRDA:568,0,5,0
BRDA:568,0,6,0
BRDA:568,0,7,0
BRDA:568,0,8,0
BRDA:568,0,9,0
BRDA:568,0,10,0
BRDA:568,0,11,0
BRDA:568,0,12,0
BRDA:568,0,13,0
BRDA:568,0,14,0
BRDA:568,0,15,0
BRDA:568,0,16,0
BRDA:568,0,17,0
BRDA:568,0,18,0
BRDA:568,0,19,0
BRDA:568,0,20,0
BRDA:568,0,21,0
BRDA:568,0,22,0
BRDA:568,0,23,0
BRDA:568,0,24,0
BRDA:568,0,25,0
BRDA:568,0,26,0
BRDA:568,0,27,0
BRDA:568,0,28,0
BRDA:568,0,29,0
BRDA:568,0,30,0
BRDA:568,0,31,0
BRDA:568,0,32,0
BRDA:568,0,33,0
BRDA:568,0,34,0
BRDA:568,0,35,0
BRDA:568,0,36,0
BRDA:568,0,37,0
BRDA:568,0,38,0
BRDA:568,0,39,0
BRDA:568,0,40,0
BRDA:568,0,41,0
BRDA:568,0,42,0
BRDA:568,0,43,0
BRDA:568,0,44,0
BRDA:568,0,45,0
DA:569,0
BRDA:569,0,0,0
BRDA:569,0,1,0
BRDA:569,0,2,0
BRDA:569,0,3,0
BRDA:569,0,4,0
BRDA:569,0,5,0
BRDA:569,0,6,0
BRDA:569,0,7,0
BRDA:569,0,8,0
BRDA:569,0,9,0
BRDA:569,0,10,0
BRDA:569,0,11,0
BRDA:569,0,12,0
BRDA:569,0,13,0
BRDA:569,0,14,0
BRDA:569,0,15,0
BRDA:569,0,16,0
BRDA:569,0,17,0
BRDA:569,0,18,0
BRDA:569,0,19,0
BRDA:569,0,20,0
BRDA:569,0,21,0
BRDA:569,0,22,0
DA:574,0
BRDA:574,0,0,0
BRDA:574,0,1,0
BRDA:574,0,2,0
BRDA:574,0,3,0
BRDA:574,0,4,0
BRDA:574,0,5,0
BRDA:574,0,6,0
BRDA:574,0,7,0
BRDA:574,0,8,0
BRDA:574,0,9,0
BRDA:574,0,10,0
BRDA:574,0,11,0
BRDA:574,0,12,0
BRDA:574,0,13,0
BRDA:574,0,14,0
BRDA:574,0,15,0
BRDA:574,0,16,0
BRDA:574,0,17,0
BRDA:574,0,18,0
BRDA:574,0,19,0
BRDA:574,0,20,0
BRDA:574,0,21,0
BRDA:574,0,22,0
DA:575,0
BRDA:575,0,0,0
BRDA:575,0,1,0
BRDA:575,0,2,0
BRDA:575,0,3,0
BRDA:575,0,4,0
BRDA:575,0,5,0
BRDA:575,0,6,0
BRDA:575,0,7,0
BRDA:575,0,8,0
BRDA:575,0,9,0
BRDA:575,0,10,0
BRDA:575,0,11,0
BRDA:575,0,12,0
BRDA:575,0,13,0
BRDA:575,0,14,0
BRDA:575,0,15,0
BRDA:575,0,16,0
BRDA:575,0,17,0
BRDA:575,0,18,0
BRDA:575,0,19,0
BRDA:575,0,20,0
BRDA:575,0,21,0
BRDA:575,0,22,0
DA:576,0
BRDA:576,0,0,0
BRDA:576,0,1,0
BRDA:576,0,2,0
BRDA:576,0,3,0
BRDA:576,0,4,0
BRDA:576,0,5,0
BRDA:576,0,6,0
BRDA:576,0,7,0
BRDA:576,0,8,0
BRDA:576,0,9,0
BRDA:576,0,10,0
BRDA:576,0,11,0
BRDA:576,0,12,0
BRDA:576,0,13,0
BRDA:576,0,14,0
BRDA:576,0,15,0
BRDA:576,0,16,0
BRDA:576,0,17,0
BRDA:576,0,18,0
BRDA:576,0,19,0
BRDA:576,0,20,0
BRDA:576,0,21,0
BRDA:576,0,22,0
DA:598,0
BRDA:598,0,0,0
BRDA:598,0,1,0
BRDA:598,0,2,0
BRDA:598,0,3,0
BRDA:598,0,4,0
BRDA:598,0,5,0
BRDA:598,0,6,0
BRDA:598,0,7,0
BRDA:598,0,8,0
BRDA:598,0,9,0
BRDA:598,0,10,0
BRDA:598,0,11,0
BRDA:598,0,12,0
BRDA:598,0,13,0
BRDA:598,0,14,0
BRDA:598,0,15,0
BRDA:598,0,16,0
BRDA:598,0,17,0
BRDA:598,0,18,0
BRDA:598,0,19,0
BRDA:598,0,20,0
BRDA:598,0,21,0
BRDA:598,0,22,0
DA:599,0
BRDA:599,0,0,0
BRDA:599,0,1,0
BRDA:599,0,2,0
BRDA:599,0,3,0
BRDA:599,0,4,0
BRDA:599,0,5,0
BRDA:599,0,6,0
BRDA:599,0,7,0
BRDA:599,0,8,0
BRDA:599,0,9,0
BRDA:599,0,10,0
BRDA:599,0,11,0
BRDA:599,0,12,0
BRDA:599,0,13,0
BRDA:599,0,14,0
BRDA:599,0,15,0
BRDA:599,0,16,0
BRDA:599,0,17,0
BRDA:599,0,18,0
BRDA:599,0,19,0
BRDA:599,0,20,0
BRDA:599,0,21,0
BRDA:599,0,22,0
DA:600,0
BRDA:600,0,0,0
BRDA:600,0,1,0
BRDA:600,0,2,0
BRDA:600,0,3,0
BRDA:600,0,4,0
BRDA:600,0,5,0
BRDA:600,0,6,0
BRDA:600,0,7,0
BRDA:600,0,8,0
BRDA:600,0,9,0
BRDA:600,0,10,0
BRDA:600,0,11,0
BRDA:600,0,12,0
BRDA:600,0,13,0
BRDA:600,0,14,0
BRDA:600,0,15,0
BRDA:600,0,16,0
BRDA:600,0,17,0
BRDA:600,0,18,0
BRDA:600,0,19,0
BRDA:600,0,20,0
BRDA:600,0,21,0
BRDA:600,0,22,0
DA:602,0
BRDA:602,0,0,0
BRDA:602,0,1,0
BRDA:602,0,2,0
BRDA:602,0,3,0
BRDA:602,0,4,0
BRDA:602,0,5,0
BRDA:602,0,6,0
BRDA:602,0,7,0
BRDA:602,0,8,0
BRDA:602,0,9,0
BRDA:602,0,10,0
BRDA:602,0,11,0
BRDA:602,0,12,0
BRDA:602,0,13,0
BRDA:602,0,14,0
BRDA:602,0,15,0
BRDA:602,0,16,0
BRDA:602,0,17,0
BRDA:602,0,18,0
BRDA:602,0,19,0
BRDA:602,0,20,0
BRDA:602,0,21,0
BRDA:602,0,22,0
DA:604,0
BRDA:604,0,0,0
BRDA:604,0,1,0
BRDA:604,0,2,0
BRDA:604,0,3,0
BRDA:604,0,4,0
BRDA:604,0,5,0
BRDA:604,0,6,0
BRDA:604,0,7,0
BRDA:604,0,8,0
BRDA:604,0,9,0
BRDA:604,0,10,0
BRDA:604,0,11,0
BRDA:604,0,12,0
BRDA:604,0,13,0
BRDA:604,0,14,0
BRDA:604,0,15,0
BRDA:604,0,16,0
BRDA:604,0,17,0
BRDA:604,0,18,0
BRDA:604,0,19,0
BRDA:604,0,20,0
BRDA:604,0,21,0
BRDA:604,0,22,0
BRDA:604,0,23,0
BRDA:604,0,24,0
BRDA:604,0,25,0
BRDA:604,0,26,0
BRDA:604,0,27,0
BRDA:604,0,28,0
BRDA:604,0,29,0
BRDA:604,0,30,0
BRDA:604,0,31,0
BRDA:604,0,32,0
BRDA:604,0,33,0
BRDA:604,0,34,0
BRDA:604,0,35,0
BRDA:604,0,36,0
BRDA:604,0,37,0
BRDA:604,0,38,0
BRDA:604,0,39,0
BRDA:604,0,40,0
BRDA:604,0,41,0
BRDA:604,0,42,0
BRDA:604,0,43,0
BRDA:604,0,44,0
BRDA:604,0,45,0
DA:605,0
BRDA:605,0,0,0
BRDA:605,0,1,0
BRDA:605,0,2,0
BRDA:605,0,3,0
BRDA:605,0,4,0
BRDA:605,0,5,0
BRDA:605,0,6,0
BRDA:605,0,7,0
BRDA:605,0,8,0
BRDA:605,0,9,0
BRDA:605,0,10,0
BRDA:605,0,11,0
BRDA:605,0,12,0
BRDA:605,0,13,0
BRDA:605,0,14,0
BRDA:605,0,15,0
BRDA:605,0,16,0
BRDA:605,0,17,0
BRDA:605,0,18,0
BRDA:605,0,19,0
BRDA:605,0,20,0
BRDA:605,0,21,0
BRDA:605,0,22,0
BRDA:605,0,23,0
BRDA:605,0,24,0
BRDA:605,0,25,0
BRDA:605,0,26,0
BRDA:605,0,27,0
BRDA:605,0,28,0
BRDA:605,0,29,0
BRDA:605,0,30,0
BRDA:605,0,31,0
BRDA:605,0,32,0
BRDA:605,0,33,0
BRDA:605,0,34,0
BRDA:605,0,35,0
BRDA:605,0,36,0
BRDA:605,0,37,0
BRDA:605,0,38,0
BRDA:605,0,39,0
BRDA:605,0,40,0
BRDA:605,0,41,0
BRDA:605,0,42,0
BRDA:605,0,43,0
BRDA:605,0,44,0
BRDA:605,0,45,0
DA:606,0
BRDA:606,0,0,0
BRDA:606,0,1,0
BRDA:606,0,2,0
BRDA:606,0,3,0
BRDA:606,0,4,0
BRDA:606,0,5,0
BRDA:606,0,6,0
BRDA:606,0,7,0
BRDA:606,0,8,0
BRDA:606,0,9,0
BRDA:606,0,10,0
BRDA:606,0,11,0
BRDA:606,0,12,0
BRDA:606,0,13,0
BRDA:606,0,14,0
BRDA:606,0,15,0
BRDA:606,0,16,0
BRDA:606,0,17,0
BRDA:606,0,18,0
BRDA:606,0,19,0
BRDA:606,0,20,0
BRDA:606,0,21,0
BRDA:606,0,22,0
DA:608,0
BRDA:608,0,0,0
BRDA:608,0,1,0
BRDA:608,0,2,0
BRDA:608,0,3,0
BRDA:608,0,4,0
BRDA:608,0,5,0
BRDA:608,0,6,0
BRDA:608,0,7,0
BRDA:608,0,8,0
BRDA:608,0,9,0
BRDA:608,0,10,0
BRDA:608,0,11,0
BRDA:608,0,12,0
BRDA:608,0,13,0
BRDA:608,0,14,0
BRDA:608,0,15,0
BRDA:608,0,16,0
BRDA:608,0,17,0
BRDA:608,0,18,0
BRDA:608,0,19,0
BRDA:608,0,20,0
BRDA:608,0,21,0
BRDA:608,0,22,0
DA:610,0
BRDA:610,0,0,0
BRDA:610,0,1,0
BRDA:610,0,2,0
BRDA:610,0,3,0
BRDA:610,0,4,0
BRDA:610,0,5,0
BRDA:610,0,6,0
BRDA:610,0,7,0
BRDA:610,0,8,0
BRDA:610,0,9,0
BRDA:610,0,10,0
BRDA:610,0,11,0
BRDA:610,0,12,0
BRDA:610,0,13,0
BRDA:610,0,14,0
BRDA:610,0,15,0
BRDA:610,0,16,0
BRDA:610,0,17,0
BRDA:610,0,18,0
BRDA:610,0,19,0
BRDA:610,0,20,0
BRDA:610,0,21,0
BRDA:610,0,22,0
DA:611,0
BRDA:611,0,0,0
BRDA:611,0,1,0
BRDA:611,0,2,0
BRDA:611,0,3,0
BRDA:611,0,4,0
BRDA:611,0,5,0
BRDA:611,0,6,0
BRDA:611,0,7,0
BRDA:611,0,8,0
BRDA:611,0,9,0
BRDA:611,0,10,0
BRDA:611,0,11,0
BRDA:611,0,12,0
BRDA:611,0,13,0
BRDA:611,0,14,0
BRDA:611,0,15,0
BRDA:611,0,16,0
BRDA:611,0,17,0
BRDA:611,0,18,0
BRDA:611,0,19,0
BRDA:611,0,20,0
BRDA:611,0,21,0
BRDA:611,0,22,0
DA:612,0
BRDA:612,0,0,0
BRDA:612,0,1,0
BRDA:612,0,2,0
BRDA:612,0,3,0
BRDA:612,0,4,0
BRDA:612,0,5,0
BRDA:612,0,6,0
BRDA:612,0,7,0
BRDA:612,0,8,0
BRDA:612,0,9,0
BRDA:612,0,10,0
BRDA:612,0,11,0
BRDA:612,0,12,0
BRDA:612,0,13,0
BRDA:612,0,14,0
BRDA:612,0,15,0
BRDA:612,0,16,0
BRDA:612,0,17,0
BRDA:612,0,18,0
BRDA:612,0,19,0
BRDA:612,0,20,0
BRDA:612,0,21,0
BRDA:612,0,22,0
BRDA:612,0,23,0
BRDA:612,0,24,0
BRDA:612,0,25,0
BRDA:612,0,26,0
BRDA:612,0,27,0
BRDA:612,0,28,0
BRDA:612,0,29,0
BRDA:612,0,30,0
BRDA:612,0,31,0
BRDA:612,0,32,0
BRDA:612,0,33,0
BRDA:612,0,34,0
BRDA:612,0,35,0
BRDA:612,0,36,0
BRDA:612,0,37,0
BRDA:612,0,38,0
BRDA:612,0,39,0
BRDA:612,0,40,0
BRDA:612,0,41,0
BRDA:612,0,42,0
BRDA:612,0,43,0
BRDA:612,0,44,0
BRDA:612,0,45,0
DA:613,0
BRDA:613,0,0,0
BRDA:613,0,1,0
BRDA:613,0,2,0
BRDA:613,0,3,0
BRDA:613,0,4,0
BRDA:613,0,5,0
BRDA:613,0,6,0
BRDA:613,0,7,0
BRDA:613,0,8,0
BRDA:613,0,9,0
BRDA:613,0,10,0
BRDA:613,0,11,0
BRDA:613,0,12,0
BRDA:613,0,13,0
BRDA:613,0,14,0
BRDA:613,0,15,0
BRDA:613,0,16,0
BRDA:613,0,17,0
BRDA:613,0,18,0
BRDA:613,0,19,0
BRDA:613,0,20,0
BRDA:613,0,21,0
BRDA:613,0,22,0
DA:615,0
BRDA:615,0,0,0
BRDA:615,0,1,0
BRDA:615,0,2,0
BRDA:615,0,3,0
BRDA:615,0,4,0
BRDA:615,0,5,0
BRDA:615,0,6,0
BRDA:615,0,7,0
BRDA:615,0,8,0
BRDA:615,0,9,0
BRDA:615,0,10,0
BRDA:615,0,11,0
BRDA:615,0,12,0
BRDA:615,0,13,0
BRDA:615,0,14,0
BRDA:615,0,15,0
BRDA:615,0,16,0
BRDA:615,0,17,0
BRDA:615,0,18,0
BRDA:615,0,19,0
BRDA:615,0,20,0
BRDA:615,0,21,0
BRDA:615,0,22,0
DA:617,0
BRDA:617,0,0,0
BRDA:617,0,1,0
BRDA:617,0,2,0
BRDA:617,0,3,0
BRDA:617,0,4,0
BRDA:617,0,5,0
BRDA:617,0,6,0
BRDA:617,0,7,0
BRDA:617,0,8,0
BRDA:617,0,9,0
BRDA:617,0,10,0
BRDA:617,0,11,0
BRDA:617,0,12,0
BRDA:617,0,13,0
BRDA:617,0,14,0
BRDA:617,0,15,0
BRDA:617,0,16,0
BRDA:617,0,17,0
BRDA:617,0,18,0
BRDA:617,0,19,0
BRDA:617,0,20,0
BRDA:617,0,21,0
BRDA:617,0,22,0
DA:618,0
BRDA:618,0,0,0
BRDA:618,0,1,0
BRDA:618,0,2,0
BRDA:618,0,3,0
BRDA:618,0,4,0
BRDA:618,0,5,0
BRDA:618,0,6,0
BRDA:618,0,7,0
BRDA:618,0,8,0
BRDA:618,0,9,0
BRDA:618,0,10,0
BRDA:618,0,11,0
BRDA:618,0,12,0
BRDA:618,0,13,0
BRDA:618,0,14,0
BRDA:618,0,15,0
BRDA:618,0,16,0
[...]
BRDA:152,0,5,0
BRF:24
BRH:0
end_of_record
SF:/home/matheus/tools/1800.2-2017-1.0/src/tlm1/uvm_sqr_connections.svh
DA:48,1
BRDA:48,0,0,0
BRDA:48,0,1,1
BRDA:48,0,2,0
BRDA:48,0,3,1
DA:49,24
BRDA:49,0,0,0
BRDA:49,0,1,0
BRDA:49,0,2,0
BRDA:49,0,3,24
BRDA:49,0,4,0
BRDA:49,0,5,24
DA:86,1
BRDA:86,0,0,0
BRDA:86,0,1,0
BRDA:86,0,2,1
BRDA:86,0,3,0
BRDA:86,0,4,0
BRDA:86,0,5,0
DA:87,24
BRDA:87,0,0,0
BRDA:87,0,1,0
BRDA:87,0,2,0
BRDA:87,0,3,0
BRDA:87,0,4,0
BRDA:87,0,5,24
BRDA:87,0,6,0
BRDA:87,0,7,0
BRDA:87,0,8,24
BRF:25
BRH:4
end_of_record
SF:/home/matheus/tools/1800.2-2017-1.0/src/tlm1/uvm_sqr_ifs.svh
DA:42,2
BRDA:42,0,0,2
BRDA:42,0,1,0
BRDA:42,0,2,0
DA:64,0
BRDA:64,0,0,0
BRDA:64,0,1,0
BRDA:64,0,2,0
DA:65,0
BRDA:65,0,0,0
BRDA:65,0,1,0
BRDA:65,0,2,0
DA:89,0
BRDA:89,0,0,0
BRDA:89,0,1,0
BRDA:89,0,2,0
DA:90,0
BRDA:90,0,0,0
BRDA:90,0,1,0
BRDA:90,0,2,0
DA:113,0
BRDA:113,0,0,0
BRDA:113,0,1,0
BRDA:113,0,2,0
DA:114,0
BRDA:114,0,0,0
BRDA:114,0,1,0
BRDA:114,0,2,0
DA:128,0
BRDA:128,0,0,0
BRDA:128,0,1,0
BRDA:128,0,2,0
DA:129,0
BRDA:129,0,0,0
BRDA:129,0,1,0
BRDA:129,0,2,0
DA:139,0
BRDA:139,0,0,0
BRDA:139,0,1,0
BRDA:139,0,2,0
DA:140,0
BRDA:140,0,0,0
BRDA:140,0,1,0
BRDA:140,0,2,0
DA:141,0
BRDA:141,0,0,0
BRDA:141,0,1,0
BRDA:141,0,2,0
DA:170,0
BRDA:170,0,0,0
BRDA:170,0,1,0
BRDA:170,0,2,0
DA:171,0
BRDA:171,0,0,0
BRDA:171,0,1,0
BRDA:171,0,2,0
DA:195,0
BRDA:195,0,0,0
BRDA:195,0,1,0
BRDA:195,0,2,0
DA:196,0
BRDA:196,0,0,0
BRDA:196,0,1,0
BRDA:196,0,2,0
DA:217,0
BRDA:217,0,0,0
BRDA:217,0,1,0
BRDA:217,0,2,0
DA:218,0
BRDA:218,0,0,0
BRDA:218,0,1,0
BRDA:218,0,2,0
DA:233,0
BRDA:233,0,0,0
BRDA:233,0,1,0
BRDA:233,0,2,0
DA:234,0
BRDA:234,0,0,0
BRDA:234,0,1,0
BRDA:234,0,2,0
DA:254,0
BRDA:254,0,0,0
BRDA:254,0,1,0
BRDA:254,0,2,0
DA:255,0
BRDA:255,0,0,0
BRDA:255,0,1,0
BRDA:255,0,2,0
DA:263,0
BRDA:263,0,0,0
BRDA:263,0,1,0
BRDA:263,0,2,0
DA:264,0
BRDA:264,0,0,0
BRDA:264,0,1,0
BRDA:264,0,2,0
DA:265,0
BRDA:265,0,0,0
BRDA:265,0,1,0
BRDA:265,0,2,0
BRF:75
BRH:0
end_of_record
SF:/home/matheus/tools/1800.2-2017-1.0/src/tlm1/uvm_tlm_fifo_base.svh
DA:28,0
DA:53,0
BRDA:53,0,0,0
BRDA:53,0,1,0
BRDA:53,0,2,0
BRDA:53,0,3,0
BRDA:53,0,4,0
BRDA:53,0,5,0
DA:151,2
BRDA:151,0,0,2
BRDA:151,0,1,0
BRDA:151,0,2,0
DA:152,2
BRDA:152,0,0,2
BRDA:152,0,1,0
BRDA:152,0,2,0
DA:154,2
BRDA:154,0,0,2
BRDA:154,0,1,0
BRDA:154,0,2,0
DA:155,2
BRDA:155,0,0,2
BRDA:155,0,1,0
BRDA:155,0,2,0
DA:156,2
BRDA:156,0,0,2
BRDA:156,0,1,0
BRDA:156,0,2,0
DA:158,2
BRDA:158,0,0,2
BRDA:158,0,1,0
BRDA:158,0,2,0
DA:159,2
BRDA:159,0,0,2
BRDA:159,0,1,0
BRDA:159,0,2,0
DA:160,2
BRDA:160,0,0,2
BRDA:160,0,1,0
BRDA:160,0,2,0
DA:161,2
BRDA:161,0,0,2
BRDA:161,0,1,0
BRDA:161,0,2,0
DA:162,2
BRDA:162,0,0,2
BRDA:162,0,1,0
BRDA:162,0,2,0
DA:163,2
BRDA:163,0,0,2
BRDA:163,0,1,0
BRDA:163,0,2,0
DA:164,2
BRDA:164,0,0,2
BRDA:164,0,1,0
BRDA:164,0,2,0
DA:165,2
BRDA:165,0,0,2
BRDA:165,0,1,0
BRDA:165,0,2,0
DA:166,2
BRDA:166,0,0,2
BRDA:166,0,1,0
BRDA:166,0,2,0
DA:168,2
BRDA:168,0,0,2
BRDA:168,0,1,0
BRDA:168,0,2,0
DA:169,2
BRDA:169,0,0,2
BRDA:169,0,1,0
BRDA:169,0,2,0
DA:174,2
BRDA:174,0,0,2
BRDA:174,0,1,0
BRDA:174,0,2,0
DA:175,2
BRDA:175,0,0,2
BRDA:175,0,1,0
BRDA:175,0,2,0
DA:179,0
BRDA:179,0,0,0
BRDA:179,0,1,0
BRDA:179,0,2,0
DA:180,0
BRDA:180,0,0,0
BRDA:180,0,1,0
BRDA:180,0,2,0
DA:184,0
BRDA:184,0,0,0
BRDA:184,0,1,0
BRDA:184,0,2,0
DA:185,0
BRDA:185,0,0,0
BRDA:185,0,1,0
BRDA:185,0,2,0
DA:186,0
BRDA:186,0,0,0
BRDA:186,0,1,0
BRDA:186,0,2,0
DA:190,0
BRDA:190,0,0,0
BRDA:190,0,1,0
BRDA:190,0,2,0
DA:191,0
BRDA:191,0,0,0
BRDA:191,0,1,0
BRDA:191,0,2,0
DA:195,0
BRDA:195,0,0,0
BRDA:195,0,1,0
BRDA:195,0,2,0
DA:196,0
BRDA:196,0,0,0
BRDA:196,0,1,0
BRDA:196,0,2,0
DA:200,0
BRDA:200,0,0,0
BRDA:200,0,1,0
BRDA:200,0,2,0
DA:201,0
BRDA:201,0,0,0
BRDA:201,0,1,0
BRDA:201,0,2,0
DA:205,0
BRDA:205,0,0,0
BRDA:205,0,1,0
BRDA:205,0,2,0
DA:206,0
BRDA:206,0,0,0
BRDA:206,0,1,0
BRDA:206,0,2,0
DA:207,0
BRDA:207,0,0,0
BRDA:207,0,1,0
BRDA:207,0,2,0
DA:211,0
BRDA:211,0,0,0
BRDA:211,0,1,0
BRDA:211,0,2,0
DA:212,0
BRDA:212,0,0,0
BRDA:212,0,1,0
BRDA:212,0,2,0
DA:213,0
BRDA:213,0,0,0
BRDA:213,0,1,0
BRDA:213,0,2,0
DA:217,0
BRDA:217,0,0,0
BRDA:217,0,1,0
BRDA:217,0,2,0
DA:218,0
BRDA:218,0,0,0
BRDA:218,0,1,0
BRDA:218,0,2,0
DA:219,0
BRDA:219,0,0,0
BRDA:219,0,1,0
BRDA:219,0,2,0
DA:223,0
BRDA:223,0,0,0
BRDA:223,0,1,0
BRDA:223,0,2,0
DA:224,0
BRDA:224,0,0,0
BRDA:224,0,1,0
BRDA:224,0,2,0
DA:225,0
BRDA:225,0,0,0
BRDA:225,0,1,0
BRDA:225,0,2,0
DA:229,0
BRDA:229,0,0,0
BRDA:229,0,1,0
BRDA:229,0,2,0
DA:230,0
BRDA:230,0,0,0
BRDA:230,0,1,0
BRDA:230,0,2,0
DA:231,0
BRDA:231,0,0,0
BRDA:231,0,1,0
BRDA:231,0,2,0
DA:235,0
BRDA:235,0,0,0
BRDA:235,0,1,0
BRDA:235,0,2,0
DA:236,0
BRDA:236,0,0,0
BRDA:236,0,1,0
BRDA:236,0,2,0
DA:237,0
BRDA:237,0,0,0
BRDA:237,0,1,0
BRDA:237,0,2,0
DA:240,0
BRDA:240,0,0,0
BRDA:240,0,1,0
BRDA:240,0,2,0
DA:241,0
BRDA:241,0,0,0
BRDA:241,0,1,0
BRDA:241,0,2,0
DA:242,0
BRDA:242,0,0,0
BRDA:242,0,1,0
BRDA:242,0,2,0
DA:245,0
BRDA:245,0,0,0
BRDA:245,0,1,0
BRDA:245,0,2,0
DA:246,0
BRDA:246,0,0,0
BRDA:246,0,1,0
BRDA:246,0,2,0
DA:247,0
BRDA:247,0,0,0
BRDA:247,0,1,0
BRDA:247,0,2,0
DA:250,0
BRDA:250,0,0,0
BRDA:250,0,1,0
BRDA:250,0,2,0
DA:251,0
BRDA:251,0,0,0
BRDA:251,0,1,0
BRDA:251,0,2,0
DA:252,0
BRDA:252,0,0,0
BRDA:252,0,1,0
BRDA:252,0,2,0
DA:256,0
BRDA:256,0,0,0
BRDA:256,0,1,0
BRDA:256,0,2,0
DA:257,0
BRDA:257,0,0,0
BRDA:257,0,1,0
BRDA:257,0,2,0
DA:258,0
BRDA:258,0,0,0
BRDA:258,0,1,0
BRDA:258,0,2,0
DA:262,0
BRDA:262,0,0,0
BRDA:262,0,1,0
BRDA:262,0,2,0
DA:263,0
BRDA:263,0,0,0
BRDA:263,0,1,0
BRDA:263,0,2,0
DA:264,0
BRDA:264,0,0,0
BRDA:264,0,1,0
BRDA:264,0,2,0
DA:268,0
BRDA:268,0,0,0
BRDA:268,0,1,0
BRDA:268,0,2,0
DA:269,0
BRDA:269,0,0,0
BRDA:269,0,1,0
BRDA:269,0,2,0
DA:270,0
BRDA:270,0,0,0
BRDA:270,0,1,0
BRDA:270,0,2,0
BRF:201
BRH:0
end_of_record
SF:/home/matheus/tools/1800.2-2017-1.0/src/tlm1/uvm_tlm_fifos.svh
DA:51,0
BRDA:51,0,0,0
BRDA:51,0,1,0
BRDA:51,0,2,0
BRDA:51,0,3,0
BRDA:51,0,4,0
BRDA:51,0,5,0
DA:52,2
BRDA:52,0,0,0
BRDA:52,0,1,0
BRDA:52,0,2,0
BRDA:52,0,3,2
BRDA:52,0,4,0
BRDA:52,0,5,0
DA:66,2
BRDA:66,0,0,2
BRDA:66,0,1,0
BRDA:66,0,2,0
DA:67,2
BRDA:67,0,0,2
BRDA:67,0,1,0
BRDA:67,0,2,0
DA:68,2
BRDA:68,0,0,2
BRDA:68,0,1,0
BRDA:68,0,2,0
DA:69,2
BRDA:69,0,0,2
BRDA:69,0,1,0
BRDA:69,0,2,0
DA:78,0
BRDA:78,0,0,0
BRDA:78,0,1,0
BRDA:78,0,2,0
DA:79,0
BRDA:79,0,0,0
BRDA:79,0,1,0
BRDA:79,0,2,0
DA:87,0
BRDA:87,0,0,0
BRDA:87,0,1,0
BRDA:87,0,2,0
DA:88,0
BRDA:88,0,0,0
BRDA:88,0,1,0
BRDA:88,0,2,0
DA:96,0
BRDA:96,0,0,0
BRDA:96,0,1,0
BRDA:96,0,2,0
DA:97,0
BRDA:97,0,0,0
BRDA:97,0,1,0
BRDA:97,0,2,0
DA:106,0
BRDA:106,0,0,0
BRDA:106,0,1,0
BRDA:106,0,2,0
DA:107,0
BRDA:107,0,0,0
BRDA:107,0,1,0
BRDA:107,0,2,0
DA:112,0
BRDA:112,0,0,0
BRDA:112,0,1,0
BRDA:112,0,2,0
DA:113,0
BRDA:113,0,0,0
BRDA:113,0,1,0
BRDA:113,0,2,0
DA:114,0
BRDA:114,0,0,0
BRDA:114,0,1,0
BRDA:114,0,2,0
DA:117,0
BRDA:117,0,0,0
BRDA:117,0,1,0
BRDA:117,0,2,0
DA:118,0
BRDA:118,0,0,0
BRDA:118,0,1,0
BRDA:118,0,2,0
DA:119,0
BRDA:119,0,0,0
BRDA:119,0,1,0
BRDA:119,0,2,0
DA:120,0
BRDA:120,0,0,0
BRDA:120,0,1,0
BRDA:120,0,2,0
DA:121,0
BRDA:121,0,0,0
BRDA:121,0,1,0
BRDA:121,0,2,0
DA:124,24
BRDA:124,0,0,24
BRDA:124,0,1,0
BRDA:124,0,2,0
DA:125,24
BRDA:125,0,0,24
BRDA:125,0,1,0
BRDA:125,0,2,0
DA:128,24
BRDA:128,0,0,24
BRDA:128,0,1,0
BRDA:128,0,2,0
DA:129,24
BRDA:129,0,0,0
BRDA:129,0,1,0
BRDA:129,0,2,0
BRDA:129,0,3,24
BRDA:129,0,4,0
BRDA:129,0,5,0
DA:130,0
BRDA:130,0,0,0
BRDA:130,0,1,0
BRDA:130,0,2,0
DA:133,24
BRDA:133,0,0,24
BRDA:133,0,1,0
BRDA:133,0,2,0
DA:134,24
BRDA:134,0,0,24
BRDA:134,0,1,0
BRDA:134,0,2,0
DA:137,0
BRDA:137,0,0,0
BRDA:137,0,1,0
BRDA:137,0,2,0
DA:138,0
BRDA:138,0,0,0
BRDA:138,0,1,0
BRDA:138,0,2,0
BRDA:138,0,3,0
BRDA:138,0,4,0
BRDA:138,0,5,0
DA:139,0
BRDA:139,0,0,0
BRDA:139,0,1,0
BRDA:139,0,2,0
DA:141,0
BRDA:141,0,0,0
BRDA:141,0,1,0
BRDA:141,0,2,0
DA:144,24
BRDA:144,0,0,24
BRDA:144,0,1,0
BRDA:144,0,2,0
DA:145,24
BRDA:145,0,0,0
BRDA:145,0,1,0
BRDA:145,0,2,0
BRDA:145,0,3,24
BRDA:145,0,4,0
BRDA:145,0,5,0
DA:146,0
BRDA:146,0,0,0
BRDA:146,0,1,0
BRDA:146,0,2,0
DA:149,24
BRDA:149,0,0,24
BRDA:149,0,1,0
BRDA:149,0,2,0
DA:150,24
BRDA:150,0,0,24
BRDA:150,0,1,0
BRDA:150,0,2,0
DA:153,0
BRDA:153,0,0,0
BRDA:153,0,1,0
BRDA:153,0,2,0
DA:154,0
BRDA:154,0,0,0
BRDA:154,0,1,0
BRDA:154,0,2,0
DA:157,0
BRDA:157,0,0,0
BRDA:157,0,1,0
BRDA:157,0,2,0
DA:158,0
BRDA:158,0,0,0
BRDA:158,0,1,0
BRDA:158,0,2,0
DA:161,0
BRDA:161,0,0,0
BRDA:161,0,1,0
BRDA:161,0,2,0
DA:162,0
BRDA:162,0,0,0
BRDA:162,0,1,0
BRDA:162,0,2,0
DA:171,0
BRDA:171,0,0,0
BRDA:171,0,1,0
BRDA:171,0,2,0
DA:172,0
BRDA:172,0,0,0
BRDA:172,0,1,0
BRDA:172,0,2,0
DA:173,0
BRDA:173,0,0,0
BRDA:173,0,1,0
BRDA:173,0,2,0
DA:175,0
BRDA:175,0,0,0
BRDA:175,0,1,0
BRDA:175,0,2,0
DA:176,0
BRDA:176,0,0,0
BRDA:176,0,1,0
BRDA:176,0,2,0
DA:178,0
BRDA:178,0,0,0
BRDA:178,0,1,0
BRDA:178,0,2,0
BRDA:178,0,3,0
BRDA:178,0,4,0
BRDA:178,0,5,0
DA:179,0
BRDA:179,0,0,0
BRDA:179,0,1,0
BRDA:179,0,2,0
DA:180,0
BRDA:180,0,0,0
BRDA:180,0,1,0
BRDA:180,0,2,0
BRF:174
BRH:10
end_of_record
SF:/home/matheus/tools/1800.2-2017-1.0/src/tlm1/uvm_tlm_ifs.svh
DA:50,11
BRDA:50,0,0,2
BRDA:50,0,1,11
BRDA:50,0,2,0
BRDA:50,0,3,0
DA:62,0
BRDA:62,0,0,0
BRDA:62,0,1,0
BRDA:62,0,2,0
BRDA:62,0,3,0
DA:63,0
BRDA:63,0,0,0
BRDA:63,0,1,0
BRDA:63,0,2,0
BRDA:63,0,3,0
DA:80,0
BRDA:80,0,0,0
BRDA:80,0,1,0
BRDA:80,0,2,0
BRDA:80,0,3,0
DA:81,0
BRDA:81,0,0,0
BRDA:81,0,1,0
BRDA:81,0,2,0
BRDA:81,0,3,0
DA:99,0
BRDA:99,0,0,0
BRDA:99,0,1,0
BRDA:99,0,2,0
BRDA:99,0,3,0
DA:100,0
BRDA:100,0,0,0
BRDA:100,0,1,0
BRDA:100,0,2,0
BRDA:100,0,3,0
DA:114,0
BRDA:114,0,0,0
BRDA:114,0,1,0
BRDA:114,0,2,0
BRDA:114,0,3,0
DA:115,0
BRDA:115,0,0,0
BRDA:115,0,1,0
BRDA:115,0,2,0
BRDA:115,0,3,0
DA:116,0
BRDA:116,0,0,0
BRDA:116,0,1,0
BRDA:116,0,2,0
BRDA:116,0,3,0
DA:125,0
BRDA:125,0,0,0
BRDA:125,0,1,0
BRDA:125,0,2,0
BRDA:125,0,3,0
DA:126,0
BRDA:126,0,0,0
BRDA:126,0,1,0
BRDA:126,0,2,0
BRDA:126,0,3,0
DA:127,0
BRDA:127,0,0,0
BRDA:127,0,1,0
BRDA:127,0,2,0
BRDA:127,0,3,0
DA:142,0
BRDA:142,0,0,0
BRDA:142,0,1,0
BRDA:142,0,2,0
BRDA:142,0,3,0
DA:143,0
BRDA:143,0,0,0
BRDA:143,0,1,0
BRDA:143,0,2,0
BRDA:143,0,3,0
DA:144,0
BRDA:144,0,0,0
BRDA:144,0,1,0
BRDA:144,0,2,0
BRDA:144,0,3,0
DA:154,0
BRDA:154,0,0,0
BRDA:154,0,1,0
BRDA:154,0,2,0
BRDA:154,0,3,0
DA:155,0
BRDA:155,0,0,0
BRDA:155,0,1,0
BRDA:155,0,2,0
BRDA:155,0,3,0
DA:156,0
BRDA:156,0,0,0
BRDA:156,0,1,0
BRDA:156,0,2,0
BRDA:156,0,3,0
DA:172,0
BRDA:172,0,0,0
BRDA:172,0,1,0
BRDA:172,0,2,0
BRDA:172,0,3,0
DA:173,0
BRDA:173,0,0,0
BRDA:173,0,1,0
BRDA:173,0,2,0
BRDA:173,0,3,0
DA:174,0
BRDA:174,0,0,0
BRDA:174,0,1,0
BRDA:174,0,2,0
BRDA:174,0,3,0
DA:183,0
BRDA:183,0,0,0
BRDA:183,0,1,0
BRDA:183,0,2,0
BRDA:183,0,3,0
DA:184,0
BRDA:184,0,0,0
BRDA:184,0,1,0
BRDA:184,0,2,0
BRDA:184,0,3,0
DA:185,0
BRDA:185,0,0,0
BRDA:185,0,1,0
BRDA:185,0,2,0
BRDA:185,0,3,0
DA:197,0
BRDA:197,0,0,0
BRDA:197,0,1,0
BRDA:197,0,2,0
BRDA:197,0,3,0
DA:198,0
BRDA:198,0,0,0
BRDA:198,0,1,0
BRDA:198,0,2,0
BRDA:198,0,3,0
DA:213,0
BRDA:213,0,0,0
BRDA:213,0,1,0
BRDA:213,0,2,0
BRDA:213,0,3,0
DA:214,0
BRDA:214,0,0,0
BRDA:214,0,1,0
BRDA:214,0,2,0
BRDA:214,0,3,0
DA:215,0
BRDA:215,0,0,0
BRDA:215,0,1,0
BRDA:215,0,2,0
BRDA:215,0,3,0
DA:227,0
BRDA:227,0,0,0
BRDA:227,0,1,0
BRDA:227,0,2,0
BRDA:227,0,3,0
DA:228,0
BRDA:228,0,0,0
BRDA:228,0,1,0
BRDA:228,0,2,0
BRDA:228,0,3,0
BRF:128
BRH:1
end_of_record
SF:/home/matheus/tools/1800.2-2017-1.0/src/tlm2/uvm_tlm2_generic_payload.svh
DA:50,0
BRDA:50,0,0,0
BRDA:50,0,1,0
BRDA:50,0,2,0
BRDA:50,0,3,0
BRDA:50,0,4,0
DA:77,0
BRDA:77,0,0,0
BRDA:77,0,1,0
BRDA:77,0,2,0
BRDA:77,0,3,0
DA:365,0
BRDA:365,0,0,0
BRDA:365,0,1,0
BRDA:365,0,2,0
BRDA:365,0,3,0
BRDA:365,0,4,0
BRDA:365,0,5,0
BRDA:365,0,6,0
DA:374,0
BRDA:374,0,0,0
BRDA:374,0,1,0
DA:375,0
DA:376,0
DA:377,0
DA:378,0
DA:379,0
DA:380,0
DA:381,0
DA:382,0
DA:388,0
DA:389,0
DA:390,0
DA:391,0
DA:392,0
DA:393,0
DA:394,0
DA:395,0
DA:397,0
DA:398,0
BRDA:398,0,0,0
BRDA:398,0,1,0
BRDA:398,0,2,0
BRDA:398,0,3,0
BRDA:398,0,4,0
DA:399,0
BRDA:399,0,0,0
BRDA:399,0,1,0
DA:400,0
DA:401,0
DA:402,0
BRDA:402,0,0,0
BRDA:402,0,1,0
BRDA:402,0,2,0
DA:405,0
DA:406,0
DA:408,0
DA:410,0
DA:411,0
DA:412,0
DA:413,0
BRDA:413,0,0,0
BRDA:413,0,1,0
BRDA:413,0,2,0
BRDA:413,0,3,0
DA:414,0
DA:415,0
DA:416,0
DA:418,0
DA:425,0
DA:426,0
DA:427,0
DA:428,0
DA:429,0
DA:430,0
DA:431,0
DA:432,0
DA:433,0
DA:434,0
DA:435,0
DA:436,0
DA:437,0
DA:439,0
DA:440,0
BRDA:440,0,0,0
BRDA:440,0,1,0
BRDA:440,0,2,0
BRDA:440,0,3,0
DA:441,0
DA:471,0
DA:472,0
DA:473,0
DA:474,0
DA:476,0
BRDA:476,0,0,0
BRDA:476,0,1,0
BRDA:476,0,2,0
BRDA:476,0,3,0
DA:477,0
BRDA:477,0,0,0
BRDA:477,0,1,0
BRDA:477,0,2,0
BRDA:477,0,3,0
DA:478,0
BRDA:478,0,0,0
BRDA:478,0,1,0
BRDA:478,0,2,0
BRDA:478,0,3,0
DA:479,0
BRDA:479,0,0,0
BRDA:479,0,1,0
BRDA:479,0,2,0
BRDA:479,0,3,0
DA:480,0
BRDA:480,0,0,0
BRDA:480,0,1,0
BRDA:480,0,2,0
BRDA:480,0,3,0
DA:481,0
BRDA:481,0,0,0
BRDA:481,0,1,0
BRDA:481,0,2,0
BRDA:481,0,3,0
DA:482,0
BRDA:482,0,0,0
BRDA:482,0,1,0
BRDA:482,0,2,0
BRDA:482,0,3,0
DA:484,0
BRDA:484,0,0,0
BRDA:484,0,1,0
DA:485,0
DA:487,0
BRDA:487,0,0,0
BRDA:487,0,1,0
BRDA:487,0,2,0
BRDA:487,0,3,0
BRDA:487,0,4,0
DA:488,0
BRDA:488,0,0,0
BRDA:488,0,1,0
BRDA:488,0,2,0
BRDA:488,0,3,0
DA:492,0
BRDA:492,0,0,0
BRDA:492,0,1,0
DA:493,0
DA:495,0
DA:496,0
BRDA:496,0,0,0
BRDA:496,0,1,0
BRDA:496,0,2,0
BRDA:496,0,3,0
BRDA:496,0,4,0
DA:497,0
BRDA:497,0,0,0
BRDA:497,0,1,0
DA:498,0
DA:500,0
DA:501,0
DA:503,0
BRDA:503,0,0,0
BRDA:503,0,1,0
BRDA:503,0,2,0
BRDA:503,0,3,0
DA:507,0
BRDA:507,0,0,0
BRDA:507,0,1,0
DA:508,0
BRDA:508,0,0,0
BRDA:508,0,1,0
BRDA:508,0,2,0
BRDA:508,0,3,0
DA:509,0
DA:510,0
DA:513,0
DA:514,0
DA:516,0
BRDA:516,0,0,0
BRDA:516,0,1,0
DA:517,0
DA:521,0
BRDA:521,0,0,0
BRDA:521,0,1,0
DA:522,0
DA:523,0
DA:524,0
DA:525,0
DA:528,0
DA:557,0
DA:558,0
DA:559,0
BRDA:559,0,0,0
BRDA:559,0,1,0
DA:562,0
BRDA:562,0,0,0
BRDA:562,0,1,0
BRDA:562,0,2,0
DA:563,0
BRDA:563,0,0,0
BRDA:563,0,1,0
DA:566,0
BRDA:566,0,0,0
BRDA:566,0,1,0
BRDA:566,0,2,0
DA:567,0
DA:568,0
DA:569,0
DA:570,0
DA:571,0
BRDA:571,0,0,0
BRDA:571,0,1,0
DA:572,0
DA:573,0
DA:574,0
DA:575,0
BRDA:575,0,0,0
BRDA:575,0,1,0
DA:576,0
DA:577,0
DA:592,0
DA:593,0
DA:594,0
DA:595,0
DA:596,0
DA:597,0
DA:598,0
BRDA:598,0,0,0
BRDA:598,0,1,0
DA:599,0
DA:600,0
BRDA:600,0,0,0
BRDA:600,0,1,0
DA:601,0
DA:602,0
DA:603,0
DA:604,0
BRDA:604,0,0,0
BRDA:604,0,1,0
DA:605,0
DA:606,0
BRDA:606,0,0,0
BRDA:606,0,1,0
DA:607,0
DA:608,0
DA:615,0
DA:616,0
BRDA:616,0,0,0
BRDA:616,0,1,0
BRDA:616,0,2,0
BRDA:616,0,3,0
DA:617,0
DA:618,0
DA:619,0
BRDA:619,0,0,0
BRDA:619,0,1,0
BRDA:619,0,2,0
BRDA:619,0,3,0
BRDA:619,0,4,0
DA:620,0
BRDA:620,0,0,0
BRDA:620,0,1,0
BRDA:620,0,2,0
BRDA:620,0,3,0
DA:621,0
BRDA:621,0,0,0
BRDA:621,0,1,0
BRDA:621,0,2,0
BRDA:621,0,3,0
BRDA:621,0,4,0
DA:622,0
BRDA:622,0,0,0
BRDA:622,0,1,0
BRDA:622,0,2,0
BRDA:622,0,3,0
BRDA:622,0,4,0
DA:623,0
BRDA:623,0,0,0
BRDA:623,0,1,0
BRDA:623,0,2,0
BRDA:623,0,3,0
DA:624,0
BRDA:624,0,0,0
BRDA:624,0,1,0
BRDA:624,0,2,0
BRDA:624,0,3,0
BRDA:624,0,4,0
DA:626,0
BRDA:626,0,0,0
BRDA:626,0,1,0
DA:627,0
BRDA:627,0,0,0
BRDA:627,0,1,0
BRDA:627,0,2,0
BRDA:627,0,3,0
BRDA:627,0,4,0
DA:629,0
BRDA:629,0,0,0
BRDA:629,0,1,0
DA:630,0
BRDA:630,0,0,0
BRDA:630,0,1,0
BRDA:630,0,2,0
BRDA:630,0,3,0
BRDA:630,0,4,0
DA:632,0
BRDA:632,0,0,0
BRDA:632,0,1,0
BRDA:632,0,2,0
BRDA:632,0,3,0
DA:633,0
DA:639,0
DA:641,0
DA:642,0
DA:644,0
DA:645,0
DA:647,0
BRDA:647,0,0,0
BRDA:647,0,1,0
DA:648,0
BRDA:648,0,0,0
BRDA:648,0,1,0
DA:649,0
DA:651,0
DA:652,0
DA:655,0
DA:657,0
DA:679,0
DA:680,0
DA:688,0
DA:689,0
DA:698,0
DA:699,0
DA:708,0
DA:709,0
DA:718,0
DA:719,0
DA:728,0
DA:729,0
DA:734,0
DA:735,0
DA:742,0
DA:743,0
DA:751,0
DA:752,0
DA:760,0
DA:761,0
DA:768,0
DA:769,0
DA:776,0
DA:777,0
DA:784,0
DA:785,0
DA:794,0
DA:795,0
DA:800,0
DA:801,0
DA:809,0
DA:810,0
DA:817,0
DA:818,0
DA:827,0
DA:828,0
DA:836,0
DA:837,0
DA:845,0
DA:846,0
DA:854,0
DA:855,0
DA:863,0
DA:864,0
DA:873,0
DA:874,0
DA:883,0
DA:884,0
BRDA:884,0,0,0
BRDA:884,0,1,0
BRDA:884,0,2,0
BRDA:884,0,3,0
BRDA:884,0,4,0
DA:893,0
DA:895,0
DA:896,0
DA:897,0
DA:898,0
DA:899,0
DA:900,0
DA:901,0
DA:902,0
DA:906,0
DA:923,0
DA:924,0
DA:925,0
BRDA:925,0,0,0
BRDA:925,0,1,0
DA:926,0
DA:928,0
DA:929,0
DA:938,0
DA:939,0
DA:949,0
DA:950,0
BRDA:950,0,0,0
BRDA:950,0,1,0
DA:951,0
DA:952,0
DA:961,0
DA:962,0
BRDA:962,0,0,0
BRDA:962,0,1,0
DA:963,0
DA:965,0
BRDA:965,0,0,0
BRDA:965,0,1,0
BRDA:965,0,2,0
DA:974,0
DA:975,0
DA:982,0
DA:983,0
DA:984,0
DA:985,0
BRDA:985,0,0,0
BRDA:985,0,1,0
BRDA:985,0,2,0
BRDA:985,0,3,0
DA:986,0
DA:987,0
DA:994,0
DA:995,0
DA:1015,0
DA:1016,0
DA:1025,0
DA:1033,0
DA:1035,0
DA:1036,0
DA:1042,0
DA:1043,0
BRF:192
BRH:0
end_of_record
SF:/home/matheus/tools/1800.2-2017-1.0/src/tlm2/uvm_tlm_time.svh
DA:39,1
DA:54,0
DA:56,0
DA:68,0
DA:69,0
DA:70,0
BRDA:70,0,0,0
BRDA:70,0,1,0
BRDA:70,0,2,0
DA:71,0
DA:79,0
DA:80,0
DA:87,0
DA:88,0
DA:94,0
DA:96,0
DA:113,0
DA:114,0
DA:132,0
DA:133,0
BRDA:133,0,0,0
BRDA:133,0,1,0
DA:134,0
BRDA:134,0,0,0
BRDA:134,0,1,0
BRDA:134,0,2,0
DA:135,0
DA:137,0
BRDA:137,0,0,0
BRDA:137,0,1,0
DA:139,0
BRDA:139,0,0,0
BRDA:139,0,1,0
BRDA:139,0,2,0
DA:142,0
DA:159,0
DA:160,0
BRDA:160,0,0,0
BRDA:160,0,1,0
DA:161,0
BRDA:161,0,0,0
BRDA:161,0,1,0
BRDA:161,0,2,0
DA:162,0
DA:164,0
BRDA:164,0,0,0
BRDA:164,0,1,0
DA:166,0
BRDA:166,0,0,0
BRDA:166,0,1,0
BRDA:166,0,2,0
DA:169,0
DA:171,0
BRDA:171,0,0,0
BRDA:171,0,1,0
DA:172,0
BRDA:172,0,0,0
BRDA:172,0,1,0
BRDA:172,0,2,0
DA:173,0
DA:189,0
DA:190,0
DA:205,0
DA:206,0
BRF:28
BRH:0
end_of_record
SF:/usr/local/share/verilator/include/verilated_std.sv
DA:40,2
BRDA:40,0,0,2
BRDA:40,0,1,1
BRDA:40,0,2,0
BRDA:40,0,3,0
DA:41,2
BRDA:41,0,0,2
BRDA:41,0,1,1
BRDA:41,0,2,0
BRDA:41,0,3,0
DA:44,96
BRDA:44,0,0,96
BRDA:44,0,1,27
BRDA:44,0,2,0
BRDA:44,0,3,0
DA:45,96
BRDA:45,0,0,96
BRDA:45,0,1,27
BRDA:45,0,2,0
BRDA:45,0,3,0
DA:48,0
BRDA:48,0,0,0
BRDA:48,0,1,0
BRDA:48,0,2,0
BRDA:48,0,3,0
DA:50,0
BRDA:50,0,0,0
BRDA:50,0,1,0
BRDA:50,0,2,0
BRDA:50,0,3,0
DA:51,0
BRDA:51,0,0,0
BRDA:51,0,1,0
BRDA:51,0,2,0
BRDA:51,0,3,0
DA:52,0
BRDA:52,0,0,0
BRDA:52,0,1,0
BRDA:52,0,2,0
BRDA:52,0,3,0
DA:56,27
BRDA:56,0,0,24
BRDA:56,0,1,27
BRDA:56,0,2,0
BRDA:56,0,3,0
DA:57,27
BRDA:57,0,0,24
BRDA:57,0,1,0
BRDA:57,0,2,0
BRDA:57,0,3,0
BRDA:57,0,4,27
BRDA:57,0,5,0
BRDA:57,0,6,0
BRDA:57,0,7,0
BRDA:57,0,8,0
BRDA:57,0,9,0
BRDA:57,0,10,0
BRDA:57,0,11,0
BRDA:57,0,12,0
BRDA:57,0,13,0
BRDA:57,0,14,0
BRDA:57,0,15,0
BRDA:57,0,16,0
BRDA:57,0,17,0
BRDA:57,0,18,0
BRDA:57,0,19,0
DA:58,0
BRDA:58,0,0,0
BRDA:58,0,1,0
BRDA:58,0,2,0
BRDA:58,0,3,0
DA:59,0
BRDA:59,0,0,0
BRDA:59,0,1,0
BRDA:59,0,2,0
BRDA:59,0,3,0
DA:61,27
BRDA:61,0,0,24
BRDA:61,0,1,27
BRDA:61,0,2,0
BRDA:61,0,3,0
DA:64,27
BRDA:64,0,0,0
BRDA:64,0,1,27
BRDA:64,0,2,0
BRDA:64,0,3,0
DA:66,24
BRDA:66,0,0,0
BRDA:66,0,1,24
BRDA:66,0,2,0
BRDA:66,0,3,0
DA:67,24
BRDA:67,0,0,0
BRDA:67,0,1,24
BRDA:67,0,2,0
BRDA:67,0,3,0
DA:69,27
BRDA:69,0,0,0
BRDA:69,0,1,27
BRDA:69,0,2,0
BRDA:69,0,3,0
DA:73,24
BRDA:73,0,0,24
BRDA:73,0,1,0
BRDA:73,0,2,0
BRDA:73,0,3,0
DA:74,0
BRDA:74,0,0,0
BRDA:74,0,1,0
BRDA:74,0,2,0
BRDA:74,0,3,0
BRDA:74,0,4,0
BRDA:74,0,5,0
BRDA:74,0,6,0
BRDA:74,0,7,0
DA:75,0
BRDA:75,0,0,0
BRDA:75,0,1,0
BRDA:75,0,2,0
BRDA:75,0,3,0
DA:76,0
BRDA:76,0,0,0
BRDA:76,0,1,0
BRDA:76,0,2,0
BRDA:76,0,3,0
DA:78,24
BRDA:78,0,0,24
BRDA:78,0,1,0
BRDA:78,0,2,0
BRDA:78,0,3,0
DA:81,24
BRDA:81,0,0,24
BRDA:81,0,1,0
BRDA:81,0,2,0
BRDA:81,0,3,0
DA:83,24
BRDA:83,0,0,24
BRDA:83,0,1,0
BRDA:83,0,2,0
BRDA:83,0,3,0
DA:84,24
BRDA:84,0,0,24
BRDA:84,0,1,0
BRDA:84,0,2,0
BRDA:84,0,3,0
DA:86,24
BRDA:86,0,0,24
BRDA:86,0,1,0
BRDA:86,0,2,0
BRDA:86,0,3,0
DA:90,0
BRDA:90,0,0,0
BRDA:90,0,1,0
BRDA:90,0,2,0
BRDA:90,0,3,0
DA:91,0
BRDA:91,0,0,0
BRDA:91,0,1,0
BRDA:91,0,2,0
BRDA:91,0,3,0
BRDA:91,0,4,0
BRDA:91,0,5,0
BRDA:91,0,6,0
BRDA:91,0,7,0
DA:92,0
BRDA:92,0,0,0
BRDA:92,0,1,0
BRDA:92,0,2,0
BRDA:92,0,3,0
DA:93,0
BRDA:93,0,0,0
BRDA:93,0,1,0
BRDA:93,0,2,0
BRDA:93,0,3,0
DA:95,0
BRDA:95,0,0,0
BRDA:95,0,1,0
BRDA:95,0,2,0
BRDA:95,0,3,0
DA:103,0
DA:104,0
DA:107,0
DA:108,0
DA:111,0
DA:113,0
DA:114,0
DA:116,0
DA:120,0
DA:121,0
BRDA:121,0,0,0
BRDA:121,0,1,0
DA:122,0
DA:123,0
DA:125,0
DA:130,1318
DA:142,793
DA:143,793
DA:145,793
DA:147,793
DA:150,14
DA:152,14
DA:156,48
DA:158,48
DA:164,14
DA:165,14
DA:172,0
DA:173,0
DA:176,0
DA:178,0
BRDA:178,0,0,0
BRDA:178,0,1,0
BRDA:178,0,2,0
BRDA:178,0,3,0
DA:182,0
DA:184,0
DA:185,0
DA:229,137
DA:231,137
DA:233,137
DA:234,137
DA:237,137
DA:238,137
DA:243,0
DA:244,0
BRF:154
BRH:20
end_of_record
